{
  "_metadata": {
    "attack_id": "T1021.001",
    "variation": "001",
    "name": "RDP Lateral Movement",
    "description": "Attacker using RDP to move laterally within network",
    "expected_detection": "MEDIUM",
    "expected_soar": "lateral-movement-detection",
    "kill_chain_phase": "lateral-movement",
    "format": "wazuh-native",
    "format_version": "1.0"
  },
  "logs": [
    {
      "_comment": "Sysmon Event 1 - mstsc.exe execution",
      "sequence": 1,
      "timestamp": "2026-01-29T13:00:00.000Z",
      "log": {
        "timestamp": "",
        "rule": {
          "level": 12,
          "description": "Sysmon - Event 1: RDP Lateral Movement",
          "id": "100100",
          "mitre": {
            "id": [
              "T1021.001"
            ],
            "tactic": [
              "Lateral Movement"
            ],
            "technique": [
              "RDP Lateral Movement"
            ]
          },
          "firedtimes": 1,
          "mail": false,
          "groups": [
            "sysmon",
            "sysmon_event1",
            "windows"
          ]
        },
        "agent": {
          "id": "007",
          "name": "WS01",
          "ip": "10.1.0.20"
        },
        "manager": {
          "name": "wazuh.manager"
        },
        "id": "1700000000.260015108",
        "decoder": {
          "name": "windows_eventchannel"
        },
        "location": "EventChannel",
        "data": {
          "win": {
            "system": {
              "eventID": "1",
              "channel": "Microsoft-Windows-Sysmon/Operational",
              "providerName": "Microsoft-Windows-Sysmon",
              "computer": "WS01.corp.local",
              "level": "4",
              "task": "1",
              "opcode": "0",
              "keywords": "0x8000000000000000",
              "severityValue": "INFORMATION"
            },
            "eventdata": {
              "utcTime": "2026-01-29 13:00:00.000",
              "processGuid": "{RDP-001-0001-0001-000000000001}",
              "processId": "11000",
              "image": "C:\\Windows\\System32\\mstsc.exe",
              "commandLine": "mstsc.exe /v:FILESERVER01.corp.local",
              "currentDirectory": "C:\\Users\\admin.user\\",
              "user": "CORP\\admin.user",
              "integrityLevel": "Medium",
              "parentProcessGuid": "{RDP-001-0001-0001-000000000000}",
              "parentProcessId": "10800",
              "parentImage": "C:\\Windows\\explorer.exe",
              "parentCommandLine": "C:\\Windows\\Explorer.EXE"
            }
          }
        }
      }
    },
    {
      "_comment": "Sysmon Event 3 - RDP connection",
      "sequence": 2,
      "timestamp": "2026-01-29T13:00:01.000Z",
      "log": {
        "timestamp": "",
        "rule": {
          "level": 12,
          "description": "Sysmon - Event 3: RDP Lateral Movement",
          "id": "100100",
          "mitre": {
            "id": [
              "T1021.001"
            ],
            "tactic": [
              "Lateral Movement"
            ],
            "technique": [
              "RDP Lateral Movement"
            ]
          },
          "firedtimes": 1,
          "mail": false,
          "groups": [
            "sysmon",
            "sysmon_event3",
            "windows"
          ]
        },
        "agent": {
          "id": "007",
          "name": "WS01",
          "ip": "10.1.0.20"
        },
        "manager": {
          "name": "wazuh.manager"
        },
        "id": "1700000000.421487879",
        "decoder": {
          "name": "windows_eventchannel"
        },
        "location": "EventChannel",
        "data": {
          "win": {
            "system": {
              "eventID": "3",
              "channel": "Microsoft-Windows-Sysmon/Operational",
              "providerName": "Microsoft-Windows-Sysmon",
              "computer": "WS01.corp.local",
              "level": "4",
              "task": "1",
              "opcode": "0",
              "keywords": "0x8000000000000000",
              "severityValue": "INFORMATION"
            },
            "eventdata": {
              "utcTime": "2026-01-29 13:00:01.000",
              "processGuid": "{RDP-001-0001-0001-000000000001}",
              "processId": "11000",
              "image": "C:\\Windows\\System32\\mstsc.exe",
              "user": "CORP\\admin.user",
              "protocol": "tcp",
              "initiated": "true",
              "sourceIp": "10.1.1.50",
              "sourcePort": "57000",
              "destinationIp": "10.1.1.20",
              "destinationHostname": "FILESERVER01.corp.local",
              "destinationPort": "3389"
            }
          }
        }
      }
    },
    {
      "_comment": "Windows Security Event 4624 - Remote Interactive Logon on target",
      "sequence": 3,
      "timestamp": "2026-01-29T13:00:05.000Z",
      "log": {
        "timestamp": "",
        "rule": {
          "level": 12,
          "description": "Sysmon - Event 4624: RDP Lateral Movement",
          "id": "100100",
          "mitre": {
            "id": [
              "T1021.001"
            ],
            "tactic": [
              "Lateral Movement"
            ],
            "technique": [
              "RDP Lateral Movement"
            ]
          },
          "firedtimes": 1,
          "mail": false,
          "groups": [
            "sysmon",
            "sysmon_event4624",
            "windows"
          ]
        },
        "agent": {
          "id": "003",
          "name": "FILESERVER01",
          "ip": "10.1.0.20"
        },
        "manager": {
          "name": "wazuh.manager"
        },
        "id": "1700000000.852385336",
        "decoder": {
          "name": "windows_eventchannel"
        },
        "location": "EventChannel",
        "data": {
          "win": {
            "system": {
              "eventID": "4624",
              "channel": "Security",
              "providerName": "Microsoft-Windows-Security-Auditing",
              "computer": "FILESERVER01.corp.local",
              "level": "4",
              "task": "1",
              "opcode": "0",
              "keywords": "0x8000000000000000",
              "severityValue": "INFORMATION"
            },
            "eventdata": {
              "subjectUserSid": "S-1-0-0",
              "subjectUserName": "-",
              "subjectDomainName": "-",
              "subjectLogonId": "0x0",
              "targetUserSid": "S-1-5-21-1234567890-1234567890-1234567890-500",
              "targetUserName": "admin.user",
              "targetDomainName": "CORP",
              "targetLogonId": "0xAB123",
              "logonType": "10",
              "logonProcessName": "User32",
              "authenticationPackageName": "Negotiate",
              "workstationName": "WS01",
              "logonGuid": "{12345678-abcd-1234-abcd-123456789012}",
              "transmittedServices": "-",
              "lmPackageName": "-",
              "keyLength": "0",
              "processId": "0x0",
              "processName": "-",
              "ipAddress": "10.1.1.50",
              "ipPort": "57000"
            }
          }
        }
      }
    }
  ]
}