{
  "_metadata": {
    "attack_id": "T1218.011",
    "variation": "001",
    "name": "Rundll32 Malicious DLL Execution",
    "description": "Attacker uses rundll32.exe to execute malicious DLL",
    "expected_detection": "HIGH",
    "expected_soar": "lolbins-abuse-detection",
    "kill_chain_phase": "execution",
    "notes": "Common LOLBin technique for execution",
    "format": "wazuh-native",
    "format_version": "1.0"
  },
  "logs": [
    {
      "_comment": "Rundll32 executing suspicious DLL",
      "sequence": 1,
      "timestamp": "2026-01-29T15:00:00.000Z",
      "log": {
        "timestamp": "",
        "rule": {
          "level": 12,
          "description": "Sysmon - Event 1: Rundll32 Malicious DLL Execution",
          "id": "100100",
          "mitre": {
            "id": [
              "T1218.011"
            ],
            "tactic": [
              "Execution"
            ],
            "technique": [
              "Rundll32 Malicious DLL Execution"
            ]
          },
          "firedtimes": 1,
          "mail": false,
          "groups": [
            "sysmon",
            "sysmon_event1",
            "windows"
          ]
        },
        "agent": {
          "id": "007",
          "name": "WS01",
          "ip": "10.1.0.20"
        },
        "manager": {
          "name": "wazuh.manager"
        },
        "id": "1700000000.495593381",
        "decoder": {
          "name": "windows_eventchannel"
        },
        "location": "EventChannel",
        "data": {
          "win": {
            "system": {
              "eventID": "1",
              "channel": "Microsoft-Windows-Sysmon/Operational",
              "providerName": "Microsoft-Windows-Sysmon",
              "computer": "WS01.corp.local",
              "level": "4",
              "task": "1",
              "opcode": "0",
              "keywords": "0x8000000000000000",
              "severityValue": "INFORMATION"
            },
            "eventdata": {
              "utcTime": "2026-01-29 15:00:00.000",
              "processGuid": "{T1218011-0001-0001-0001-000000000001}",
              "processId": "8000",
              "image": "C:\\Windows\\System32\\rundll32.exe",
              "commandLine": "rundll32.exe C:\\Users\\Public\\update.dll,DllMain",
              "currentDirectory": "C:\\Users\\john.doe\\",
              "user": "CORP\\john.doe",
              "integrityLevel": "Medium",
              "parentProcessGuid": "{T1218011-0001-0001-0000-000000000001}",
              "parentProcessId": "5000",
              "parentImage": "C:\\Windows\\explorer.exe",
              "parentCommandLine": "C:\\Windows\\explorer.exe"
            }
          }
        }
      }
    },
    {
      "_comment": "DLL loaded by rundll32",
      "sequence": 2,
      "timestamp": "2026-01-29T15:00:00.500Z",
      "log": {
        "timestamp": "",
        "rule": {
          "level": 12,
          "description": "Sysmon - Event 7: Rundll32 Malicious DLL Execution",
          "id": "100100",
          "mitre": {
            "id": [
              "T1218.011"
            ],
            "tactic": [
              "Execution"
            ],
            "technique": [
              "Rundll32 Malicious DLL Execution"
            ]
          },
          "firedtimes": 1,
          "mail": false,
          "groups": [
            "sysmon",
            "sysmon_event7",
            "windows"
          ]
        },
        "agent": {
          "id": "007",
          "name": "WS01",
          "ip": "10.1.0.20"
        },
        "manager": {
          "name": "wazuh.manager"
        },
        "id": "1700000000.438550876",
        "decoder": {
          "name": "windows_eventchannel"
        },
        "location": "EventChannel",
        "data": {
          "win": {
            "system": {
              "eventID": "7",
              "channel": "Microsoft-Windows-Sysmon/Operational",
              "providerName": "Microsoft-Windows-Sysmon",
              "computer": "WS01.corp.local",
              "level": "4",
              "task": "1",
              "opcode": "0",
              "keywords": "0x8000000000000000",
              "severityValue": "INFORMATION"
            },
            "eventdata": {
              "utcTime": "2026-01-29 15:00:00.500",
              "processGuid": "{T1218011-0001-0001-0001-000000000001}",
              "processId": "8000",
              "image": "C:\\Windows\\System32\\rundll32.exe",
              "imageLoaded": "C:\\Users\\Public\\update.dll",
              "signed": "false",
              "signatureStatus": "Unavailable"
            }
          }
        }
      }
    },
    {
      "_comment": "Network callback from rundll32",
      "sequence": 3,
      "timestamp": "2026-01-29T15:00:01.000Z",
      "log": {
        "timestamp": "",
        "rule": {
          "level": 12,
          "description": "Sysmon - Event 3: Rundll32 Malicious DLL Execution",
          "id": "100100",
          "mitre": {
            "id": [
              "T1218.011"
            ],
            "tactic": [
              "Execution"
            ],
            "technique": [
              "Rundll32 Malicious DLL Execution"
            ]
          },
          "firedtimes": 1,
          "mail": false,
          "groups": [
            "sysmon",
            "sysmon_event3",
            "windows"
          ]
        },
        "agent": {
          "id": "007",
          "name": "WS01",
          "ip": "10.1.0.20"
        },
        "manager": {
          "name": "wazuh.manager"
        },
        "id": "1700000000.695735257",
        "decoder": {
          "name": "windows_eventchannel"
        },
        "location": "EventChannel",
        "data": {
          "win": {
            "system": {
              "eventID": "3",
              "channel": "Microsoft-Windows-Sysmon/Operational",
              "providerName": "Microsoft-Windows-Sysmon",
              "computer": "WS01.corp.local",
              "level": "4",
              "task": "1",
              "opcode": "0",
              "keywords": "0x8000000000000000",
              "severityValue": "INFORMATION"
            },
            "eventdata": {
              "utcTime": "2026-01-29 15:00:01.000",
              "processGuid": "{T1218011-0001-0001-0001-000000000001}",
              "processId": "8000",
              "image": "C:\\Windows\\System32\\rundll32.exe",
              "user": "CORP\\john.doe",
              "protocol": "tcp",
              "initiated": "true",
              "sourceIp": "10.1.1.50",
              "sourcePort": "55000",
              "destinationIp": "185.220.101.45",
              "destinationPort": "443"
            }
          }
        }
      }
    }
  ]
}