{
  "_metadata": {
    "attack_id": "T1068",
    "variation": "001",
    "name": "PrintSpoofer Impersonation to SYSTEM",
    "description": "Service account with SeImpersonatePrivilege uses PrintSpoofer to exploit the Windows printer bug (named pipe impersonation via SpoolSS) to obtain a SYSTEM shell. Common post-exploitation technique after obtaining a web shell or service account access.",
    "expected_detection": "HIGH",
    "kill_chain_phase": "privilege-escalation",
    "format": "wazuh-native",
    "format_version": "1.0"
  },
  "logs": [
    {
      "_comment": "Sysmon Event 1 - whoami /priv showing SeImpersonatePrivilege on service account",
      "sequence": 1,
      "timestamp": "2026-02-21T14:20:00.000Z",
      "log": {
        "timestamp": "2026-02-21T14:20:00.000+0000",
        "rule": {
          "level": 3,
          "description": "Sysmon - Event 1: Process creation - whoami privilege enumeration",
          "id": "100101",
          "mitre": {
            "id": [
              "T1068"
            ],
            "tactic": [
              "Privilege Escalation"
            ],
            "technique": [
              "Exploitation for Privilege Escalation"
            ]
          },
          "firedtimes": 1,
          "mail": false,
          "groups": [
            "sysmon",
            "sysmon_event1",
            "windows"
          ]
        },
        "agent": {
          "id": "020",
          "name": "WS01",
          "ip": "198.51.100.20"
        },
        "manager": {
          "name": "wazuh.manager"
        },
        "id": "1740147600.300001",
        "decoder": {
          "name": "windows_eventchannel"
        },
        "location": "EventChannel",
        "data": {
          "win": {
            "system": {
              "eventID": "1",
              "channel": "Microsoft-Windows-Sysmon/Operational",
              "providerName": "Microsoft-Windows-Sysmon",
              "computer": "WS01.corp.local",
              "level": "4",
              "task": "1",
              "severityValue": "INFORMATION",
              "systemTime": "2026-02-21T14:20:00.000000000Z"
            },
            "eventdata": {
              "utcTime": "2026-02-21 14:20:00.000",
              "processGuid": "{C23-0003-CC01-0001-000000003001}",
              "processId": "8100",
              "image": "C:\\Windows\\System32\\whoami.exe",
              "commandLine": "whoami /priv",
              "currentDirectory": "C:\\inetpub\\wwwroot\\",
              "user": "NT AUTHORITY\\LOCAL SERVICE",
              "integrityLevel": "System",
              "hashes": "SHA256=E5F6A1B2C3D4E5F6A1B2C3D4E5F6A1B2C3D4E5F6A1B2C3D4E5F6A1B2C3D4E5F6",
              "parentProcessGuid": "{C23-0003-CC01-0001-000000002901}",
              "parentProcessId": "8000",
              "parentImage": "C:\\Windows\\System32\\cmd.exe",
              "parentCommandLine": "cmd.exe /c whoami /priv",
              "logonGuid": "{C23-0003-CC01-0001-000000002801}",
              "logonId": "0x3E5",
              "originalFileName": "whoami.exe"
            }
          }
        }
      }
    },
    {
      "_comment": "Sysmon Event 1 - PrintSpoofer64.exe exploiting printer bug for named pipe impersonation",
      "sequence": 2,
      "timestamp": "2026-02-21T14:20:15.000Z",
      "log": {
        "timestamp": "2026-02-21T14:20:15.000+0000",
        "rule": {
          "level": 14,
          "description": "Sysmon - Event 1: Process creation - PrintSpoofer privilege escalation tool execution",
          "id": "100101",
          "mitre": {
            "id": [
              "T1068"
            ],
            "tactic": [
              "Privilege Escalation"
            ],
            "technique": [
              "Exploitation for Privilege Escalation"
            ]
          },
          "firedtimes": 2,
          "mail": false,
          "groups": [
            "sysmon",
            "sysmon_event1",
            "windows"
          ]
        },
        "agent": {
          "id": "020",
          "name": "WS01",
          "ip": "198.51.100.20"
        },
        "manager": {
          "name": "wazuh.manager"
        },
        "id": "1740147615.300002",
        "decoder": {
          "name": "windows_eventchannel"
        },
        "location": "EventChannel",
        "data": {
          "win": {
            "system": {
              "eventID": "1",
              "channel": "Microsoft-Windows-Sysmon/Operational",
              "providerName": "Microsoft-Windows-Sysmon",
              "computer": "WS01.corp.local",
              "level": "4",
              "task": "1",
              "severityValue": "INFORMATION",
              "systemTime": "2026-02-21T14:20:15.000000000Z"
            },
            "eventdata": {
              "utcTime": "2026-02-21 14:20:15.000",
              "processGuid": "{C23-0003-CC01-0002-000000003002}",
              "processId": "8200",
              "image": "C:\\Users\\Public\\PrintSpoofer64.exe",
              "commandLine": "C:\\Users\\Public\\PrintSpoofer64.exe -i -c cmd",
              "currentDirectory": "C:\\Users\\Public\\",
              "user": "NT AUTHORITY\\LOCAL SERVICE",
              "integrityLevel": "System",
              "hashes": "SHA256=F6A1B2C3D4E5F6A1B2C3D4E5F6A1B2C3D4E5F6A1B2C3D4E5F6A1B2C3D4E5F6A1",
              "parentProcessGuid": "{C23-0003-CC01-0001-000000002901}",
              "parentProcessId": "8000",
              "parentImage": "C:\\Windows\\System32\\cmd.exe",
              "parentCommandLine": "cmd.exe",
              "logonGuid": "{C23-0003-CC01-0001-000000002801}",
              "logonId": "0x3E5",
              "originalFileName": "PrintSpoofer.exe"
            }
          }
        }
      }
    },
    {
      "_comment": "Sysmon Event 1 - cmd.exe spawned as SYSTEM by PrintSpoofer via impersonated token",
      "sequence": 3,
      "timestamp": "2026-02-21T14:20:17.000Z",
      "log": {
        "timestamp": "2026-02-21T14:20:17.000+0000",
        "rule": {
          "level": 14,
          "description": "Sysmon - Event 1: Process creation - cmd.exe executing as SYSTEM spawned by PrintSpoofer",
          "id": "100101",
          "mitre": {
            "id": [
              "T1068"
            ],
            "tactic": [
              "Privilege Escalation"
            ],
            "technique": [
              "Exploitation for Privilege Escalation"
            ]
          },
          "firedtimes": 3,
          "mail": false,
          "groups": [
            "sysmon",
            "sysmon_event1",
            "windows"
          ]
        },
        "agent": {
          "id": "020",
          "name": "WS01",
          "ip": "198.51.100.20"
        },
        "manager": {
          "name": "wazuh.manager"
        },
        "id": "1740147617.300003",
        "decoder": {
          "name": "windows_eventchannel"
        },
        "location": "EventChannel",
        "data": {
          "win": {
            "system": {
              "eventID": "1",
              "channel": "Microsoft-Windows-Sysmon/Operational",
              "providerName": "Microsoft-Windows-Sysmon",
              "computer": "WS01.corp.local",
              "level": "4",
              "task": "1",
              "severityValue": "INFORMATION",
              "systemTime": "2026-02-21T14:20:17.000000000Z"
            },
            "eventdata": {
              "utcTime": "2026-02-21 14:20:17.000",
              "processGuid": "{C23-0003-CC01-0003-000000003003}",
              "processId": "8312",
              "image": "C:\\Windows\\System32\\cmd.exe",
              "commandLine": "cmd",
              "currentDirectory": "C:\\Users\\Public\\",
              "user": "NT AUTHORITY\\SYSTEM",
              "integrityLevel": "System",
              "hashes": "SHA256=A1B2C3D4E5F6A1B2C3D4E5F6A1B2C3D4E5F6A1B2C3D4E5F6A1B2C3D4E5F6A1B2",
              "parentProcessGuid": "{C23-0003-CC01-0002-000000003002}",
              "parentProcessId": "8200",
              "parentImage": "C:\\Users\\Public\\PrintSpoofer64.exe",
              "parentCommandLine": "C:\\Users\\Public\\PrintSpoofer64.exe -i -c cmd",
              "logonGuid": "{C23-0003-CC01-0001-000000000001}",
              "logonId": "0x3E7",
              "originalFileName": "Cmd.Exe"
            }
          }
        }
      }
    }
  ]
}
