{
  "_metadata": {
    "attack_id": "T1543.003",
    "variation": "001",
    "name": "Windows Service Creation",
    "description": "Malicious Windows service created via sc.exe for persistence",
    "expected_detection": "CRITICAL",
    "expected_soar": "persistence-detection",
    "kill_chain_phase": "persistence",
    "notes": "Services run as SYSTEM by default - major persistence mechanism",
    "format": "wazuh-native",
    "format_version": "1.0"
  },
  "logs": [
    {
      "_comment": "Sysmon Event 1 - sc.exe creating service",
      "sequence": 1,
      "timestamp": "2026-01-29T13:00:00.000Z",
      "log": {
        "timestamp": "",
        "rule": {
          "level": 12,
          "description": "Sysmon - Event 1: Windows Service Creation",
          "id": "100100",
          "mitre": {
            "id": [
              "T1543.003"
            ],
            "tactic": [
              "Persistence"
            ],
            "technique": [
              "Windows Service Creation"
            ]
          },
          "firedtimes": 1,
          "mail": false,
          "groups": [
            "sysmon",
            "sysmon_event1",
            "windows"
          ]
        },
        "agent": {
          "id": "007",
          "name": "WS01",
          "ip": "10.1.0.20"
        },
        "manager": {
          "name": "wazuh.manager"
        },
        "id": "1700000000.912374312",
        "decoder": {
          "name": "windows_eventchannel"
        },
        "location": "EventChannel",
        "data": {
          "win": {
            "system": {
              "eventID": "1",
              "channel": "Microsoft-Windows-Sysmon/Operational",
              "providerName": "Microsoft-Windows-Sysmon",
              "computer": "WS01.corp.local",
              "level": "4",
              "task": "1",
              "opcode": "0",
              "keywords": "0x8000000000000000",
              "severityValue": "INFORMATION"
            },
            "eventdata": {
              "utcTime": "2026-01-29 13:00:00.000",
              "processGuid": "{A1B2C3D4-1005-1005-1005-000000000001}",
              "processId": "15000",
              "image": "C:\\Windows\\System32\\sc.exe",
              "commandLine": "sc create WindowsHealthService binpath= \"C:\\ProgramData\\Microsoft\\Health\\svchost.exe\" start= auto",
              "currentDirectory": "C:\\Windows\\System32\\",
              "user": "CORP\\admin.user",
              "integrityLevel": "High",
              "parentProcessGuid": "{A1B2C3D4-1005-1005-1005-000000000000}",
              "parentProcessId": "14800",
              "parentImage": "C:\\Windows\\System32\\cmd.exe",
              "parentCommandLine": "cmd.exe"
            }
          }
        }
      }
    },
    {
      "_comment": "Windows Security Event 4697 - Service installed",
      "sequence": 2,
      "timestamp": "2026-01-29T13:00:01.000Z",
      "log": {
        "timestamp": "",
        "rule": {
          "level": 12,
          "description": "Sysmon - Event 4697: Windows Service Creation",
          "id": "100100",
          "mitre": {
            "id": [
              "T1543.003"
            ],
            "tactic": [
              "Persistence"
            ],
            "technique": [
              "Windows Service Creation"
            ]
          },
          "firedtimes": 1,
          "mail": false,
          "groups": [
            "sysmon",
            "sysmon_event4697",
            "windows"
          ]
        },
        "agent": {
          "id": "007",
          "name": "WS01",
          "ip": "10.1.0.20"
        },
        "manager": {
          "name": "wazuh.manager"
        },
        "id": "1700000000.712411508",
        "decoder": {
          "name": "windows_eventchannel"
        },
        "location": "EventChannel",
        "data": {
          "win": {
            "system": {
              "eventID": "4697",
              "channel": "Security",
              "providerName": "Microsoft-Windows-Security-Auditing",
              "computer": "WS01.corp.local",
              "level": "4",
              "task": "1",
              "opcode": "0",
              "keywords": "0x8000000000000000",
              "severityValue": "INFORMATION"
            },
            "eventdata": {
              "subjectUserSid": "S-1-5-21-1234567890-1234567890-1234567890-500",
              "subjectUserName": "admin.user",
              "subjectDomainName": "CORP",
              "subjectLogonId": "0x9B5D3",
              "serviceName": "WindowsHealthService",
              "serviceFileName": "C:\\ProgramData\\Microsoft\\Health\\svchost.exe",
              "serviceType": "0x10",
              "serviceStartType": "2",
              "serviceAccount": "LocalSystem"
            }
          }
        }
      }
    },
    {
      "_comment": "Sysmon Event 13 - Service registry key created",
      "sequence": 3,
      "timestamp": "2026-01-29T13:00:01.500Z",
      "log": {
        "timestamp": "",
        "rule": {
          "level": 12,
          "description": "Sysmon - Event 13: Windows Service Creation",
          "id": "100100",
          "mitre": {
            "id": [
              "T1543.003"
            ],
            "tactic": [
              "Persistence"
            ],
            "technique": [
              "Windows Service Creation"
            ]
          },
          "firedtimes": 1,
          "mail": false,
          "groups": [
            "sysmon",
            "sysmon_event13",
            "windows"
          ]
        },
        "agent": {
          "id": "007",
          "name": "WS01",
          "ip": "10.1.0.20"
        },
        "manager": {
          "name": "wazuh.manager"
        },
        "id": "1700000000.552408199",
        "decoder": {
          "name": "windows_eventchannel"
        },
        "location": "EventChannel",
        "data": {
          "win": {
            "system": {
              "eventID": "13",
              "channel": "Microsoft-Windows-Sysmon/Operational",
              "providerName": "Microsoft-Windows-Sysmon",
              "computer": "WS01.corp.local",
              "level": "4",
              "task": "1",
              "opcode": "0",
              "keywords": "0x8000000000000000",
              "severityValue": "INFORMATION"
            },
            "eventdata": {
              "utcTime": "2026-01-29 13:00:01.500",
              "eventType": "SetValue",
              "processGuid": "{A1B2C3D4-1005-1005-1005-SERVICE00001}",
              "processId": "704",
              "image": "C:\\Windows\\System32\\services.exe",
              "targetObject": "HKLM\\System\\CurrentControlSet\\Services\\WindowsHealthService\\ImagePath",
              "details": "C:\\ProgramData\\Microsoft\\Health\\svchost.exe",
              "user": "NT AUTHORITY\\SYSTEM"
            }
          }
        }
      }
    }
  ]
}