{
  "_metadata": {
    "attack_id": "T1486",
    "variation": "001",
    "name": "CyberVolk Ransomware Encryption",
    "description": "CyberVolk ransomware execution with ChaCha20-Poly1305 encryption and .cybervolk extension",
    "expected_detection": "CRITICAL",
    "kill_chain_phase": "impact",
    "format": "wazuh-native",
    "format_version": "1.0"
  },
  "logs": [
    {
      "_comment": "CyberVolk ransomware process execution",
      "sequence": 1,
      "timestamp": "2026-01-31T16:00:00.000Z",
      "log": {
        "timestamp": "2026-01-31T16:00:00.000+0000",
        "rule": {
          "level": 15,
          "description": "Sysmon - Event 1: CyberVolk ransomware execution",
          "id": "100916",
          "mitre": {
            "id": [
              "T1486"
            ],
            "tactic": [
              "Impact"
            ],
            "technique": [
              "Data Encrypted for Impact"
            ]
          },
          "firedtimes": 1,
          "mail": true,
          "groups": [
            "sysmon",
            "sysmon_event1",
            "windows",
            "ransomware",
            "critical"
          ]
        },
        "agent": {
          "id": "020",
          "name": "WS01",
          "ip": "198.51.100.20"
        },
        "manager": {
          "name": "wazuh.manager"
        },
        "id": "1706719200.000001",
        "decoder": {
          "name": "windows_eventchannel"
        },
        "location": "EventChannel",
        "data": {
          "win": {
            "system": {
              "eventID": "1",
              "channel": "Microsoft-Windows-Sysmon/Operational",
              "providerName": "Microsoft-Windows-Sysmon",
              "computer": "WS01.corp.local"
            },
            "eventdata": {
              "utcTime": "2026-01-31 16:00:00.000",
              "processGuid": "{12345678-abcd-1234-abcd-123456789abc}",
              "processId": "7000",
              "image": "C:\\Users\\victim\\Downloads\\CyberVolk.exe",
              "fileVersion": "1.0.0.0",
              "description": "CyberVolk",
              "commandLine": "\"C:\\Users\\victim\\Downloads\\CyberVolk.exe\"",
              "currentDirectory": "C:\\Users\\victim\\Downloads\\",
              "user": "CORP\\victim",
              "integrityLevel": "High",
              "hashes": "SHA256=CYBERVOLK_HASH_HERE",
              "parentProcessGuid": "{12345678-abcd-1234-abcd-000000000001}",
              "parentProcessId": "1000",
              "parentImage": "C:\\Windows\\explorer.exe",
              "parentCommandLine": "C:\\Windows\\explorer.exe"
            }
          }
        },
        "_fomorian_batch": "threat-intel-detectfyi-2026-01-31",
        "_fomorian_test": true,
        "_fomorian_attack_id": "T1486",
        "_fomorian_expected_detection": "Sigma: CyberVolk Ransomware Execution (T1486)"
      }
    },
    {
      "_comment": "Encrypted file creation with .cybervolk extension",
      "sequence": 2,
      "timestamp": "2026-01-31T16:01:00.000Z",
      "log": {
        "timestamp": "2026-01-31T16:01:00.000+0000",
        "rule": {
          "level": 14,
          "description": "Sysmon - Event 11: File encrypted with .cybervolk extension",
          "id": "100920",
          "mitre": {
            "id": [
              "T1486"
            ],
            "tactic": [
              "Impact"
            ],
            "technique": [
              "Data Encrypted for Impact"
            ]
          },
          "firedtimes": 1,
          "mail": true,
          "groups": [
            "sysmon",
            "sysmon_event11",
            "windows",
            "ransomware"
          ]
        },
        "agent": {
          "id": "020",
          "name": "WS01",
          "ip": "198.51.100.20"
        },
        "manager": {
          "name": "wazuh.manager"
        },
        "id": "1706719260.000001",
        "decoder": {
          "name": "windows_eventchannel"
        },
        "location": "EventChannel",
        "data": {
          "win": {
            "system": {
              "eventID": "11",
              "channel": "Microsoft-Windows-Sysmon/Operational",
              "providerName": "Microsoft-Windows-Sysmon",
              "computer": "WS01.corp.local"
            },
            "eventdata": {
              "utcTime": "2026-01-31 16:01:00.000",
              "processGuid": "{12345678-abcd-1234-abcd-123456789abc}",
              "processId": "7000",
              "image": "C:\\Users\\victim\\Downloads\\CyberVolk.exe",
              "targetFilename": "C:\\Users\\victim\\Documents\\important.docx.cybervolk",
              "creationUtcTime": "2026-01-31 16:01:00.000"
            }
          }
        },
        "_fomorian_batch": "threat-intel-detectfyi-2026-01-31",
        "_fomorian_test": true,
        "_fomorian_attack_id": "T1486"
      }
    },
    {
      "_comment": "Ransom note creation",
      "sequence": 3,
      "timestamp": "2026-01-31T16:02:00.000Z",
      "log": {
        "timestamp": "2026-01-31T16:02:00.000+0000",
        "rule": {
          "level": 14,
          "description": "Sysmon - Event 11: CyberVolk ransom note created",
          "id": "100920",
          "mitre": {
            "id": [
              "T1486"
            ],
            "tactic": [
              "Impact"
            ],
            "technique": [
              "Data Encrypted for Impact"
            ]
          },
          "firedtimes": 1,
          "mail": true,
          "groups": [
            "sysmon",
            "sysmon_event11",
            "windows",
            "ransomware"
          ]
        },
        "agent": {
          "id": "020",
          "name": "WS01",
          "ip": "198.51.100.20"
        },
        "manager": {
          "name": "wazuh.manager"
        },
        "id": "1706719320.000001",
        "decoder": {
          "name": "windows_eventchannel"
        },
        "location": "EventChannel",
        "data": {
          "win": {
            "system": {
              "eventID": "11",
              "channel": "Microsoft-Windows-Sysmon/Operational",
              "providerName": "Microsoft-Windows-Sysmon",
              "computer": "WS01.corp.local"
            },
            "eventdata": {
              "utcTime": "2026-01-31 16:02:00.000",
              "processGuid": "{12345678-abcd-1234-abcd-123456789abc}",
              "processId": "7000",
              "image": "C:\\Users\\victim\\Downloads\\CyberVolk.exe",
              "targetFilename": "C:\\Users\\victim\\Desktop\\README_CYBERVOLK.txt",
              "creationUtcTime": "2026-01-31 16:02:00.000"
            }
          }
        },
        "_fomorian_batch": "threat-intel-detectfyi-2026-01-31",
        "_fomorian_test": true,
        "_fomorian_attack_id": "T1486"
      }
    }
  ]
}
