{
  "_metadata": {
    "attack_id": "T1071.001",
    "variation": "001",
    "name": "Cobalt Strike HTTP Beacon",
    "description": "Simulated Cobalt Strike beacon activity with typical patterns",
    "expected_detection": "CRITICAL",
    "expected_soar": "c2-beaconing-detection",
    "notes": "Cobalt Strike is the most common C2 framework. Detection should be immediate.",
    "format": "wazuh-native",
    "format_version": "1.0"
  },
  "logs": [
    {
      "_comment": "Sysmon Event 1 - rundll32 executing beacon (typical CS delivery)",
      "sequence": 1,
      "timestamp": "2026-01-29T11:30:00.000Z",
      "log": {
        "timestamp": "",
        "rule": {
          "level": 12,
          "description": "Sysmon - Event 1: Cobalt Strike HTTP Beacon",
          "id": "100100",
          "mitre": {
            "id": [
              "T1071.001"
            ],
            "tactic": [
              "Unknown"
            ],
            "technique": [
              "Cobalt Strike HTTP Beacon"
            ]
          },
          "firedtimes": 1,
          "mail": false,
          "groups": [
            "sysmon",
            "sysmon_event1",
            "windows"
          ]
        },
        "agent": {
          "id": "007",
          "name": "WS01",
          "ip": "10.1.0.20"
        },
        "manager": {
          "name": "wazuh.manager"
        },
        "id": "1700000000.573161836",
        "decoder": {
          "name": "windows_eventchannel"
        },
        "location": "EventChannel",
        "data": {
          "win": {
            "system": {
              "eventID": "1",
              "channel": "Microsoft-Windows-Sysmon/Operational",
              "providerName": "Microsoft-Windows-Sysmon",
              "computer": "WS01.corp.local",
              "level": "4",
              "task": "1",
              "opcode": "0",
              "keywords": "0x8000000000000000",
              "severityValue": "INFORMATION"
            },
            "eventdata": {
              "ruleName": "",
              "utcTime": "2026-01-29 11:30:00.000",
              "processGuid": "{12345678-5555-5555-5555-555555555001}",
              "processId": "10244",
              "image": "C:\\Windows\\System32\\rundll32.exe",
              "fileVersion": "10.0.19041.1 (WinBuild.160101.0800)",
              "description": "Windows host process (Rundll32)",
              "product": "Microsoft\u00ae Windows\u00ae Operating System",
              "company": "Microsoft Corporation",
              "originalFileName": "RUNDLL32.EXE",
              "commandLine": "rundll32.exe",
              "currentDirectory": "C:\\Users\\john.doe\\AppData\\Local\\Temp\\",
              "user": "CORP\\john.doe",
              "logonGuid": "{12345678-5555-5555-5555-555555555000}",
              "logonId": "0x8A4C2",
              "terminalSessionId": "1",
              "integrityLevel": "Medium",
              "hashes": "SHA256=F1E2D3C4B5A6F7E8D9C0B1A2F3E4D5C6B7A8F9E0D1C2B3A4F5E6D7C8B9A0F1E2",
              "parentProcessGuid": "{12345678-5555-5555-5555-555555555000}",
              "parentProcessId": "8876",
              "parentImage": "C:\\Program Files\\Microsoft Office\\Office16\\WINWORD.EXE",
              "parentCommandLine": "\"C:\\Program Files\\Microsoft Office\\Office16\\WINWORD.EXE\" /n \"C:\\Users\\john.doe\\Downloads\\invoice.docm\"",
              "parentUser": "CORP\\john.doe"
            }
          }
        }
      }
    },
    {
      "_comment": "Sysmon Event 3 - HTTP beacon callback",
      "sequence": 2,
      "timestamp": "2026-01-29T11:30:05.000Z",
      "log": {
        "timestamp": "",
        "rule": {
          "level": 12,
          "description": "Sysmon - Event 3: Cobalt Strike HTTP Beacon",
          "id": "100100",
          "mitre": {
            "id": [
              "T1071.001"
            ],
            "tactic": [
              "Unknown"
            ],
            "technique": [
              "Cobalt Strike HTTP Beacon"
            ]
          },
          "firedtimes": 1,
          "mail": false,
          "groups": [
            "sysmon",
            "sysmon_event3",
            "windows"
          ]
        },
        "agent": {
          "id": "007",
          "name": "WS01",
          "ip": "10.1.0.20"
        },
        "manager": {
          "name": "wazuh.manager"
        },
        "id": "1700000000.898518652",
        "decoder": {
          "name": "windows_eventchannel"
        },
        "location": "EventChannel",
        "data": {
          "win": {
            "system": {
              "eventID": "3",
              "channel": "Microsoft-Windows-Sysmon/Operational",
              "providerName": "Microsoft-Windows-Sysmon",
              "computer": "WS01.corp.local",
              "level": "4",
              "task": "1",
              "opcode": "0",
              "keywords": "0x8000000000000000",
              "severityValue": "INFORMATION"
            },
            "eventdata": {
              "ruleName": "",
              "utcTime": "2026-01-29 11:30:05.000",
              "processGuid": "{12345678-5555-5555-5555-555555555001}",
              "processId": "10244",
              "image": "C:\\Windows\\System32\\rundll32.exe",
              "user": "CORP\\john.doe",
              "protocol": "tcp",
              "initiated": "true",
              "sourceIsIpv6": "false",
              "sourceIp": "10.1.1.50",
              "sourceHostname": "WS01.corp.local",
              "sourcePort": "50123",
              "destinationIsIpv6": "false",
              "destinationIp": "203.0.113.50",
              "destinationHostname": "cdn-static.malware.com",
              "destinationPort": "443"
            }
          }
        }
      }
    },
    {
      "_comment": "Sysmon Event 22 - DNS query to C2 domain",
      "sequence": 3,
      "timestamp": "2026-01-29T11:30:04.500Z",
      "log": {
        "timestamp": "",
        "rule": {
          "level": 12,
          "description": "Sysmon - Event 22: Cobalt Strike HTTP Beacon",
          "id": "100100",
          "mitre": {
            "id": [
              "T1071.001"
            ],
            "tactic": [
              "Unknown"
            ],
            "technique": [
              "Cobalt Strike HTTP Beacon"
            ]
          },
          "firedtimes": 1,
          "mail": false,
          "groups": [
            "sysmon",
            "sysmon_event22",
            "windows"
          ]
        },
        "agent": {
          "id": "007",
          "name": "WS01",
          "ip": "10.1.0.20"
        },
        "manager": {
          "name": "wazuh.manager"
        },
        "id": "1700000000.744243582",
        "decoder": {
          "name": "windows_eventchannel"
        },
        "location": "EventChannel",
        "data": {
          "win": {
            "system": {
              "eventID": "22",
              "channel": "Microsoft-Windows-Sysmon/Operational",
              "providerName": "Microsoft-Windows-Sysmon",
              "computer": "WS01.corp.local",
              "level": "4",
              "task": "1",
              "opcode": "0",
              "keywords": "0x8000000000000000",
              "severityValue": "INFORMATION"
            },
            "eventdata": {
              "ruleName": "",
              "utcTime": "2026-01-29 11:30:04.500",
              "processGuid": "{12345678-5555-5555-5555-555555555001}",
              "processId": "10244",
              "image": "C:\\Windows\\System32\\rundll32.exe",
              "queryName": "cdn-static.malware.com",
              "queryStatus": "0",
              "queryResults": "type:  5 cdn-static.malware.com;203.0.113.50;",
              "user": "CORP\\john.doe"
            }
          }
        }
      }
    },
    {
      "_comment": "Sysmon Event 3 - Regular beacon interval (60 seconds later)",
      "sequence": 4,
      "timestamp": "2026-01-29T11:31:05.000Z",
      "log": {
        "timestamp": "",
        "rule": {
          "level": 12,
          "description": "Sysmon - Event 3: Cobalt Strike HTTP Beacon",
          "id": "100100",
          "mitre": {
            "id": [
              "T1071.001"
            ],
            "tactic": [
              "Unknown"
            ],
            "technique": [
              "Cobalt Strike HTTP Beacon"
            ]
          },
          "firedtimes": 1,
          "mail": false,
          "groups": [
            "sysmon",
            "sysmon_event3",
            "windows"
          ]
        },
        "agent": {
          "id": "007",
          "name": "WS01",
          "ip": "10.1.0.20"
        },
        "manager": {
          "name": "wazuh.manager"
        },
        "id": "1700000000.873741043",
        "decoder": {
          "name": "windows_eventchannel"
        },
        "location": "EventChannel",
        "data": {
          "win": {
            "system": {
              "eventID": "3",
              "channel": "Microsoft-Windows-Sysmon/Operational",
              "providerName": "Microsoft-Windows-Sysmon",
              "computer": "WS01.corp.local",
              "level": "4",
              "task": "1",
              "opcode": "0",
              "keywords": "0x8000000000000000",
              "severityValue": "INFORMATION"
            },
            "eventdata": {
              "ruleName": "",
              "utcTime": "2026-01-29 11:31:05.000",
              "processGuid": "{12345678-5555-5555-5555-555555555001}",
              "processId": "10244",
              "image": "C:\\Windows\\System32\\rundll32.exe",
              "user": "CORP\\john.doe",
              "protocol": "tcp",
              "initiated": "true",
              "sourceIsIpv6": "false",
              "sourceIp": "10.1.1.50",
              "sourceHostname": "WS01.corp.local",
              "sourcePort": "50124",
              "destinationIsIpv6": "false",
              "destinationIp": "203.0.113.50",
              "destinationHostname": "cdn-static.malware.com",
              "destinationPort": "443"
            }
          }
        }
      }
    }
  ]
}