{
  "_metadata": {
    "attack_id": "T1555.004",
    "variation": "001",
    "name": "Windows Credential Manager",
    "description": "Stealing credentials from Windows Credential Manager",
    "expected_detection": "HIGH",
    "kill_chain_phase": "credential-access",
    "format": "wazuh-native",
    "format_version": "1.0"
  },
  "logs": [
    {
      "_comment": "Sysmon Event 1 - cmdkey listing credentials",
      "sequence": 1,
      "timestamp": "2026-01-30T09:10:00.000Z",
      "log": {
        "rule": {
          "level": 12,
          "description": "Sysmon - Event 1: Credential Manager Enumeration",
          "id": "100100",
          "mitre": {
            "id": [
              "T1555.004"
            ],
            "tactic": [
              "Credential Access"
            ],
            "technique": [
              "Windows Credential Manager"
            ]
          },
          "firedtimes": 1,
          "mail": false,
          "groups": [
            "sysmon",
            "sysmon_event1",
            "windows"
          ]
        },
        "agent": {
          "id": "020",
          "name": "WS01",
          "ip": "198.51.100.20"
        },
        "manager": {
          "name": "wazuh.manager"
        },
        "id": "1700000053.000001",
        "decoder": {
          "name": "windows_eventchannel"
        },
        "location": "EventChannel",
        "data": {
          "win": {
            "system": {
              "eventID": "1",
              "channel": "Microsoft-Windows-Sysmon/Operational",
              "providerName": "Microsoft-Windows-Sysmon",
              "computer": "WS01.corp.local",
              "level": "4",
              "task": "1",
              "severityValue": "INFORMATION"
            },
            "eventdata": {
              "utcTime": "2026-01-30 09:10:00.000",
              "processGuid": "{CREDMAN-001-0001-000000000001}",
              "processId": "98000",
              "image": "C:\\Windows\\System32\\cmdkey.exe",
              "commandLine": "cmdkey /list",
              "currentDirectory": "C:\\Users\\attacker\\",
              "user": "CORP\\attacker",
              "integrityLevel": "Medium",
              "hashes": "SHA256=CMDKEY_HASH_1234567890ABCDEF1234567890ABCDEF1234",
              "parentProcessGuid": "{CREDMAN-001-0001-000000000000}",
              "parentProcessId": "98000",
              "parentImage": "C:\\Windows\\System32\\cmd.exe",
              "parentCommandLine": "cmd.exe"
            }
          }
        }
      }
    },
    {
      "_comment": "Sysmon Event 1 - Mimikatz vault module",
      "sequence": 2,
      "timestamp": "2026-01-30T09:10:05.000Z",
      "log": {
        "rule": {
          "level": 15,
          "description": "Sysmon - Event 1: Mimikatz Credential Manager Dump",
          "id": "100100",
          "mitre": {
            "id": [
              "T1555.004"
            ],
            "tactic": [
              "Credential Access"
            ],
            "technique": [
              "Windows Credential Manager"
            ]
          },
          "firedtimes": 1,
          "mail": false,
          "groups": [
            "sysmon",
            "sysmon_event1",
            "windows"
          ]
        },
        "agent": {
          "id": "020",
          "name": "WS01",
          "ip": "198.51.100.20"
        },
        "manager": {
          "name": "wazuh.manager"
        },
        "id": "1700000053.000002",
        "decoder": {
          "name": "windows_eventchannel"
        },
        "location": "EventChannel",
        "data": {
          "win": {
            "system": {
              "eventID": "1",
              "channel": "Microsoft-Windows-Sysmon/Operational",
              "providerName": "Microsoft-Windows-Sysmon",
              "computer": "WS01.corp.local",
              "level": "4",
              "task": "1",
              "severityValue": "INFORMATION"
            },
            "eventdata": {
              "utcTime": "2026-01-30 09:10:05.000",
              "processGuid": "{CREDMAN-001-0001-000000000002}",
              "processId": "98100",
              "image": "C:\\Tools\\mimikatz.exe",
              "commandLine": "mimikatz.exe \"vault::cred\" \"vault::list\" exit",
              "currentDirectory": "C:\\Tools\\",
              "user": "CORP\\attacker",
              "integrityLevel": "High",
              "hashes": "SHA256=MIMIKATZ_HASH_1234567890ABCDEF1234567890ABCDEF12",
              "parentProcessGuid": "{CREDMAN-001-0001-000000000000}",
              "parentProcessId": "98000",
              "parentImage": "C:\\Windows\\System32\\cmd.exe",
              "parentCommandLine": "cmd.exe"
            }
          }
        }
      }
    },
    {
      "_comment": "Sysmon Event 1 - PowerShell credential access",
      "sequence": 3,
      "timestamp": "2026-01-30T09:10:10.000Z",
      "log": {
        "rule": {
          "level": 12,
          "description": "Sysmon - Event 1: PowerShell Credential Manager Access",
          "id": "100100",
          "mitre": {
            "id": [
              "T1555.004"
            ],
            "tactic": [
              "Credential Access"
            ],
            "technique": [
              "Windows Credential Manager"
            ]
          },
          "firedtimes": 1,
          "mail": false,
          "groups": [
            "sysmon",
            "sysmon_event1",
            "windows"
          ]
        },
        "agent": {
          "id": "020",
          "name": "WS01",
          "ip": "198.51.100.20"
        },
        "manager": {
          "name": "wazuh.manager"
        },
        "id": "1700000053.000003",
        "decoder": {
          "name": "windows_eventchannel"
        },
        "location": "EventChannel",
        "data": {
          "win": {
            "system": {
              "eventID": "1",
              "channel": "Microsoft-Windows-Sysmon/Operational",
              "providerName": "Microsoft-Windows-Sysmon",
              "computer": "WS01.corp.local",
              "level": "4",
              "task": "1",
              "severityValue": "INFORMATION"
            },
            "eventdata": {
              "utcTime": "2026-01-30 09:10:10.000",
              "processGuid": "{CREDMAN-001-0001-000000000003}",
              "processId": "98200",
              "image": "C:\\Windows\\System32\\WindowsPowerShell\\v1.0\\powershell.exe",
              "commandLine": "powershell.exe -c \"[Windows.Security.Credentials.PasswordVault,Windows.Security.Credentials,ContentType=WindowsRuntime]; (New-Object Windows.Security.Credentials.PasswordVault).RetrieveAll() | ForEach-Object { $_.RetrievePassword(); $_ }\"",
              "currentDirectory": "C:\\Users\\attacker\\",
              "user": "CORP\\attacker",
              "integrityLevel": "Medium",
              "hashes": "SHA256=PS_HASH_1234567890ABCDEF1234567890ABCDEF1234567890",
              "parentProcessGuid": "{CREDMAN-001-0001-000000000000}",
              "parentProcessId": "98000",
              "parentImage": "C:\\Windows\\System32\\cmd.exe",
              "parentCommandLine": "cmd.exe"
            }
          }
        }
      }
    }
  ]
}
