{
  "_metadata": {
    "attack_id": "T1134.001",
    "variation": "001",
    "name": "Named Pipe Token Impersonation",
    "description": "Attacker creates a named pipe and tricks a SYSTEM-level process into connecting via SpoolSample/PrinterBug, then impersonates the SYSTEM token to spawn an elevated shell.",
    "expected_detection": "HIGH",
    "kill_chain_phase": "privilege-escalation",
    "format": "wazuh-native",
    "format_version": "1.0"
  },
  "logs": [
    {
      "_comment": "Sysmon Event 1 - PowerShell creating named pipe server for token impersonation",
      "sequence": 1,
      "timestamp": "2026-02-21T14:00:00.000Z",
      "log": {
        "timestamp": "2026-02-21T14:00:00.000+0000",
        "rule": {
          "level": 12,
          "description": "Sysmon - Event 1: PowerShell named pipe server creation for token impersonation",
          "id": "100101",
          "mitre": {
            "id": [
              "T1134.001"
            ],
            "tactic": [
              "Privilege Escalation"
            ],
            "technique": [
              "Access Token Manipulation: Token Impersonation/Theft"
            ]
          },
          "firedtimes": 1,
          "mail": false,
          "groups": [
            "sysmon",
            "sysmon_event1",
            "windows"
          ]
        },
        "agent": {
          "id": "020",
          "name": "WS01",
          "ip": "198.51.100.20"
        },
        "manager": {
          "name": "wazuh.manager"
        },
        "id": "1708524000.100001",
        "decoder": {
          "name": "windows_eventchannel"
        },
        "location": "EventChannel",
        "data": {
          "win": {
            "system": {
              "eventID": "1",
              "channel": "Microsoft-Windows-Sysmon/Operational",
              "providerName": "Microsoft-Windows-Sysmon",
              "computer": "WS01.corp.local",
              "level": "4",
              "task": "1",
              "severityValue": "INFORMATION",
              "systemTime": "2026-02-21T14:00:00.000000000Z"
            },
            "eventdata": {
              "utcTime": "2026-02-21 14:00:00.000",
              "processGuid": "{A1B2C3D4-1001-6538-0100-000000001001}",
              "processId": "7820",
              "image": "C:\\Windows\\System32\\WindowsPowerShell\\v1.0\\powershell.exe",
              "commandLine": "powershell.exe -c $pipe = New-Object System.IO.Pipes.NamedPipeServerStream('evilpipe','InOut',1,'None','None',4096,4096,$null); $pipe.WaitForConnection()",
              "currentDirectory": "C:\\Users\\attacker\\",
              "user": "CORP\\attacker",
              "logonGuid": "{A1B2C3D4-1001-6538-0100-000000009001}",
              "logonId": "0x5A4E1",
              "integrityLevel": "Medium",
              "hashes": "SHA256=9F86D081884C7D659A2FEAA0C55AD015A3BF4F1B2B0B822CD15D6C15B0F00A08",
              "parentProcessGuid": "{A1B2C3D4-1001-6538-0100-000000000901}",
              "parentProcessId": "5104",
              "parentImage": "C:\\Windows\\System32\\cmd.exe",
              "parentCommandLine": "cmd.exe"
            }
          }
        },
        "_fomorian_test": true,
        "fomorian_campaign": "Campaign 23",
        "fomorian_technique": "T1134.001"
      }
    },
    {
      "_comment": "Sysmon Event 1 - SpoolSample/PrinterBug forcing SYSTEM authentication to the named pipe",
      "sequence": 2,
      "timestamp": "2026-02-21T14:00:15.000Z",
      "log": {
        "timestamp": "2026-02-21T14:00:15.000+0000",
        "rule": {
          "level": 14,
          "description": "Sysmon - Event 1: SpoolSample PrinterBug named pipe coercion",
          "id": "100101",
          "mitre": {
            "id": [
              "T1134.001"
            ],
            "tactic": [
              "Privilege Escalation"
            ],
            "technique": [
              "Access Token Manipulation: Token Impersonation/Theft"
            ]
          },
          "firedtimes": 2,
          "mail": false,
          "groups": [
            "sysmon",
            "sysmon_event1",
            "windows"
          ]
        },
        "agent": {
          "id": "020",
          "name": "WS01",
          "ip": "198.51.100.20"
        },
        "manager": {
          "name": "wazuh.manager"
        },
        "id": "1708524015.100002",
        "decoder": {
          "name": "windows_eventchannel"
        },
        "location": "EventChannel",
        "data": {
          "win": {
            "system": {
              "eventID": "1",
              "channel": "Microsoft-Windows-Sysmon/Operational",
              "providerName": "Microsoft-Windows-Sysmon",
              "computer": "WS01.corp.local",
              "level": "4",
              "task": "1",
              "severityValue": "INFORMATION",
              "systemTime": "2026-02-21T14:00:15.000000000Z"
            },
            "eventdata": {
              "utcTime": "2026-02-21 14:00:15.000",
              "processGuid": "{A1B2C3D4-1001-6538-0100-000000001002}",
              "processId": "8244",
              "image": "C:\\Users\\attacker\\Tools\\SpoolSample.exe",
              "commandLine": "SpoolSample.exe WS01 WS01/pipe/evilpipe",
              "currentDirectory": "C:\\Users\\attacker\\Tools\\",
              "user": "CORP\\attacker",
              "logonGuid": "{A1B2C3D4-1001-6538-0100-000000009001}",
              "logonId": "0x5A4E1",
              "integrityLevel": "Medium",
              "hashes": "SHA256=3B4C5D6E7F8A9B0C1D2E3F4A5B6C7D8E9F0A1B2C3D4E5F6A7B8C9D0E1F2A3B",
              "parentProcessGuid": "{A1B2C3D4-1001-6538-0100-000000000901}",
              "parentProcessId": "5104",
              "parentImage": "C:\\Windows\\System32\\cmd.exe",
              "parentCommandLine": "cmd.exe"
            }
          }
        },
        "_fomorian_test": true,
        "fomorian_campaign": "Campaign 23",
        "fomorian_technique": "T1134.001"
      }
    },
    {
      "_comment": "Sysmon Event 1 - cmd.exe spawned as SYSTEM after successful token impersonation",
      "sequence": 3,
      "timestamp": "2026-02-21T14:00:22.000Z",
      "log": {
        "timestamp": "2026-02-21T14:00:22.000+0000",
        "rule": {
          "level": 15,
          "description": "Sysmon - Event 1: SYSTEM shell spawned via named pipe token impersonation",
          "id": "100101",
          "mitre": {
            "id": [
              "T1134.001"
            ],
            "tactic": [
              "Privilege Escalation"
            ],
            "technique": [
              "Access Token Manipulation: Token Impersonation/Theft"
            ]
          },
          "firedtimes": 3,
          "mail": false,
          "groups": [
            "sysmon",
            "sysmon_event1",
            "windows"
          ]
        },
        "agent": {
          "id": "020",
          "name": "WS01",
          "ip": "198.51.100.20"
        },
        "manager": {
          "name": "wazuh.manager"
        },
        "id": "1708524022.100003",
        "decoder": {
          "name": "windows_eventchannel"
        },
        "location": "EventChannel",
        "data": {
          "win": {
            "system": {
              "eventID": "1",
              "channel": "Microsoft-Windows-Sysmon/Operational",
              "providerName": "Microsoft-Windows-Sysmon",
              "computer": "WS01.corp.local",
              "level": "4",
              "task": "1",
              "severityValue": "INFORMATION",
              "systemTime": "2026-02-21T14:00:22.000000000Z"
            },
            "eventdata": {
              "utcTime": "2026-02-21 14:00:22.000",
              "processGuid": "{A1B2C3D4-1001-6538-0100-000000001003}",
              "processId": "9512",
              "image": "C:\\Windows\\System32\\cmd.exe",
              "commandLine": "cmd.exe",
              "currentDirectory": "C:\\Windows\\System32\\",
              "user": "NT AUTHORITY\\SYSTEM",
              "logonGuid": "{A1B2C3D4-1001-6538-0100-000000009999}",
              "logonId": "0x3E7",
              "integrityLevel": "System",
              "hashes": "SHA256=B99D61D874728EDC0918CA0EB10EAB93D381E7367E377C1F67A0D3E70FAAF7B3",
              "parentProcessGuid": "{A1B2C3D4-1001-6538-0100-000000001001}",
              "parentProcessId": "7820",
              "parentImage": "C:\\Windows\\System32\\WindowsPowerShell\\v1.0\\powershell.exe",
              "parentCommandLine": "powershell.exe -c $pipe = New-Object System.IO.Pipes.NamedPipeServerStream('evilpipe','InOut',1,'None','None',4096,4096,$null); $pipe.WaitForConnection()"
            }
          }
        },
        "_fomorian_test": true,
        "fomorian_campaign": "Campaign 23",
        "fomorian_technique": "T1134.001"
      }
    }
  ]
}
