{
  "_metadata": {
    "attack_id": "T1558.003",
    "variation": "001",
    "name": "Kerberoasting via Rubeus",
    "description": "Rubeus tool requesting service tickets for offline cracking",
    "expected_detection": "CRITICAL",
    "expected_soar": "credential-access-detection",
    "kill_chain_phase": "credential-access",
    "notes": "Kerberoasting can crack weak service account passwords",
    "format": "wazuh-native",
    "format_version": "1.0"
  },
  "logs": [
    {
      "_comment": "Sysmon Event 1 - Rubeus execution",
      "sequence": 1,
      "timestamp": "2026-01-29T12:00:00.000Z",
      "log": {
        "timestamp": "",
        "rule": {
          "level": 12,
          "description": "Sysmon - Event 1: Kerberoasting via Rubeus",
          "id": "100100",
          "mitre": {
            "id": [
              "T1558.003"
            ],
            "tactic": [
              "Credential Access"
            ],
            "technique": [
              "Kerberoasting via Rubeus"
            ]
          },
          "firedtimes": 1,
          "mail": false,
          "groups": [
            "sysmon",
            "sysmon_event1",
            "windows"
          ]
        },
        "agent": {
          "id": "007",
          "name": "WS01",
          "ip": "10.1.0.20"
        },
        "manager": {
          "name": "wazuh.manager"
        },
        "id": "1700000000.966410837",
        "decoder": {
          "name": "windows_eventchannel"
        },
        "location": "EventChannel",
        "data": {
          "win": {
            "system": {
              "eventID": "1",
              "channel": "Microsoft-Windows-Sysmon/Operational",
              "providerName": "Microsoft-Windows-Sysmon",
              "computer": "WS01.corp.local",
              "level": "4",
              "task": "1",
              "opcode": "0",
              "keywords": "0x8000000000000000",
              "severityValue": "INFORMATION"
            },
            "eventdata": {
              "utcTime": "2026-01-29 12:00:00.000",
              "processGuid": "{KERB-001-0001-0001-000000000001}",
              "processId": "10000",
              "image": "C:\\Users\\Public\\Rubeus.exe",
              "commandLine": "Rubeus.exe kerberoast /outfile:C:\\Users\\Public\\hashes.txt",
              "currentDirectory": "C:\\Users\\Public\\",
              "user": "CORP\\john.doe",
              "integrityLevel": "Medium",
              "hashes": "SHA256=RUBEUSHASH1234567890ABCDEF1234567890ABCDEF1234567890AB",
              "parentProcessGuid": "{KERB-001-0001-0001-000000000000}",
              "parentProcessId": "9800",
              "parentImage": "C:\\Windows\\System32\\cmd.exe",
              "parentCommandLine": "cmd.exe"
            }
          }
        }
      }
    },
    {
      "_comment": "Windows Security Event 4769 - TGS Request (SPN 1)",
      "sequence": 2,
      "timestamp": "2026-01-29T12:00:01.000Z",
      "log": {
        "timestamp": "",
        "rule": {
          "level": 12,
          "description": "Sysmon - Event 4769: Kerberoasting via Rubeus",
          "id": "100100",
          "mitre": {
            "id": [
              "T1558.003"
            ],
            "tactic": [
              "Credential Access"
            ],
            "technique": [
              "Kerberoasting via Rubeus"
            ]
          },
          "firedtimes": 1,
          "mail": false,
          "groups": [
            "sysmon",
            "sysmon_event4769",
            "windows"
          ]
        },
        "agent": {
          "id": "001",
          "name": "DC01",
          "ip": "10.1.0.20"
        },
        "manager": {
          "name": "wazuh.manager"
        },
        "id": "1700000000.715436377",
        "decoder": {
          "name": "windows_eventchannel"
        },
        "location": "EventChannel",
        "data": {
          "win": {
            "system": {
              "eventID": "4769",
              "channel": "Security",
              "providerName": "Microsoft-Windows-Security-Auditing",
              "computer": "DC01.corp.local",
              "level": "4",
              "task": "1",
              "opcode": "0",
              "keywords": "0x8000000000000000",
              "severityValue": "INFORMATION"
            },
            "eventdata": {
              "targetUserName": "svc_sql$@CORP.LOCAL",
              "targetDomainName": "CORP.LOCAL",
              "serviceName": "MSSQLSvc/SQLSERVER01.corp.local:1433",
              "serviceSid": "S-1-5-21-1234567890-1234567890-1234567890-1105",
              "ticketOptions": "0x40810000",
              "ticketEncryptionType": "0x17",
              "ipAddress": "::ffff:10.1.1.50",
              "ipPort": "49721",
              "status": "0x0",
              "logonGuid": "{12345678-1234-1234-1234-123456789012}",
              "transmittedServices": "-"
            }
          }
        }
      }
    },
    {
      "_comment": "Windows Security Event 4769 - TGS Request (SPN 2)",
      "sequence": 3,
      "timestamp": "2026-01-29T12:00:01.100Z",
      "log": {
        "timestamp": "",
        "rule": {
          "level": 12,
          "description": "Sysmon - Event 4769: Kerberoasting via Rubeus",
          "id": "100100",
          "mitre": {
            "id": [
              "T1558.003"
            ],
            "tactic": [
              "Credential Access"
            ],
            "technique": [
              "Kerberoasting via Rubeus"
            ]
          },
          "firedtimes": 1,
          "mail": false,
          "groups": [
            "sysmon",
            "sysmon_event4769",
            "windows"
          ]
        },
        "agent": {
          "id": "001",
          "name": "DC01",
          "ip": "10.1.0.20"
        },
        "manager": {
          "name": "wazuh.manager"
        },
        "id": "1700000000.401332975",
        "decoder": {
          "name": "windows_eventchannel"
        },
        "location": "EventChannel",
        "data": {
          "win": {
            "system": {
              "eventID": "4769",
              "channel": "Security",
              "providerName": "Microsoft-Windows-Security-Auditing",
              "computer": "DC01.corp.local",
              "level": "4",
              "task": "1",
              "opcode": "0",
              "keywords": "0x8000000000000000",
              "severityValue": "INFORMATION"
            },
            "eventdata": {
              "targetUserName": "svc_backup$@CORP.LOCAL",
              "targetDomainName": "CORP.LOCAL",
              "serviceName": "cifs/BACKUP01.corp.local",
              "serviceSid": "S-1-5-21-1234567890-1234567890-1234567890-1106",
              "ticketOptions": "0x40810000",
              "ticketEncryptionType": "0x17",
              "ipAddress": "::ffff:10.1.1.50",
              "ipPort": "49722",
              "status": "0x0",
              "logonGuid": "{12345678-1234-1234-1234-123456789012}",
              "transmittedServices": "-"
            }
          }
        }
      }
    },
    {
      "_comment": "Windows Security Event 4769 - TGS Request (SPN 3)",
      "sequence": 4,
      "timestamp": "2026-01-29T12:00:01.200Z",
      "log": {
        "timestamp": "",
        "rule": {
          "level": 12,
          "description": "Sysmon - Event 4769: Kerberoasting via Rubeus",
          "id": "100100",
          "mitre": {
            "id": [
              "T1558.003"
            ],
            "tactic": [
              "Credential Access"
            ],
            "technique": [
              "Kerberoasting via Rubeus"
            ]
          },
          "firedtimes": 1,
          "mail": false,
          "groups": [
            "sysmon",
            "sysmon_event4769",
            "windows"
          ]
        },
        "agent": {
          "id": "001",
          "name": "DC01",
          "ip": "10.1.0.20"
        },
        "manager": {
          "name": "wazuh.manager"
        },
        "id": "1700000000.725886174",
        "decoder": {
          "name": "windows_eventchannel"
        },
        "location": "EventChannel",
        "data": {
          "win": {
            "system": {
              "eventID": "4769",
              "channel": "Security",
              "providerName": "Microsoft-Windows-Security-Auditing",
              "computer": "DC01.corp.local",
              "level": "4",
              "task": "1",
              "opcode": "0",
              "keywords": "0x8000000000000000",
              "severityValue": "INFORMATION"
            },
            "eventdata": {
              "targetUserName": "svc_web$@CORP.LOCAL",
              "targetDomainName": "CORP.LOCAL",
              "serviceName": "HTTP/WEBSERVER01.corp.local",
              "serviceSid": "S-1-5-21-1234567890-1234567890-1234567890-1107",
              "ticketOptions": "0x40810000",
              "ticketEncryptionType": "0x17",
              "ipAddress": "::ffff:10.1.1.50",
              "ipPort": "49723",
              "status": "0x0",
              "logonGuid": "{12345678-1234-1234-1234-123456789012}",
              "transmittedServices": "-"
            }
          }
        }
      }
    },
    {
      "_comment": "Sysmon Event 11 - Kerberoast output file",
      "sequence": 5,
      "timestamp": "2026-01-29T12:00:02.000Z",
      "log": {
        "timestamp": "",
        "rule": {
          "level": 12,
          "description": "Sysmon - Event 11: Kerberoasting via Rubeus",
          "id": "100100",
          "mitre": {
            "id": [
              "T1558.003"
            ],
            "tactic": [
              "Credential Access"
            ],
            "technique": [
              "Kerberoasting via Rubeus"
            ]
          },
          "firedtimes": 1,
          "mail": false,
          "groups": [
            "sysmon",
            "sysmon_event11",
            "windows"
          ]
        },
        "agent": {
          "id": "007",
          "name": "WS01",
          "ip": "10.1.0.20"
        },
        "manager": {
          "name": "wazuh.manager"
        },
        "id": "1700000000.53517186",
        "decoder": {
          "name": "windows_eventchannel"
        },
        "location": "EventChannel",
        "data": {
          "win": {
            "system": {
              "eventID": "11",
              "channel": "Microsoft-Windows-Sysmon/Operational",
              "providerName": "Microsoft-Windows-Sysmon",
              "computer": "WS01.corp.local",
              "level": "4",
              "task": "1",
              "opcode": "0",
              "keywords": "0x8000000000000000",
              "severityValue": "INFORMATION"
            },
            "eventdata": {
              "utcTime": "2026-01-29 12:00:02.000",
              "processGuid": "{KERB-001-0001-0001-000000000001}",
              "processId": "10000",
              "image": "C:\\Users\\Public\\Rubeus.exe",
              "targetFilename": "C:\\Users\\Public\\hashes.txt",
              "creationUtcTime": "2026-01-29 12:00:02.000",
              "user": "CORP\\john.doe"
            }
          }
        }
      }
    }
  ]
}