{
  "_metadata": {
    "attack_id": "T1562.002",
    "variation": "001",
    "name": "PowerShell Disable Windows Event Logging",
    "description": "Attacker disables Windows event logging via PowerShell to evade detection",
    "expected_detection": "HIGH",
    "kill_chain_phase": "defense-evasion",
    "format": "wazuh-native",
    "format_version": "1.0"
  },
  "logs": [
    {
      "_comment": "Disable ScriptBlock Logging",
      "sequence": 1,
      "timestamp": "2026-02-04T14:00:00.000Z",
      "log": {
        "rule": {
          "level": 14,
          "description": "Sysmon - Event 1: PowerShell Disables Script Block Logging",
          "id": "100916",
          "mitre": {
            "id": [
              "T1562.002"
            ],
            "tactic": [
              "Defense Evasion"
            ],
            "technique": [
              "Disable Windows Event Logging"
            ]
          },
          "firedtimes": 1,
          "mail": false,
          "groups": [
            "sysmon",
            "sysmon_event1",
            "windows"
          ]
        },
        "agent": {
          "id": "020",
          "name": "WS01",
          "ip": "198.51.100.20"
        },
        "manager": {
          "name": "wazuh.manager"
        },
        "id": "1700000001.562002001",
        "decoder": {
          "name": "windows_eventchannel"
        },
        "location": "EventChannel",
        "data": {
          "win": {
            "system": {
              "eventID": "1",
              "channel": "Microsoft-Windows-Sysmon/Operational",
              "providerName": "Microsoft-Windows-Sysmon",
              "computer": "WS01.corp.local"
            },
            "eventdata": {
              "image": "C:\\Windows\\System32\\WindowsPowerShell\\v1.0\\powershell.exe",
              "commandLine": "powershell.exe -c \"Set-ItemProperty -Path 'HKLM:\\SOFTWARE\\Policies\\Microsoft\\Windows\\PowerShell\\ScriptBlockLogging' -Name 'EnableScriptBlockLogging' -Value 0\"",
              "user": "CORP\\attacker",
              "parentImage": "C:\\Windows\\System32\\cmd.exe",
              "parentCommandLine": "cmd.exe"
            }
          }
        },
        "_fomorian_test": true,
        "_fomorian_attack_id": "T1562.002",
        "_fomorian_batch": "campaign8-powerstrike"
      }
    },
    {
      "_comment": "Disable Module Logging",
      "sequence": 2,
      "timestamp": "2026-02-04T14:00:05.000Z",
      "log": {
        "rule": {
          "level": 14,
          "description": "Sysmon - Event 1: PowerShell Disables Module Logging",
          "id": "100916",
          "mitre": {
            "id": [
              "T1562.002"
            ],
            "tactic": [
              "Defense Evasion"
            ],
            "technique": [
              "Disable Windows Event Logging"
            ]
          },
          "firedtimes": 1,
          "mail": false,
          "groups": [
            "sysmon",
            "sysmon_event1",
            "windows"
          ]
        },
        "agent": {
          "id": "020",
          "name": "WS01",
          "ip": "198.51.100.20"
        },
        "manager": {
          "name": "wazuh.manager"
        },
        "id": "1700000001.562002002",
        "decoder": {
          "name": "windows_eventchannel"
        },
        "location": "EventChannel",
        "data": {
          "win": {
            "system": {
              "eventID": "1",
              "channel": "Microsoft-Windows-Sysmon/Operational",
              "providerName": "Microsoft-Windows-Sysmon",
              "computer": "WS01.corp.local"
            },
            "eventdata": {
              "image": "C:\\Windows\\System32\\WindowsPowerShell\\v1.0\\powershell.exe",
              "commandLine": "powershell.exe -c \"Set-ItemProperty -Path 'HKLM:\\SOFTWARE\\Policies\\Microsoft\\Windows\\PowerShell\\ModuleLogging' -Name 'EnableModuleLogging' -Value 0\"",
              "user": "CORP\\attacker",
              "parentImage": "C:\\Windows\\System32\\cmd.exe",
              "parentCommandLine": "cmd.exe"
            }
          }
        },
        "_fomorian_test": true,
        "_fomorian_attack_id": "T1562.002",
        "_fomorian_batch": "campaign8-powerstrike"
      }
    },
    {
      "_comment": "Stop Windows Event Log Service",
      "sequence": 3,
      "timestamp": "2026-02-04T14:00:10.000Z",
      "log": {
        "rule": {
          "level": 15,
          "description": "Sysmon - Event 1: Stop Windows Event Log Service",
          "id": "100916",
          "mitre": {
            "id": [
              "T1562.002"
            ],
            "tactic": [
              "Defense Evasion"
            ],
            "technique": [
              "Disable Windows Event Logging"
            ]
          },
          "firedtimes": 1,
          "mail": false,
          "groups": [
            "sysmon",
            "sysmon_event1",
            "windows"
          ]
        },
        "agent": {
          "id": "020",
          "name": "WS01",
          "ip": "198.51.100.20"
        },
        "manager": {
          "name": "wazuh.manager"
        },
        "id": "1700000001.562002003",
        "decoder": {
          "name": "windows_eventchannel"
        },
        "location": "EventChannel",
        "data": {
          "win": {
            "system": {
              "eventID": "1",
              "channel": "Microsoft-Windows-Sysmon/Operational",
              "providerName": "Microsoft-Windows-Sysmon",
              "computer": "WS01.corp.local"
            },
            "eventdata": {
              "image": "C:\\Windows\\System32\\WindowsPowerShell\\v1.0\\powershell.exe",
              "commandLine": "powershell.exe -c \"Stop-Service -Name EventLog -Force\"",
              "user": "CORP\\attacker",
              "parentImage": "C:\\Windows\\System32\\cmd.exe",
              "parentCommandLine": "cmd.exe"
            }
          }
        },
        "_fomorian_test": true,
        "_fomorian_attack_id": "T1562.002",
        "_fomorian_batch": "campaign8-powerstrike"
      }
    }
  ]
}
