{
  "_metadata": {
    "attack_id": "T1021.002",
    "variation": "001",
    "name": "Copy to Admin Share",
    "description": "Attacker copying malicious file to remote C$ admin share",
    "expected_detection": "MEDIUM",
    "expected_soar": "lateral-movement-detection",
    "kill_chain_phase": "lateral-movement",
    "format": "wazuh-native",
    "format_version": "1.0"
  },
  "logs": [
    {
      "_comment": "Sysmon Event 1 - net use to connect to C$ share",
      "sequence": 1,
      "timestamp": "2026-01-29T15:15:00.000Z",
      "log": {
        "timestamp": "",
        "rule": {
          "level": 12,
          "description": "Sysmon - Event 1: Copy to Admin Share",
          "id": "100100",
          "mitre": {
            "id": [
              "T1021.002"
            ],
            "tactic": [
              "Lateral Movement"
            ],
            "technique": [
              "Copy to Admin Share"
            ]
          },
          "firedtimes": 1,
          "mail": false,
          "groups": [
            "sysmon",
            "sysmon_event1",
            "windows"
          ]
        },
        "agent": {
          "id": "007",
          "name": "WS01",
          "ip": "10.1.0.20"
        },
        "manager": {
          "name": "wazuh.manager"
        },
        "id": "1700000000.233310039",
        "decoder": {
          "name": "windows_eventchannel"
        },
        "location": "EventChannel",
        "data": {
          "win": {
            "system": {
              "eventID": "1",
              "channel": "Microsoft-Windows-Sysmon/Operational",
              "providerName": "Microsoft-Windows-Sysmon",
              "computer": "WS01.corp.local",
              "level": "4",
              "task": "1",
              "opcode": "0",
              "keywords": "0x8000000000000000",
              "severityValue": "INFORMATION"
            },
            "eventdata": {
              "utcTime": "2026-01-29 15:15:00.000",
              "processGuid": "{A1B2C3D4-6001-6001-6001-000000000001}",
              "processId": "21000",
              "image": "C:\\Windows\\System32\\net.exe",
              "commandLine": "net use \\\\DC01\\C$ /user:CORP\\admin.user P@ssw0rd123",
              "currentDirectory": "C:\\Users\\admin.user\\",
              "user": "CORP\\admin.user",
              "integrityLevel": "High",
              "parentProcessGuid": "{A1B2C3D4-6001-6001-6001-000000000000}",
              "parentProcessId": "20800",
              "parentImage": "C:\\Windows\\System32\\cmd.exe",
              "parentCommandLine": "cmd.exe"
            }
          }
        }
      }
    },
    {
      "_comment": "Sysmon Event 3 - SMB connection to remote host",
      "sequence": 2,
      "timestamp": "2026-01-29T15:15:01.000Z",
      "log": {
        "timestamp": "",
        "rule": {
          "level": 12,
          "description": "Sysmon - Event 3: Copy to Admin Share",
          "id": "100100",
          "mitre": {
            "id": [
              "T1021.002"
            ],
            "tactic": [
              "Lateral Movement"
            ],
            "technique": [
              "Copy to Admin Share"
            ]
          },
          "firedtimes": 1,
          "mail": false,
          "groups": [
            "sysmon",
            "sysmon_event3",
            "windows"
          ]
        },
        "agent": {
          "id": "007",
          "name": "WS01",
          "ip": "10.1.0.20"
        },
        "manager": {
          "name": "wazuh.manager"
        },
        "id": "1700000000.972589059",
        "decoder": {
          "name": "windows_eventchannel"
        },
        "location": "EventChannel",
        "data": {
          "win": {
            "system": {
              "eventID": "3",
              "channel": "Microsoft-Windows-Sysmon/Operational",
              "providerName": "Microsoft-Windows-Sysmon",
              "computer": "WS01.corp.local",
              "level": "4",
              "task": "1",
              "opcode": "0",
              "keywords": "0x8000000000000000",
              "severityValue": "INFORMATION"
            },
            "eventdata": {
              "utcTime": "2026-01-29 15:15:01.000",
              "processGuid": "{A1B2C3D4-6001-6001-6001-000000000001}",
              "processId": "21000",
              "image": "C:\\Windows\\System32\\net.exe",
              "user": "CORP\\admin.user",
              "protocol": "tcp",
              "initiated": "true",
              "sourceIp": "10.1.1.50",
              "sourcePort": "51000",
              "destinationIp": "10.1.1.10",
              "destinationHostname": "DC01.corp.local",
              "destinationPort": "445"
            }
          }
        }
      }
    },
    {
      "_comment": "Sysmon Event 1 - copy command to C$ share",
      "sequence": 3,
      "timestamp": "2026-01-29T15:15:05.000Z",
      "log": {
        "timestamp": "",
        "rule": {
          "level": 12,
          "description": "Sysmon - Event 1: Copy to Admin Share",
          "id": "100100",
          "mitre": {
            "id": [
              "T1021.002"
            ],
            "tactic": [
              "Lateral Movement"
            ],
            "technique": [
              "Copy to Admin Share"
            ]
          },
          "firedtimes": 1,
          "mail": false,
          "groups": [
            "sysmon",
            "sysmon_event1",
            "windows"
          ]
        },
        "agent": {
          "id": "007",
          "name": "WS01",
          "ip": "10.1.0.20"
        },
        "manager": {
          "name": "wazuh.manager"
        },
        "id": "1700000000.181541684",
        "decoder": {
          "name": "windows_eventchannel"
        },
        "location": "EventChannel",
        "data": {
          "win": {
            "system": {
              "eventID": "1",
              "channel": "Microsoft-Windows-Sysmon/Operational",
              "providerName": "Microsoft-Windows-Sysmon",
              "computer": "WS01.corp.local",
              "level": "4",
              "task": "1",
              "opcode": "0",
              "keywords": "0x8000000000000000",
              "severityValue": "INFORMATION"
            },
            "eventdata": {
              "utcTime": "2026-01-29 15:15:05.000",
              "processGuid": "{A1B2C3D4-6001-6001-6001-000000000002}",
              "processId": "21100",
              "image": "C:\\Windows\\System32\\cmd.exe",
              "commandLine": "cmd.exe /c copy C:\\Users\\Public\\payload.exe \\\\DC01\\C$\\Windows\\Temp\\svchost.exe",
              "currentDirectory": "C:\\Users\\admin.user\\",
              "user": "CORP\\admin.user",
              "integrityLevel": "High",
              "parentProcessGuid": "{A1B2C3D4-6001-6001-6001-000000000000}",
              "parentProcessId": "20800",
              "parentImage": "C:\\Windows\\System32\\cmd.exe",
              "parentCommandLine": "cmd.exe"
            }
          }
        }
      }
    }
  ]
}