{
  "_metadata": {
    "attack_id": "T1070.001",
    "variation": "001",
    "name": "Clear Windows Event Logs via wevtutil",
    "description": "Attacker clearing Windows Event Logs to cover tracks",
    "expected_detection": "CRITICAL",
    "expected_soar": "defense-evasion-response",
    "kill_chain_phase": "defense-evasion",
    "format": "wazuh-native",
    "format_version": "1.0"
  },
  "logs": [
    {
      "_comment": "Sysmon Event 1 - wevtutil clearing Security log",
      "sequence": 1,
      "timestamp": "2026-01-29T14:45:00.000Z",
      "log": {
        "timestamp": "",
        "rule": {
          "level": 12,
          "description": "Sysmon - Event 1: Clear Windows Event Logs via wevtutil",
          "id": "100100",
          "mitre": {
            "id": [
              "T1070.001"
            ],
            "tactic": [
              "Defense Evasion"
            ],
            "technique": [
              "Clear Windows Event Logs via wevtutil"
            ]
          },
          "firedtimes": 1,
          "mail": false,
          "groups": [
            "sysmon",
            "sysmon_event1",
            "windows"
          ]
        },
        "agent": {
          "id": "007",
          "name": "WS01",
          "ip": "10.1.0.20"
        },
        "manager": {
          "name": "wazuh.manager"
        },
        "id": "1700000000.84628713",
        "decoder": {
          "name": "windows_eventchannel"
        },
        "location": "EventChannel",
        "data": {
          "win": {
            "system": {
              "eventID": "1",
              "channel": "Microsoft-Windows-Sysmon/Operational",
              "providerName": "Microsoft-Windows-Sysmon",
              "computer": "WS01.corp.local",
              "level": "4",
              "task": "1",
              "opcode": "0",
              "keywords": "0x8000000000000000",
              "severityValue": "INFORMATION"
            },
            "eventdata": {
              "utcTime": "2026-01-29 14:45:00.000",
              "processGuid": "{A1B2C3D4-4002-4002-4002-000000000001}",
              "processId": "19500",
              "image": "C:\\Windows\\System32\\wevtutil.exe",
              "commandLine": "wevtutil cl Security",
              "currentDirectory": "C:\\Windows\\System32\\",
              "user": "CORP\\admin.user",
              "integrityLevel": "High",
              "parentProcessGuid": "{A1B2C3D4-4002-4002-4002-000000000000}",
              "parentProcessId": "19300",
              "parentImage": "C:\\Windows\\System32\\cmd.exe",
              "parentCommandLine": "cmd.exe"
            }
          }
        }
      }
    },
    {
      "_comment": "Windows Security Event 1102 - Audit log cleared",
      "sequence": 2,
      "timestamp": "2026-01-29T14:45:01.000Z",
      "log": {
        "timestamp": "",
        "rule": {
          "level": 12,
          "description": "Sysmon - Event 1102: Clear Windows Event Logs via wevtutil",
          "id": "100100",
          "mitre": {
            "id": [
              "T1070.001"
            ],
            "tactic": [
              "Defense Evasion"
            ],
            "technique": [
              "Clear Windows Event Logs via wevtutil"
            ]
          },
          "firedtimes": 1,
          "mail": false,
          "groups": [
            "sysmon",
            "sysmon_event1102",
            "windows"
          ]
        },
        "agent": {
          "id": "007",
          "name": "WS01",
          "ip": "10.1.0.20"
        },
        "manager": {
          "name": "wazuh.manager"
        },
        "id": "1700000000.196281522",
        "decoder": {
          "name": "windows_eventchannel"
        },
        "location": "EventChannel",
        "data": {
          "win": {
            "system": {
              "eventID": "1102",
              "channel": "Security",
              "providerName": "Microsoft-Windows-Eventlog",
              "computer": "WS01.corp.local",
              "level": "4",
              "task": "1",
              "opcode": "0",
              "keywords": "0x8000000000000000",
              "severityValue": "INFORMATION"
            },
            "eventdata": {
              "subjectUserSid": "S-1-5-21-1234567890-1234567890-1234567890-500",
              "subjectUserName": "admin.user",
              "subjectDomainName": "CORP",
              "subjectLogonId": "0x9B5D3"
            }
          }
        }
      }
    },
    {
      "_comment": "Sysmon Event 1 - wevtutil clearing System log",
      "sequence": 3,
      "timestamp": "2026-01-29T14:45:02.000Z",
      "log": {
        "timestamp": "",
        "rule": {
          "level": 12,
          "description": "Sysmon - Event 1: Clear Windows Event Logs via wevtutil",
          "id": "100100",
          "mitre": {
            "id": [
              "T1070.001"
            ],
            "tactic": [
              "Defense Evasion"
            ],
            "technique": [
              "Clear Windows Event Logs via wevtutil"
            ]
          },
          "firedtimes": 1,
          "mail": false,
          "groups": [
            "sysmon",
            "sysmon_event1",
            "windows"
          ]
        },
        "agent": {
          "id": "007",
          "name": "WS01",
          "ip": "10.1.0.20"
        },
        "manager": {
          "name": "wazuh.manager"
        },
        "id": "1700000000.554654940",
        "decoder": {
          "name": "windows_eventchannel"
        },
        "location": "EventChannel",
        "data": {
          "win": {
            "system": {
              "eventID": "1",
              "channel": "Microsoft-Windows-Sysmon/Operational",
              "providerName": "Microsoft-Windows-Sysmon",
              "computer": "WS01.corp.local",
              "level": "4",
              "task": "1",
              "opcode": "0",
              "keywords": "0x8000000000000000",
              "severityValue": "INFORMATION"
            },
            "eventdata": {
              "utcTime": "2026-01-29 14:45:02.000",
              "processGuid": "{A1B2C3D4-4002-4002-4002-000000000002}",
              "processId": "19600",
              "image": "C:\\Windows\\System32\\wevtutil.exe",
              "commandLine": "wevtutil cl System",
              "currentDirectory": "C:\\Windows\\System32\\",
              "user": "CORP\\admin.user",
              "integrityLevel": "High",
              "parentProcessGuid": "{A1B2C3D4-4002-4002-4002-000000000000}",
              "parentProcessId": "19300",
              "parentImage": "C:\\Windows\\System32\\cmd.exe",
              "parentCommandLine": "cmd.exe"
            }
          }
        }
      }
    }
  ]
}