{
  "_metadata": {
    "attack_id": "T1485",
    "variation": "001",
    "name": "Data Destruction via File Deletion",
    "description": "Mass file deletion using sdelete and vssadmin",
    "expected_detection": "HIGH",
    "kill_chain_phase": "impact",
    "format": "wazuh-native",
    "format_version": "1.0"
  },
  "logs": [
    {
      "_comment": "Sysmon Event 1 - vssadmin delete shadows",
      "sequence": 1,
      "timestamp": "2026-01-29T13:00:00.000Z",
      "log": {
        "timestamp": "",
        "rule": {
          "level": 14,
          "description": "Sysmon - Event 1: Shadow Copy Deletion",
          "id": "100100",
          "mitre": {
            "id": ["T1485", "T1490"],
            "tactic": ["Impact"],
            "technique": ["Data Destruction", "Inhibit System Recovery"]
          },
          "firedtimes": 1,
          "mail": false,
          "groups": ["sysmon", "sysmon_event1", "windows"]
        },
        "agent": {"id": "007", "name": "WS01", "ip": "10.1.0.20"},
        "manager": {"name": "wazuh.manager"},
        "id": "1700000000.100001",
        "decoder": {"name": "windows_eventchannel"},
        "location": "EventChannel",
        "data": {
          "win": {
            "system": {
              "eventID": "1",
              "channel": "Microsoft-Windows-Sysmon/Operational",
              "providerName": "Microsoft-Windows-Sysmon",
              "computer": "WS01.corp.local",
              "level": "4",
              "task": "1",
              "opcode": "0",
              "keywords": "0x8000000000000000",
              "severityValue": "INFORMATION"
            },
            "eventdata": {
              "utcTime": "2026-01-29 13:00:00.000",
              "processGuid": "{DEST-001-0001-0001-000000000001}",
              "processId": "5100",
              "image": "C:\\Windows\\System32\\vssadmin.exe",
              "commandLine": "vssadmin.exe delete shadows /all /quiet",
              "currentDirectory": "C:\\Windows\\System32\\",
              "user": "CORP\\admin",
              "integrityLevel": "High",
              "hashes": "SHA256=VSSADMINHASH1234567890ABCDEF1234567890ABCDEF1234567890",
              "parentProcessGuid": "{DEST-001-0001-0001-000000000000}",
              "parentProcessId": "5000",
              "parentImage": "C:\\Windows\\System32\\cmd.exe",
              "parentCommandLine": "cmd.exe"
            }
          }
        }
      }
    },
    {
      "_comment": "Sysmon Event 1 - sdelete secure file deletion",
      "sequence": 2,
      "timestamp": "2026-01-29T13:00:30.000Z",
      "log": {
        "timestamp": "",
        "rule": {
          "level": 14,
          "description": "Sysmon - Event 1: Secure File Deletion Tool",
          "id": "100100",
          "mitre": {
            "id": ["T1485"],
            "tactic": ["Impact"],
            "technique": ["Data Destruction"]
          },
          "firedtimes": 1,
          "mail": false,
          "groups": ["sysmon", "sysmon_event1", "windows"]
        },
        "agent": {"id": "007", "name": "WS01", "ip": "10.1.0.20"},
        "manager": {"name": "wazuh.manager"},
        "id": "1700000000.100002",
        "decoder": {"name": "windows_eventchannel"},
        "location": "EventChannel",
        "data": {
          "win": {
            "system": {
              "eventID": "1",
              "channel": "Microsoft-Windows-Sysmon/Operational",
              "providerName": "Microsoft-Windows-Sysmon",
              "computer": "WS01.corp.local",
              "level": "4",
              "task": "1",
              "opcode": "0",
              "keywords": "0x8000000000000000",
              "severityValue": "INFORMATION"
            },
            "eventdata": {
              "utcTime": "2026-01-29 13:00:30.000",
              "processGuid": "{DEST-001-0001-0001-000000000002}",
              "processId": "5200",
              "image": "C:\\Tools\\sdelete.exe",
              "commandLine": "sdelete.exe -p 3 -s -q C:\\Users\\*",
              "currentDirectory": "C:\\Tools\\",
              "user": "CORP\\admin",
              "integrityLevel": "High",
              "hashes": "SHA256=SDELETEHASH1234567890ABCDEF1234567890ABCDEF1234567890AB",
              "parentProcessGuid": "{DEST-001-0001-0001-000000000000}",
              "parentProcessId": "5000",
              "parentImage": "C:\\Windows\\System32\\cmd.exe",
              "parentCommandLine": "cmd.exe"
            }
          }
        }
      }
    },
    {
      "_comment": "Sysmon Event 1 - wbadmin delete catalog",
      "sequence": 3,
      "timestamp": "2026-01-29T13:01:00.000Z",
      "log": {
        "timestamp": "",
        "rule": {
          "level": 14,
          "description": "Sysmon - Event 1: Backup Catalog Deletion",
          "id": "100100",
          "mitre": {
            "id": ["T1485", "T1490"],
            "tactic": ["Impact"],
            "technique": ["Data Destruction", "Inhibit System Recovery"]
          },
          "firedtimes": 1,
          "mail": false,
          "groups": ["sysmon", "sysmon_event1", "windows"]
        },
        "agent": {"id": "007", "name": "WS01", "ip": "10.1.0.20"},
        "manager": {"name": "wazuh.manager"},
        "id": "1700000000.100003",
        "decoder": {"name": "windows_eventchannel"},
        "location": "EventChannel",
        "data": {
          "win": {
            "system": {
              "eventID": "1",
              "channel": "Microsoft-Windows-Sysmon/Operational",
              "providerName": "Microsoft-Windows-Sysmon",
              "computer": "WS01.corp.local",
              "level": "4",
              "task": "1",
              "opcode": "0",
              "keywords": "0x8000000000000000",
              "severityValue": "INFORMATION"
            },
            "eventdata": {
              "utcTime": "2026-01-29 13:01:00.000",
              "processGuid": "{DEST-001-0001-0001-000000000003}",
              "processId": "5300",
              "image": "C:\\Windows\\System32\\wbadmin.exe",
              "commandLine": "wbadmin.exe delete catalog -quiet",
              "currentDirectory": "C:\\Windows\\System32\\",
              "user": "CORP\\admin",
              "integrityLevel": "High",
              "hashes": "SHA256=WBADMINHASH1234567890ABCDEF1234567890ABCDEF1234567890AB",
              "parentProcessGuid": "{DEST-001-0001-0001-000000000000}",
              "parentProcessId": "5000",
              "parentImage": "C:\\Windows\\System32\\cmd.exe",
              "parentCommandLine": "cmd.exe"
            }
          }
        }
      }
    }
  ]
}
