{
  "_metadata": {
    "attack_id": "T1082",
    "variation": "001",
    "name": "System Information Discovery",
    "description": "Attacker gathering system information for reconnaissance",
    "expected_detection": "LOW",
    "expected_soar": "discovery-detection",
    "kill_chain_phase": "discovery",
    "format": "wazuh-native",
    "format_version": "1.0"
  },
  "logs": [
    {
      "_comment": "Sysmon Event 1 - systeminfo command",
      "sequence": 1,
      "timestamp": "2026-01-29T14:10:00.000Z",
      "log": {
        "timestamp": "",
        "rule": {
          "level": 12,
          "description": "Sysmon - Event 1: System Information Discovery",
          "id": "100100",
          "mitre": {
            "id": [
              "T1082"
            ],
            "tactic": [
              "Discovery"
            ],
            "technique": [
              "System Information Discovery"
            ]
          },
          "firedtimes": 1,
          "mail": false,
          "groups": [
            "sysmon",
            "sysmon_event1",
            "windows"
          ]
        },
        "agent": {
          "id": "007",
          "name": "WS01",
          "ip": "10.1.0.20"
        },
        "manager": {
          "name": "wazuh.manager"
        },
        "id": "1700000000.963374843",
        "decoder": {
          "name": "windows_eventchannel"
        },
        "location": "EventChannel",
        "data": {
          "win": {
            "system": {
              "eventID": "1",
              "channel": "Microsoft-Windows-Sysmon/Operational",
              "providerName": "Microsoft-Windows-Sysmon",
              "computer": "WS01.corp.local",
              "level": "4",
              "task": "1",
              "opcode": "0",
              "keywords": "0x8000000000000000",
              "severityValue": "INFORMATION"
            },
            "eventdata": {
              "utcTime": "2026-01-29 14:10:00.000",
              "processGuid": "{A1B2C3D4-3002-3002-3002-000000000001}",
              "processId": "17500",
              "image": "C:\\Windows\\System32\\systeminfo.exe",
              "commandLine": "systeminfo",
              "currentDirectory": "C:\\Users\\john.doe\\",
              "user": "CORP\\john.doe",
              "integrityLevel": "Medium",
              "parentProcessGuid": "{A1B2C3D4-3002-3002-3002-000000000000}",
              "parentProcessId": "17300",
              "parentImage": "C:\\Windows\\System32\\cmd.exe",
              "parentCommandLine": "cmd.exe"
            }
          }
        }
      }
    },
    {
      "_comment": "Sysmon Event 1 - hostname command",
      "sequence": 2,
      "timestamp": "2026-01-29T14:10:02.000Z",
      "log": {
        "timestamp": "",
        "rule": {
          "level": 12,
          "description": "Sysmon - Event 1: System Information Discovery",
          "id": "100100",
          "mitre": {
            "id": [
              "T1082"
            ],
            "tactic": [
              "Discovery"
            ],
            "technique": [
              "System Information Discovery"
            ]
          },
          "firedtimes": 1,
          "mail": false,
          "groups": [
            "sysmon",
            "sysmon_event1",
            "windows"
          ]
        },
        "agent": {
          "id": "007",
          "name": "WS01",
          "ip": "10.1.0.20"
        },
        "manager": {
          "name": "wazuh.manager"
        },
        "id": "1700000000.752332492",
        "decoder": {
          "name": "windows_eventchannel"
        },
        "location": "EventChannel",
        "data": {
          "win": {
            "system": {
              "eventID": "1",
              "channel": "Microsoft-Windows-Sysmon/Operational",
              "providerName": "Microsoft-Windows-Sysmon",
              "computer": "WS01.corp.local",
              "level": "4",
              "task": "1",
              "opcode": "0",
              "keywords": "0x8000000000000000",
              "severityValue": "INFORMATION"
            },
            "eventdata": {
              "utcTime": "2026-01-29 14:10:02.000",
              "processGuid": "{A1B2C3D4-3002-3002-3002-000000000002}",
              "processId": "17600",
              "image": "C:\\Windows\\System32\\hostname.exe",
              "commandLine": "hostname",
              "currentDirectory": "C:\\Users\\john.doe\\",
              "user": "CORP\\john.doe",
              "integrityLevel": "Medium",
              "parentProcessGuid": "{A1B2C3D4-3002-3002-3002-000000000000}",
              "parentProcessId": "17300",
              "parentImage": "C:\\Windows\\System32\\cmd.exe",
              "parentCommandLine": "cmd.exe"
            }
          }
        }
      }
    },
    {
      "_comment": "Sysmon Event 1 - whoami command",
      "sequence": 3,
      "timestamp": "2026-01-29T14:10:04.000Z",
      "log": {
        "timestamp": "",
        "rule": {
          "level": 12,
          "description": "Sysmon - Event 1: System Information Discovery",
          "id": "100100",
          "mitre": {
            "id": [
              "T1082"
            ],
            "tactic": [
              "Discovery"
            ],
            "technique": [
              "System Information Discovery"
            ]
          },
          "firedtimes": 1,
          "mail": false,
          "groups": [
            "sysmon",
            "sysmon_event1",
            "windows"
          ]
        },
        "agent": {
          "id": "007",
          "name": "WS01",
          "ip": "10.1.0.20"
        },
        "manager": {
          "name": "wazuh.manager"
        },
        "id": "1700000000.25139716",
        "decoder": {
          "name": "windows_eventchannel"
        },
        "location": "EventChannel",
        "data": {
          "win": {
            "system": {
              "eventID": "1",
              "channel": "Microsoft-Windows-Sysmon/Operational",
              "providerName": "Microsoft-Windows-Sysmon",
              "computer": "WS01.corp.local",
              "level": "4",
              "task": "1",
              "opcode": "0",
              "keywords": "0x8000000000000000",
              "severityValue": "INFORMATION"
            },
            "eventdata": {
              "utcTime": "2026-01-29 14:10:04.000",
              "processGuid": "{A1B2C3D4-3002-3002-3002-000000000003}",
              "processId": "17700",
              "image": "C:\\Windows\\System32\\whoami.exe",
              "commandLine": "whoami /all",
              "currentDirectory": "C:\\Users\\john.doe\\",
              "user": "CORP\\john.doe",
              "integrityLevel": "Medium",
              "parentProcessGuid": "{A1B2C3D4-3002-3002-3002-000000000000}",
              "parentProcessId": "17300",
              "parentImage": "C:\\Windows\\System32\\cmd.exe",
              "parentCommandLine": "cmd.exe"
            }
          }
        }
      }
    }
  ]
}