{
  "_metadata": {
    "attack_id": "T1529",
    "variation": "001",
    "name": "System Shutdown/Reboot",
    "description": "Forcing system shutdown or reboot for impact",
    "expected_detection": "HIGH",
    "kill_chain_phase": "impact",
    "format": "wazuh-native",
    "format_version": "1.0"
  },
  "logs": [
    {
      "_comment": "Sysmon Event 1 - shutdown command",
      "sequence": 1,
      "timestamp": "2026-01-30T04:45:00.000Z",
      "log": {
        "rule": {
          "level": 14,
          "description": "Sysmon - Event 1: System Shutdown Command Executed",
          "id": "100100",
          "mitre": {
            "id": [
              "T1529"
            ],
            "tactic": [
              "Impact"
            ],
            "technique": [
              "System Shutdown/Reboot"
            ]
          },
          "firedtimes": 1,
          "mail": false,
          "groups": [
            "sysmon",
            "sysmon_event1",
            "windows"
          ]
        },
        "agent": {
          "id": "020",
          "name": "WS01",
          "ip": "198.51.100.20"
        },
        "manager": {
          "name": "wazuh.manager"
        },
        "id": "1700000031.000001",
        "decoder": {
          "name": "windows_eventchannel"
        },
        "location": "EventChannel",
        "data": {
          "win": {
            "system": {
              "eventID": "1",
              "channel": "Microsoft-Windows-Sysmon/Operational",
              "providerName": "Microsoft-Windows-Sysmon",
              "computer": "WS01.corp.local",
              "level": "4",
              "task": "1",
              "severityValue": "INFORMATION"
            },
            "eventdata": {
              "utcTime": "2026-01-30 04:45:00.000",
              "processGuid": "{SHUTDOWN-001-0001-000000000001}",
              "processId": "58000",
              "image": "C:\\Windows\\System32\\shutdown.exe",
              "commandLine": "shutdown /s /f /t 0",
              "currentDirectory": "C:\\Users\\attacker\\",
              "user": "NT AUTHORITY\\SYSTEM",
              "integrityLevel": "System",
              "hashes": "SHA256=SHUTDOWN_HASH_1234567890ABCDEF1234567890ABCDEF12",
              "parentProcessGuid": "{SHUTDOWN-001-0001-000000000000}",
              "parentProcessId": "58000",
              "parentImage": "C:\\Windows\\System32\\cmd.exe",
              "parentCommandLine": "cmd.exe"
            }
          }
        }
      }
    },
    {
      "_comment": "Sysmon Event 1 - Force reboot",
      "sequence": 2,
      "timestamp": "2026-01-30T04:45:05.000Z",
      "log": {
        "rule": {
          "level": 14,
          "description": "Sysmon - Event 1: Force Reboot Command",
          "id": "100100",
          "mitre": {
            "id": [
              "T1529"
            ],
            "tactic": [
              "Impact"
            ],
            "technique": [
              "System Shutdown/Reboot"
            ]
          },
          "firedtimes": 1,
          "mail": false,
          "groups": [
            "sysmon",
            "sysmon_event1",
            "windows"
          ]
        },
        "agent": {
          "id": "020",
          "name": "WS01",
          "ip": "198.51.100.20"
        },
        "manager": {
          "name": "wazuh.manager"
        },
        "id": "1700000031.000002",
        "decoder": {
          "name": "windows_eventchannel"
        },
        "location": "EventChannel",
        "data": {
          "win": {
            "system": {
              "eventID": "1",
              "channel": "Microsoft-Windows-Sysmon/Operational",
              "providerName": "Microsoft-Windows-Sysmon",
              "computer": "WS01.corp.local",
              "level": "4",
              "task": "1",
              "severityValue": "INFORMATION"
            },
            "eventdata": {
              "utcTime": "2026-01-30 04:45:05.000",
              "processGuid": "{SHUTDOWN-001-0001-000000000002}",
              "processId": "58100",
              "image": "C:\\Windows\\System32\\shutdown.exe",
              "commandLine": "shutdown /r /f /t 0",
              "currentDirectory": "C:\\Users\\attacker\\",
              "user": "NT AUTHORITY\\SYSTEM",
              "integrityLevel": "System",
              "hashes": "SHA256=SHUTDOWN_HASH_1234567890ABCDEF1234567890ABCDEF12",
              "parentProcessGuid": "{SHUTDOWN-001-0001-000000000000}",
              "parentProcessId": "58000",
              "parentImage": "C:\\Windows\\System32\\cmd.exe",
              "parentCommandLine": "cmd.exe"
            }
          }
        }
      }
    },
    {
      "_comment": "Sysmon Event 1 - PowerShell Restart-Computer",
      "sequence": 3,
      "timestamp": "2026-01-30T04:45:10.000Z",
      "log": {
        "rule": {
          "level": 12,
          "description": "Sysmon - Event 1: PowerShell Restart-Computer",
          "id": "100100",
          "mitre": {
            "id": [
              "T1529"
            ],
            "tactic": [
              "Impact"
            ],
            "technique": [
              "System Shutdown/Reboot"
            ]
          },
          "firedtimes": 1,
          "mail": false,
          "groups": [
            "sysmon",
            "sysmon_event1",
            "windows"
          ]
        },
        "agent": {
          "id": "020",
          "name": "WS01",
          "ip": "198.51.100.20"
        },
        "manager": {
          "name": "wazuh.manager"
        },
        "id": "1700000031.000003",
        "decoder": {
          "name": "windows_eventchannel"
        },
        "location": "EventChannel",
        "data": {
          "win": {
            "system": {
              "eventID": "1",
              "channel": "Microsoft-Windows-Sysmon/Operational",
              "providerName": "Microsoft-Windows-Sysmon",
              "computer": "WS01.corp.local",
              "level": "4",
              "task": "1",
              "severityValue": "INFORMATION"
            },
            "eventdata": {
              "utcTime": "2026-01-30 04:45:10.000",
              "processGuid": "{SHUTDOWN-001-0001-000000000003}",
              "processId": "58200",
              "image": "C:\\Windows\\System32\\WindowsPowerShell\\v1.0\\powershell.exe",
              "commandLine": "powershell.exe -c \"Restart-Computer -Force\"",
              "currentDirectory": "C:\\Users\\attacker\\",
              "user": "NT AUTHORITY\\SYSTEM",
              "integrityLevel": "System",
              "hashes": "SHA256=PS_EXE_HASH_1234567890ABCDEF1234567890ABCDEF1234567",
              "parentProcessGuid": "{SHUTDOWN-001-0001-000000000000}",
              "parentProcessId": "58000",
              "parentImage": "C:\\Windows\\System32\\cmd.exe",
              "parentCommandLine": "cmd.exe"
            }
          }
        }
      }
    }
  ]
}
