{
  "_metadata": {
    "attack_id": "T1562.002",
    "variation": "001",
    "name": "Disable Windows Event Logging",
    "description": "Disabling Windows event logging to evade detection",
    "expected_detection": "CRITICAL",
    "kill_chain_phase": "defense-evasion",
    "format": "wazuh-native",
    "format_version": "1.0"
  },
  "logs": [
    {
      "_comment": "Sysmon Event 1 - Stop EventLog service",
      "sequence": 1,
      "timestamp": "2026-01-30T05:05:00.000Z",
      "log": {
        "rule": {
          "level": 15,
          "description": "Sysmon - Event 1: Windows Event Log Service Stopped",
          "id": "100100",
          "mitre": {
            "id": [
              "T1562.002"
            ],
            "tactic": [
              "Defense Evasion"
            ],
            "technique": [
              "Disable Windows Event Logging"
            ]
          },
          "firedtimes": 1,
          "mail": false,
          "groups": [
            "sysmon",
            "sysmon_event1",
            "windows"
          ]
        },
        "agent": {
          "id": "020",
          "name": "WS01",
          "ip": "198.51.100.20"
        },
        "manager": {
          "name": "wazuh.manager"
        },
        "id": "1700000031.400001",
        "decoder": {
          "name": "windows_eventchannel"
        },
        "location": "EventChannel",
        "data": {
          "win": {
            "system": {
              "eventID": "1",
              "channel": "Microsoft-Windows-Sysmon/Operational",
              "providerName": "Microsoft-Windows-Sysmon",
              "computer": "WS01.corp.local",
              "level": "4",
              "task": "1",
              "severityValue": "INFORMATION"
            },
            "eventdata": {
              "utcTime": "2026-01-30 05:05:00.000",
              "processGuid": "{EVTLOG-001-0001-000000000001}",
              "processId": "62000",
              "image": "C:\\Windows\\System32\\net.exe",
              "commandLine": "net stop EventLog",
              "currentDirectory": "C:\\Users\\attacker\\",
              "user": "NT AUTHORITY\\SYSTEM",
              "integrityLevel": "System",
              "hashes": "SHA256=NET_EXE_HASH_1234567890ABCDEF1234567890ABCDEF123456",
              "parentProcessGuid": "{EVTLOG-001-0001-000000000000}",
              "parentProcessId": "62000",
              "parentImage": "C:\\Windows\\System32\\cmd.exe",
              "parentCommandLine": "cmd.exe"
            }
          }
        }
      }
    },
    {
      "_comment": "Sysmon Event 13 - Disable audit policy via registry",
      "sequence": 2,
      "timestamp": "2026-01-30T05:05:05.000Z",
      "log": {
        "rule": {
          "level": 14,
          "description": "Sysmon - Event 13: Audit Policy Disabled via Registry",
          "id": "100100",
          "mitre": {
            "id": [
              "T1562.002"
            ],
            "tactic": [
              "Defense Evasion"
            ],
            "technique": [
              "Disable Windows Event Logging"
            ]
          },
          "firedtimes": 1,
          "mail": false,
          "groups": [
            "sysmon",
            "sysmon_event13",
            "windows"
          ]
        },
        "agent": {
          "id": "020",
          "name": "WS01",
          "ip": "198.51.100.20"
        },
        "manager": {
          "name": "wazuh.manager"
        },
        "id": "1700000031.400002",
        "decoder": {
          "name": "windows_eventchannel"
        },
        "location": "EventChannel",
        "data": {
          "win": {
            "system": {
              "eventID": "13",
              "channel": "Microsoft-Windows-Sysmon/Operational",
              "providerName": "Microsoft-Windows-Sysmon",
              "computer": "WS01.corp.local",
              "level": "4",
              "task": "13",
              "severityValue": "INFORMATION"
            },
            "eventdata": {
              "utcTime": "2026-01-30 05:05:05.000",
              "processGuid": "{EVTLOG-001-0001-000000000002}",
              "processId": "62100",
              "image": "C:\\Windows\\System32\\reg.exe",
              "eventType": "SetValue",
              "targetObject": "HKLM\\SYSTEM\\CurrentControlSet\\Services\\EventLog\\Security\\Start",
              "details": "DWORD (0x00000004)",
              "user": "NT AUTHORITY\\SYSTEM"
            }
          }
        }
      }
    },
    {
      "_comment": "Sysmon Event 1 - auditpol disable",
      "sequence": 3,
      "timestamp": "2026-01-30T05:05:10.000Z",
      "log": {
        "rule": {
          "level": 15,
          "description": "Sysmon - Event 1: Audit Policy Cleared via auditpol",
          "id": "100100",
          "mitre": {
            "id": [
              "T1562.002"
            ],
            "tactic": [
              "Defense Evasion"
            ],
            "technique": [
              "Disable Windows Event Logging"
            ]
          },
          "firedtimes": 1,
          "mail": false,
          "groups": [
            "sysmon",
            "sysmon_event1",
            "windows"
          ]
        },
        "agent": {
          "id": "020",
          "name": "WS01",
          "ip": "198.51.100.20"
        },
        "manager": {
          "name": "wazuh.manager"
        },
        "id": "1700000031.400003",
        "decoder": {
          "name": "windows_eventchannel"
        },
        "location": "EventChannel",
        "data": {
          "win": {
            "system": {
              "eventID": "1",
              "channel": "Microsoft-Windows-Sysmon/Operational",
              "providerName": "Microsoft-Windows-Sysmon",
              "computer": "WS01.corp.local",
              "level": "4",
              "task": "1",
              "severityValue": "INFORMATION"
            },
            "eventdata": {
              "utcTime": "2026-01-30 05:05:10.000",
              "processGuid": "{EVTLOG-001-0001-000000000003}",
              "processId": "62200",
              "image": "C:\\Windows\\System32\\auditpol.exe",
              "commandLine": "auditpol /clear /y",
              "currentDirectory": "C:\\Users\\attacker\\",
              "user": "NT AUTHORITY\\SYSTEM",
              "integrityLevel": "System",
              "hashes": "SHA256=AUDITPOL_HASH_1234567890ABCDEF1234567890ABCDEF1",
              "parentProcessGuid": "{EVTLOG-001-0001-000000000000}",
              "parentProcessId": "62000",
              "parentImage": "C:\\Windows\\System32\\cmd.exe",
              "parentCommandLine": "cmd.exe"
            }
          }
        }
      }
    }
  ]
}
