{
  "_metadata": {
    "attack_id": "T1546.015",
    "variation": "002",
    "name": "Swarmer PowerShell Module Persistence",
    "description": "Persistence via Mandatory User Profile using Swarmer PowerShell module (Convert-RegToHive)",
    "expected_detection": "HIGH",
    "kill_chain_phase": "persistence",
    "references": [
      "https://github.com/praetorian-inc/swarmer"
    ],
    "format": "wazuh-native",
    "format_version": "1.0"
  },
  "logs": [
    {
      "_comment": "Sysmon Event 1 - PowerShell loading Swarmer module",
      "sequence": 1,
      "timestamp": "2026-02-03T11:00:00.000Z",
      "log": {
        "timestamp": "2026-02-03T11:00:00.000+0000",
        "rule": {
          "level": 12,
          "description": "Sysmon - Event 1: PowerShell with suspicious module",
          "id": "100916",
          "mitre": {
            "id": [
              "T1546.015",
              "T1059.001"
            ],
            "tactic": [
              "Persistence",
              "Execution"
            ],
            "technique": [
              "Event Triggered Execution",
              "PowerShell"
            ]
          },
          "firedtimes": 1,
          "mail": false,
          "groups": [
            "sysmon",
            "sysmon_event1",
            "windows",
            "powershell"
          ]
        },
        "agent": {
          "id": "020",
          "name": "WS01",
          "ip": "198.51.100.20"
        },
        "manager": {
          "name": "wazuh.manager"
        },
        "id": "1706954400.100001",
        "decoder": {
          "name": "windows_eventchannel"
        },
        "location": "EventChannel",
        "data": {
          "win": {
            "system": {
              "eventID": "1",
              "channel": "Microsoft-Windows-Sysmon/Operational",
              "providerName": "Microsoft-Windows-Sysmon",
              "computer": "WS01.corp.local",
              "level": "4",
              "task": "1",
              "severityValue": "INFORMATION",
              "systemTime": "2026-02-03T11:00:00.000Z"
            },
            "eventdata": {
              "utcTime": "2026-02-03 11:00:00.000",
              "processGuid": "{12345678-1234-1234-1234-123456789110}",
              "processId": "7788",
              "image": "C:\\Windows\\System32\\WindowsPowerShell\\v1.0\\powershell.exe",
              "fileVersion": "10.0.19041.1",
              "description": "Windows PowerShell",
              "product": "Microsoft Windows Operating System",
              "company": "Microsoft Corporation",
              "originalFileName": "PowerShell.EXE",
              "commandLine": "powershell.exe -ExecutionPolicy Bypass -Command \"Import-Module C:\\Users\\jsmith\\Tools\\swarmer.dll; Convert-RegToHive -InputFile C:\\Temp\\hkcu.reg -OutputFile C:\\Users\\jsmith\\NTUSER.MAN\"",
              "currentDirectory": "C:\\Users\\jsmith\\",
              "user": "CORP\\jsmith",
              "logonGuid": "{12345678-aaaa-bbbb-cccc-ddddeeeeaaaa}",
              "logonId": "0x12345",
              "terminalSessionId": "1",
              "integrityLevel": "Medium",
              "hashes": "SHA256=1234567890ABCDEF1234567890ABCDEF1234567890ABCDEF1234567890ABCDEF",
              "parentProcessGuid": "{12345678-1234-1234-1234-123456789109}",
              "parentProcessId": "6600",
              "parentImage": "C:\\Windows\\explorer.exe",
              "parentCommandLine": "C:\\Windows\\Explorer.EXE",
              "parentUser": "CORP\\jsmith"
            }
          }
        },
        "_fomorian_batch": "swarmer-persistence",
        "_fomorian_test": true,
        "_fomorian_attack_id": "T1546.015",
        "_fomorian_technique": "swarmer-powershell"
      }
    },
    {
      "_comment": "Sysmon Event 7 - Swarmer DLL loaded",
      "sequence": 2,
      "timestamp": "2026-02-03T11:00:01.000Z",
      "log": {
        "timestamp": "2026-02-03T11:00:01.000+0000",
        "rule": {
          "level": 12,
          "description": "Sysmon - Event 7: Suspicious DLL loaded",
          "id": "100001",
          "mitre": {
            "id": [
              "T1546.015"
            ],
            "tactic": [
              "Persistence"
            ],
            "technique": [
              "Event Triggered Execution"
            ]
          },
          "firedtimes": 1,
          "mail": false,
          "groups": [
            "sysmon",
            "sysmon_event_7",
            "windows"
          ]
        },
        "agent": {
          "id": "020",
          "name": "WS01",
          "ip": "198.51.100.20"
        },
        "manager": {
          "name": "wazuh.manager"
        },
        "id": "1706954401.100002",
        "decoder": {
          "name": "windows_eventchannel"
        },
        "location": "EventChannel",
        "data": {
          "win": {
            "system": {
              "eventID": "7",
              "channel": "Microsoft-Windows-Sysmon/Operational",
              "providerName": "Microsoft-Windows-Sysmon",
              "computer": "WS01.corp.local",
              "level": "4",
              "task": "7",
              "severityValue": "INFORMATION",
              "systemTime": "2026-02-03T11:00:01.000Z"
            },
            "eventdata": {
              "utcTime": "2026-02-03 11:00:01.000",
              "processGuid": "{12345678-1234-1234-1234-123456789110}",
              "processId": "7788",
              "image": "C:\\Windows\\System32\\WindowsPowerShell\\v1.0\\powershell.exe",
              "imageLoaded": "C:\\Users\\jsmith\\Tools\\swarmer.dll",
              "fileVersion": "-",
              "description": "-",
              "product": "-",
              "company": "-",
              "originalFileName": "swarmer.dll",
              "hashes": "SHA256=FEDCBA0987654321FEDCBA0987654321FEDCBA0987654321FEDCBA0987654321",
              "signed": "false",
              "signatureStatus": "Unavailable",
              "user": "CORP\\jsmith"
            }
          }
        },
        "_fomorian_batch": "swarmer-persistence",
        "_fomorian_test": true,
        "_fomorian_attack_id": "T1546.015",
        "_fomorian_technique": "swarmer-dll-load"
      }
    },
    {
      "_comment": "Sysmon Event 11 - NTUSER.MAN created via PowerShell module",
      "sequence": 3,
      "timestamp": "2026-02-03T11:00:02.000Z",
      "log": {
        "timestamp": "2026-02-03T11:00:02.000+0000",
        "rule": {
          "level": 14,
          "description": "Sysmon - Event 11: NTUSER.MAN file created",
          "id": "100910",
          "mitre": {
            "id": [
              "T1546.015"
            ],
            "tactic": [
              "Persistence"
            ],
            "technique": [
              "Event Triggered Execution"
            ]
          },
          "firedtimes": 1,
          "mail": false,
          "groups": [
            "sysmon",
            "sysmon_event_11",
            "windows",
            "persistence"
          ]
        },
        "agent": {
          "id": "020",
          "name": "WS01",
          "ip": "198.51.100.20"
        },
        "manager": {
          "name": "wazuh.manager"
        },
        "id": "1706954402.100003",
        "decoder": {
          "name": "windows_eventchannel"
        },
        "location": "EventChannel",
        "data": {
          "win": {
            "system": {
              "eventID": "11",
              "channel": "Microsoft-Windows-Sysmon/Operational",
              "providerName": "Microsoft-Windows-Sysmon",
              "computer": "WS01.corp.local",
              "level": "4",
              "task": "11",
              "severityValue": "INFORMATION",
              "systemTime": "2026-02-03T11:00:02.000Z"
            },
            "eventdata": {
              "utcTime": "2026-02-03 11:00:02.000",
              "processGuid": "{12345678-1234-1234-1234-123456789110}",
              "processId": "7788",
              "image": "C:\\Windows\\System32\\WindowsPowerShell\\v1.0\\powershell.exe",
              "targetFilename": "C:\\Users\\jsmith\\NTUSER.MAN",
              "creationUtcTime": "2026-02-03 11:00:02.000",
              "user": "CORP\\jsmith"
            }
          }
        },
        "_fomorian_batch": "swarmer-persistence",
        "_fomorian_test": true,
        "_fomorian_attack_id": "T1546.015",
        "_fomorian_technique": "swarmer-ntuser-man-ps"
      }
    }
  ]
}
