{
  "_metadata": {
    "attack_id": "T1140",
    "variation": "001",
    "name": "PowerShell In-Memory Deobfuscation",
    "description": "Attacker decodes and executes payloads in memory",
    "expected_detection": "HIGH",
    "kill_chain_phase": "defense-evasion",
    "format": "wazuh-native",
    "format_version": "1.0"
  },
  "logs": [
    {
      "_comment": "Base64 decode and execute in memory",
      "sequence": 1,
      "timestamp": "2026-02-04T14:30:00.000Z",
      "log": {
        "rule": {
          "level": 14,
          "description": "Sysmon - Event 1: PowerShell Memory Decode and Execute",
          "id": "100916",
          "mitre": {
            "id": [
              "T1140"
            ],
            "tactic": [
              "Defense Evasion"
            ],
            "technique": [
              "Deobfuscate/Decode Files or Information"
            ]
          },
          "firedtimes": 1,
          "mail": false,
          "groups": [
            "sysmon",
            "sysmon_event1",
            "windows"
          ]
        },
        "agent": {
          "id": "020",
          "name": "WS01",
          "ip": "198.51.100.20"
        },
        "manager": {
          "name": "wazuh.manager"
        },
        "id": "1700000001.140001",
        "decoder": {
          "name": "windows_eventchannel"
        },
        "location": "EventChannel",
        "data": {
          "win": {
            "system": {
              "eventID": "1",
              "channel": "Microsoft-Windows-Sysmon/Operational",
              "providerName": "Microsoft-Windows-Sysmon",
              "computer": "WS01.corp.local"
            },
            "eventdata": {
              "image": "C:\\Windows\\System32\\WindowsPowerShell\\v1.0\\powershell.exe",
              "commandLine": "powershell.exe -c \"$d=[System.Convert]::FromBase64String('R2V0LVByb2Nlc3M=');$s=[System.Text.Encoding]::UTF8.GetString($d);IEX $s\"",
              "user": "CORP\\attacker",
              "parentImage": "C:\\Windows\\System32\\cmd.exe"
            }
          }
        },
        "_fomorian_test": true,
        "_fomorian_attack_id": "T1140",
        "_fomorian_batch": "campaign8-powerstrike"
      }
    },
    {
      "_comment": "MemoryStream decode pattern",
      "sequence": 2,
      "timestamp": "2026-02-04T14:30:05.000Z",
      "log": {
        "rule": {
          "level": 14,
          "description": "Sysmon - Event 1: PowerShell MemoryStream Decode",
          "id": "100916",
          "mitre": {
            "id": [
              "T1140"
            ],
            "tactic": [
              "Defense Evasion"
            ],
            "technique": [
              "Deobfuscate/Decode Files or Information"
            ]
          },
          "firedtimes": 1,
          "mail": false,
          "groups": [
            "sysmon",
            "sysmon_event1",
            "windows"
          ]
        },
        "agent": {
          "id": "020",
          "name": "WS01",
          "ip": "198.51.100.20"
        },
        "manager": {
          "name": "wazuh.manager"
        },
        "id": "1700000001.140002",
        "decoder": {
          "name": "windows_eventchannel"
        },
        "location": "EventChannel",
        "data": {
          "win": {
            "system": {
              "eventID": "1",
              "channel": "Microsoft-Windows-Sysmon/Operational",
              "providerName": "Microsoft-Windows-Sysmon",
              "computer": "WS01.corp.local"
            },
            "eventdata": {
              "image": "C:\\Windows\\System32\\WindowsPowerShell\\v1.0\\powershell.exe",
              "commandLine": "powershell.exe -c \"$ms=New-Object IO.MemoryStream(,[Convert]::FromBase64String('H4sIAAAAAAA'));$d=New-Object IO.Compression.GzipStream($ms,[IO.Compression.CompressionMode]::Decompress);IEX(New-Object IO.StreamReader($d)).ReadToEnd()\"",
              "user": "CORP\\attacker",
              "parentImage": "C:\\Windows\\System32\\cmd.exe"
            }
          }
        },
        "_fomorian_test": true,
        "_fomorian_attack_id": "T1140",
        "_fomorian_batch": "campaign8-powerstrike"
      }
    },
    {
      "_comment": "Reflection.Assembly load from Base64",
      "sequence": 3,
      "timestamp": "2026-02-04T14:30:10.000Z",
      "log": {
        "rule": {
          "level": 15,
          "description": "Sysmon - Event 1: PowerShell Assembly Load from Base64",
          "id": "100916",
          "mitre": {
            "id": [
              "T1140"
            ],
            "tactic": [
              "Defense Evasion"
            ],
            "technique": [
              "Deobfuscate/Decode Files or Information"
            ]
          },
          "firedtimes": 1,
          "mail": false,
          "groups": [
            "sysmon",
            "sysmon_event1",
            "windows"
          ]
        },
        "agent": {
          "id": "020",
          "name": "WS01",
          "ip": "198.51.100.20"
        },
        "manager": {
          "name": "wazuh.manager"
        },
        "id": "1700000001.140003",
        "decoder": {
          "name": "windows_eventchannel"
        },
        "location": "EventChannel",
        "data": {
          "win": {
            "system": {
              "eventID": "1",
              "channel": "Microsoft-Windows-Sysmon/Operational",
              "providerName": "Microsoft-Windows-Sysmon",
              "computer": "WS01.corp.local"
            },
            "eventdata": {
              "image": "C:\\Windows\\System32\\WindowsPowerShell\\v1.0\\powershell.exe",
              "commandLine": "powershell.exe -c \"[Reflection.Assembly]::Load([Convert]::FromBase64String('TVqQAAM...'))\"",
              "user": "CORP\\attacker",
              "parentImage": "C:\\Windows\\System32\\cmd.exe"
            }
          }
        },
        "_fomorian_test": true,
        "_fomorian_attack_id": "T1140",
        "_fomorian_batch": "campaign8-powerstrike"
      }
    }
  ]
}
