{
  "_metadata": {
    "attack_id": "T1020",
    "variation": "002",
    "name": "Automated Exfiltration - PowerShell Script Loop",
    "description": "Automated script that periodically exfiltrates data to C2",
    "expected_detection": "HIGH",
    "kill_chain_phase": "exfiltration",
    "format": "wazuh-native",
    "format_version": "1.0"
  },
  "logs": [
    {
      "_comment": "Sysmon Event 1 - PowerShell automated exfil script",
      "sequence": 1,
      "timestamp": "2026-02-10T18:28:00.000Z",
      "log": {
        "timestamp": "2026-02-10T18:28:00.000+0000",
        "rule": {
          "level": 12,
          "description": "Sysmon - Event 1: Automated Exfiltration Script",
          "id": "100603",
          "mitre": {
            "id": [
              "T1020"
            ],
            "tactic": [
              "Exfiltration"
            ],
            "technique": [
              "Automated Exfiltration"
            ]
          },
          "firedtimes": 1,
          "mail": true,
          "groups": [
            "sysmon",
            "sysmon_event1",
            "windows"
          ]
        },
        "agent": {
          "id": "020",
          "name": "WS01",
          "ip": "198.51.100.20"
        },
        "manager": {
          "name": "wazuh.manager"
        },
        "id": "1707589680.000001",
        "decoder": {
          "name": "windows_eventchannel"
        },
        "location": "EventChannel",
        "data": {
          "win": {
            "system": {
              "eventID": "1",
              "channel": "Microsoft-Windows-Sysmon/Operational",
              "providerName": "Microsoft-Windows-Sysmon",
              "computer": "WS01.corp.local",
              "level": "4",
              "task": "1",
              "severityValue": "INFORMATION"
            },
            "eventdata": {
              "utcTime": "2026-02-10 18:28:00.000",
              "processGuid": "{8df8f34e-2810-65c7-004C-000000000400}",
              "processId": "10112",
              "image": "C:\\Windows\\System32\\WindowsPowerShell\\v1.0\\powershell.exe",
              "commandLine": "powershell.exe -File C:\\scripts\\auto-exfil.ps1",
              "currentDirectory": "C:\\scripts\\",
              "user": "CORP\\admin2",
              "integrityLevel": "Medium",
              "hashes": "SHA256=ABCDEF0123456789ABCDEF0123456789ABCDEF0123456789ABCDEF0123456789",
              "parentProcessGuid": "{8df8f34e-2810-65c7-0000-000000000400}",
              "parentProcessId": "4456",
              "parentImage": "C:\\Windows\\System32\\cmd.exe",
              "parentCommandLine": "cmd.exe"
            }
          }
        },
        "_fomorian_test": true,
        "fomorian_batch": 9,
        "fomorian_campaign": 28,
        "fomorian_technique": "T1020",
        "fomorian_technique_name": "Automated Exfiltration - PowerShell Script Loop"
      }
    },
    {
      "_comment": "Sysmon Event 3 - First HTTP POST iteration",
      "sequence": 2,
      "timestamp": "2026-02-10T18:28:05.000Z",
      "log": {
        "timestamp": "2026-02-10T18:28:05.000+0000",
        "rule": {
          "level": 10,
          "description": "Sysmon - Event 3: Automated Exfiltration Traffic",
          "id": "100604",
          "mitre": {
            "id": [
              "T1020",
              "T1041"
            ],
            "tactic": [
              "Exfiltration"
            ],
            "technique": [
              "Automated Exfiltration",
              "Exfiltration Over C2 Channel"
            ]
          },
          "firedtimes": 1,
          "mail": false,
          "groups": [
            "sysmon",
            "sysmon_event3",
            "windows"
          ]
        },
        "agent": {
          "id": "020",
          "name": "WS01",
          "ip": "198.51.100.20"
        },
        "manager": {
          "name": "wazuh.manager"
        },
        "id": "1707589685.000001",
        "decoder": {
          "name": "windows_eventchannel"
        },
        "location": "EventChannel",
        "data": {
          "win": {
            "system": {
              "eventID": "3",
              "channel": "Microsoft-Windows-Sysmon/Operational",
              "providerName": "Microsoft-Windows-Sysmon",
              "computer": "WS01.corp.local",
              "level": "4",
              "task": "3",
              "severityValue": "INFORMATION"
            },
            "eventdata": {
              "utcTime": "2026-02-10 18:28:05.000",
              "processGuid": "{8df8f34e-2810-65c7-004C-000000000400}",
              "processId": "10112",
              "image": "C:\\Windows\\System32\\WindowsPowerShell\\v1.0\\powershell.exe",
              "user": "CORP\\admin2",
              "protocol": "tcp",
              "initiated": "true",
              "sourceIsIpv6": "false",
              "sourceIp": "198.51.100.20",
              "sourceHostname": "WS01.corp.local",
              "sourcePort": "55789",
              "destinationIsIpv6": "false",
              "destinationIp": "198.51.100.110",
              "destinationHostname": "attacker.local",
              "destinationPort": "8080"
            }
          }
        },
        "_fomorian_test": true,
        "fomorian_batch": 9,
        "fomorian_campaign": 28,
        "fomorian_technique": "T1020",
        "fomorian_technique_name": "Automated Exfiltration - PowerShell Script Loop"
      }
    },
    {
      "_comment": "Sysmon Event 3 - Second HTTP POST iteration (60s later)",
      "sequence": 3,
      "timestamp": "2026-02-10T18:29:05.000Z",
      "log": {
        "timestamp": "2026-02-10T18:29:05.000+0000",
        "rule": {
          "level": 10,
          "description": "Sysmon - Event 3: Automated Exfiltration Traffic",
          "id": "100604",
          "mitre": {
            "id": [
              "T1020",
              "T1041"
            ],
            "tactic": [
              "Exfiltration"
            ],
            "technique": [
              "Automated Exfiltration",
              "Exfiltration Over C2 Channel"
            ]
          },
          "firedtimes": 2,
          "mail": false,
          "groups": [
            "sysmon",
            "sysmon_event3",
            "windows"
          ]
        },
        "agent": {
          "id": "020",
          "name": "WS01",
          "ip": "198.51.100.20"
        },
        "manager": {
          "name": "wazuh.manager"
        },
        "id": "1707589745.000001",
        "decoder": {
          "name": "windows_eventchannel"
        },
        "location": "EventChannel",
        "data": {
          "win": {
            "system": {
              "eventID": "3",
              "channel": "Microsoft-Windows-Sysmon/Operational",
              "providerName": "Microsoft-Windows-Sysmon",
              "computer": "WS01.corp.local",
              "level": "4",
              "task": "3",
              "severityValue": "INFORMATION"
            },
            "eventdata": {
              "utcTime": "2026-02-10 18:29:05.000",
              "processGuid": "{8df8f34e-2810-65c7-004C-000000000400}",
              "processId": "10112",
              "image": "C:\\Windows\\System32\\WindowsPowerShell\\v1.0\\powershell.exe",
              "user": "CORP\\admin2",
              "protocol": "tcp",
              "initiated": "true",
              "sourceIsIpv6": "false",
              "sourceIp": "198.51.100.20",
              "sourceHostname": "WS01.corp.local",
              "sourcePort": "55790",
              "destinationIsIpv6": "false",
              "destinationIp": "198.51.100.110",
              "destinationHostname": "attacker.local",
              "destinationPort": "8080"
            }
          }
        },
        "_fomorian_test": true,
        "fomorian_batch": 9,
        "fomorian_campaign": 28,
        "fomorian_technique": "T1020",
        "fomorian_technique_name": "Automated Exfiltration - PowerShell Script Loop"
      }
    }
  ]
}
