{
  "_metadata": {
    "attack_id": "T1547.014",
    "variation": "001",
    "name": "Boot or Logon Autostart Execution: Active Setup",
    "description": "Using Active Setup registry keys for persistence",
    "expected_detection": "HIGH",
    "kill_chain_phase": "persistence",
    "format": "wazuh-native",
    "format_version": "1.0"
  },
  "logs": [
    {
      "_comment": "Sysmon Event 13 - Active Setup registry key creation",
      "sequence": 1,
      "timestamp": "2026-01-30T10:35:00.000Z",
      "log": {
        "rule": {
          "level": 14,
          "description": "Sysmon - Event 13: Active Setup Persistence",
          "id": "100100",
          "mitre": {
            "id": [
              "T1547.014"
            ],
            "tactic": [
              "Persistence",
              "Privilege Escalation"
            ],
            "technique": [
              "Active Setup"
            ]
          },
          "firedtimes": 1,
          "mail": false,
          "groups": [
            "sysmon",
            "sysmon_event13",
            "windows"
          ]
        },
        "agent": {
          "id": "020",
          "name": "WS01",
          "ip": "198.51.100.20"
        },
        "manager": {
          "name": "wazuh.manager"
        },
        "id": "1700000074.000001",
        "decoder": {
          "name": "windows_eventchannel"
        },
        "location": "EventChannel",
        "data": {
          "win": {
            "system": {
              "eventID": "13",
              "channel": "Microsoft-Windows-Sysmon/Operational",
              "providerName": "Microsoft-Windows-Sysmon",
              "computer": "WS01.corp.local",
              "level": "4",
              "task": "13",
              "severityValue": "INFORMATION"
            },
            "eventdata": {
              "utcTime": "2026-01-30 10:35:00.000",
              "processGuid": "{ASETUP-001-0001-000000000001}",
              "processId": "13600",
              "image": "C:\\Windows\\System32\\reg.exe",
              "eventType": "SetValue",
              "targetObject": "HKLM\\SOFTWARE\\Microsoft\\Active Setup\\Installed Components\\{MALICIOUS-GUID-1234-5678}\\StubPath",
              "details": "C:\\Windows\\Temp\\backdoor.exe",
              "user": "NT AUTHORITY\\SYSTEM"
            }
          }
        }
      }
    },
    {
      "_comment": "Sysmon Event 1 - PowerShell creating Active Setup entry",
      "sequence": 2,
      "timestamp": "2026-01-30T10:35:05.000Z",
      "log": {
        "rule": {
          "level": 14,
          "description": "Sysmon - Event 1: Active Setup Creation via PowerShell",
          "id": "100100",
          "mitre": {
            "id": [
              "T1547.014"
            ],
            "tactic": [
              "Persistence",
              "Privilege Escalation"
            ],
            "technique": [
              "Active Setup"
            ]
          },
          "firedtimes": 1,
          "mail": false,
          "groups": [
            "sysmon",
            "sysmon_event1",
            "windows"
          ]
        },
        "agent": {
          "id": "020",
          "name": "WS01",
          "ip": "198.51.100.20"
        },
        "manager": {
          "name": "wazuh.manager"
        },
        "id": "1700000074.000002",
        "decoder": {
          "name": "windows_eventchannel"
        },
        "location": "EventChannel",
        "data": {
          "win": {
            "system": {
              "eventID": "1",
              "channel": "Microsoft-Windows-Sysmon/Operational",
              "providerName": "Microsoft-Windows-Sysmon",
              "computer": "WS01.corp.local",
              "level": "4",
              "task": "1",
              "severityValue": "INFORMATION"
            },
            "eventdata": {
              "utcTime": "2026-01-30 10:35:05.000",
              "processGuid": "{ASETUP-001-0001-000000000002}",
              "processId": "13700",
              "image": "C:\\Windows\\System32\\WindowsPowerShell\\v1.0\\powershell.exe",
              "commandLine": "powershell.exe -c \"$guid = [guid]::NewGuid().ToString(); $path = 'HKLM:\\SOFTWARE\\Microsoft\\Active Setup\\Installed Components\\{' + $guid + '}'; New-Item -Path $path -Force; Set-ItemProperty -Path $path -Name 'StubPath' -Value 'cmd.exe /c C:\\Users\\Public\\malware.exe'; Set-ItemProperty -Path $path -Name 'Version' -Value '1,0,0,1'\"",
              "currentDirectory": "C:\\Users\\attacker\\",
              "user": "CORP\\attacker",
              "integrityLevel": "High",
              "hashes": "SHA256=PS_HASH_1234567890ABCDEF1234567890ABCDEF1234567890",
              "parentProcessGuid": "{ASETUP-001-0001-000000000000}",
              "parentProcessId": "13600",
              "parentImage": "C:\\Windows\\System32\\cmd.exe",
              "parentCommandLine": "cmd.exe"
            }
          }
        }
      }
    },
    {
      "_comment": "Sysmon Event 1 - Active Setup payload execution on login",
      "sequence": 3,
      "timestamp": "2026-01-30T10:35:10.000Z",
      "log": {
        "rule": {
          "level": 12,
          "description": "Sysmon - Event 1: Active Setup Payload Execution",
          "id": "100100",
          "mitre": {
            "id": [
              "T1547.014"
            ],
            "tactic": [
              "Persistence",
              "Privilege Escalation"
            ],
            "technique": [
              "Active Setup"
            ]
          },
          "firedtimes": 1,
          "mail": false,
          "groups": [
            "sysmon",
            "sysmon_event1",
            "windows"
          ]
        },
        "agent": {
          "id": "020",
          "name": "WS01",
          "ip": "198.51.100.20"
        },
        "manager": {
          "name": "wazuh.manager"
        },
        "id": "1700000074.000003",
        "decoder": {
          "name": "windows_eventchannel"
        },
        "location": "EventChannel",
        "data": {
          "win": {
            "system": {
              "eventID": "1",
              "channel": "Microsoft-Windows-Sysmon/Operational",
              "providerName": "Microsoft-Windows-Sysmon",
              "computer": "WS01.corp.local",
              "level": "4",
              "task": "1",
              "severityValue": "INFORMATION"
            },
            "eventdata": {
              "utcTime": "2026-01-30 10:35:10.000",
              "processGuid": "{ASETUP-001-0001-000000000003}",
              "processId": "13800",
              "image": "C:\\Users\\Public\\malware.exe",
              "commandLine": "C:\\Users\\Public\\malware.exe",
              "currentDirectory": "C:\\Windows\\System32\\",
              "user": "CORP\\target",
              "integrityLevel": "Medium",
              "hashes": "SHA256=MALWARE_HASH_1234567890ABCDEF1234567890ABCDEF123",
              "parentProcessGuid": "{ASETUP-001-0001-000000000002}",
              "parentProcessId": "1234",
              "parentImage": "C:\\Windows\\System32\\runonce.exe",
              "parentCommandLine": "C:\\Windows\\System32\\runonce.exe /AlternateShellStartup"
            }
          }
        }
      }
    }
  ]
}
