{
  "_metadata": {
    "attack_id": "T1547.004",
    "variation": "001",
    "name": "Winlogon Helper DLL Persistence",
    "description": "Modifying Winlogon registry keys for persistence",
    "expected_detection": "HIGH",
    "kill_chain_phase": "persistence",
    "format": "wazuh-native",
    "format_version": "1.0"
  },
  "logs": [
    {
      "_comment": "Sysmon Event 1 - Modify Userinit",
      "sequence": 1,
      "timestamp": "2026-01-30T00:50:00.000Z",
      "log": {
        "rule": {
          "level": 14,
          "description": "Sysmon - Event 1: Winlogon Userinit Modification",
          "id": "100100",
          "mitre": {
            "id": [
              "T1547.004"
            ],
            "tactic": [
              "Persistence",
              "Privilege Escalation"
            ],
            "technique": [
              "Winlogon Helper DLL"
            ]
          },
          "firedtimes": 1,
          "mail": false,
          "groups": [
            "sysmon",
            "sysmon_event1",
            "windows"
          ]
        },
        "agent": {
          "id": "020",
          "name": "WS01",
          "ip": "198.51.100.20"
        },
        "manager": {
          "name": "wazuh.manager"
        },
        "id": "1700000010.600001",
        "decoder": {
          "name": "windows_eventchannel"
        },
        "location": "EventChannel",
        "data": {
          "win": {
            "system": {
              "eventID": "1",
              "channel": "Microsoft-Windows-Sysmon/Operational",
              "providerName": "Microsoft-Windows-Sysmon",
              "computer": "WS01.corp.local",
              "level": "4",
              "task": "1",
              "opcode": "0",
              "keywords": "0x8000000000000000",
              "severityValue": "INFORMATION"
            },
            "eventdata": {
              "utcTime": "2026-01-30 00:50:00.000",
              "processGuid": "{WLOG-001-0001-000000000001}",
              "processId": "28100",
              "image": "C:\\Windows\\System32\\reg.exe",
              "commandLine": "reg add \"HKLM\\SOFTWARE\\Microsoft\\Windows NT\\CurrentVersion\\Winlogon\" /v Userinit /t REG_SZ /d \"C:\\Windows\\system32\\userinit.exe,C:\\Users\\Public\\malware.exe\" /f",
              "currentDirectory": "C:\\Windows\\System32\\",
              "user": "CORP\\admin",
              "integrityLevel": "High",
              "hashes": "SHA256=92F44E405DB16AC55D97E3BFE3B132FA98F54E97E28F0C3F3A058D1F46B787D8",
              "parentProcessGuid": "{WLOG-001-0001-000000000000}",
              "parentProcessId": "28000",
              "parentImage": "C:\\Windows\\System32\\cmd.exe",
              "parentCommandLine": "cmd.exe"
            }
          }
        }
      }
    },
    {
      "_comment": "Sysmon Event 13 - Registry value modified",
      "sequence": 2,
      "timestamp": "2026-01-30T00:50:01.000Z",
      "log": {
        "rule": {
          "level": 14,
          "description": "Sysmon - Event 13: Winlogon Registry Modified",
          "id": "100100",
          "mitre": {
            "id": [
              "T1547.004"
            ],
            "tactic": [
              "Persistence"
            ],
            "technique": [
              "Winlogon Helper DLL"
            ]
          },
          "firedtimes": 1,
          "mail": false,
          "groups": [
            "sysmon",
            "sysmon_event13",
            "windows"
          ]
        },
        "agent": {
          "id": "020",
          "name": "WS01",
          "ip": "198.51.100.20"
        },
        "manager": {
          "name": "wazuh.manager"
        },
        "id": "1700000010.600002",
        "decoder": {
          "name": "windows_eventchannel"
        },
        "location": "EventChannel",
        "data": {
          "win": {
            "system": {
              "eventID": "13",
              "channel": "Microsoft-Windows-Sysmon/Operational",
              "providerName": "Microsoft-Windows-Sysmon",
              "computer": "WS01.corp.local",
              "level": "4",
              "task": "13",
              "opcode": "0",
              "keywords": "0x8000000000000000",
              "severityValue": "INFORMATION"
            },
            "eventdata": {
              "utcTime": "2026-01-30 00:50:01.000",
              "eventType": "SetValue",
              "processGuid": "{WLOG-001-0001-000000000001}",
              "processId": "28100",
              "image": "C:\\Windows\\System32\\reg.exe",
              "targetObject": "HKLM\\SOFTWARE\\Microsoft\\Windows NT\\CurrentVersion\\Winlogon\\Userinit",
              "details": "C:\\Windows\\system32\\userinit.exe,C:\\Users\\Public\\malware.exe",
              "user": "CORP\\admin"
            }
          }
        }
      }
    },
    {
      "_comment": "Sysmon Event 1 - Modify Shell",
      "sequence": 3,
      "timestamp": "2026-01-30T00:50:10.000Z",
      "log": {
        "rule": {
          "level": 14,
          "description": "Sysmon - Event 1: Winlogon Shell Modification",
          "id": "100100",
          "mitre": {
            "id": [
              "T1547.004"
            ],
            "tactic": [
              "Persistence"
            ],
            "technique": [
              "Winlogon Helper DLL"
            ]
          },
          "firedtimes": 1,
          "mail": false,
          "groups": [
            "sysmon",
            "sysmon_event1",
            "windows"
          ]
        },
        "agent": {
          "id": "020",
          "name": "WS01",
          "ip": "198.51.100.20"
        },
        "manager": {
          "name": "wazuh.manager"
        },
        "id": "1700000010.600003",
        "decoder": {
          "name": "windows_eventchannel"
        },
        "location": "EventChannel",
        "data": {
          "win": {
            "system": {
              "eventID": "1",
              "channel": "Microsoft-Windows-Sysmon/Operational",
              "providerName": "Microsoft-Windows-Sysmon",
              "computer": "WS01.corp.local",
              "level": "4",
              "task": "1",
              "opcode": "0",
              "keywords": "0x8000000000000000",
              "severityValue": "INFORMATION"
            },
            "eventdata": {
              "utcTime": "2026-01-30 00:50:10.000",
              "processGuid": "{WLOG-001-0001-000000000002}",
              "processId": "28200",
              "image": "C:\\Windows\\System32\\reg.exe",
              "commandLine": "reg add \"HKLM\\SOFTWARE\\Microsoft\\Windows NT\\CurrentVersion\\Winlogon\" /v Shell /t REG_SZ /d \"explorer.exe,C:\\Users\\Public\\backdoor.exe\" /f",
              "currentDirectory": "C:\\Windows\\System32\\",
              "user": "CORP\\admin",
              "integrityLevel": "High",
              "hashes": "SHA256=92F44E405DB16AC55D97E3BFE3B132FA98F54E97E28F0C3F3A058D1F46B787D8",
              "parentProcessGuid": "{WLOG-001-0001-000000000000}",
              "parentProcessId": "28000",
              "parentImage": "C:\\Windows\\System32\\cmd.exe",
              "parentCommandLine": "cmd.exe"
            }
          }
        }
      }
    }
  ]
}
